#
# There is insufficient memory for the Java Runtime Environment to continue.
# Native memory allocation (malloc) failed to allocate 2832 bytes for AllocateHeap
# Possible reasons:
#   The system is out of physical RAM or swap space
#   The process is running with CompressedOops enabled, and the Java Heap may be blocking the growth of the native heap
# Possible solutions:
#   Reduce memory load on the system
#   Increase physical memory or swap space
#   Check if swap backing store is full
#   Decrease Java heap size (-Xmx/-Xms)
#   Decrease number of Java threads
#   Decrease Java thread stack sizes (-Xss)
#   Set larger code cache with -XX:ReservedCodeCacheSize=
#   JVM is running with Unscaled Compressed Oops mode in which the Java heap is
#     placed in the first 4GB address space. The Java Heap base address is the
#     maximum limit for the native heap growth. Please use -XX:HeapBaseMinAddress
#     to set the Java Heap base and to place the Java Heap above 4GB virtual address.
# This output file may be truncated or incomplete.
#
#  Out of Memory Error (memory/allocation.inline.hpp:61), pid=14248, tid=0x0000000000003d0c
#
# JRE version: Java(TM) SE Runtime Environment (8.0_271-b09) (build 1.8.0_271-b09)
# Java VM: Java HotSpot(TM) 64-Bit Server VM (25.271-b09 mixed mode windows-amd64 compressed oops)
# Failed to write core dump. Minidumps are not enabled by default on client versions of Windows
#

---------------  T H R E A D  ---------------

Current thread (0x0000013523c7e000):  JavaThread "AWT-EventQueue-0" [_thread_in_Java, id=15628, stack(0x0000000818f00000,0x0000000819000000)]

Stack: [0x0000000818f00000,0x0000000819000000]
Native frames: (J=compiled Java code, j=interpreted, Vv=VM code, C=native code)
V  [jvm.dll+0x33f6c9]

Java frames: (J=compiled Java code, j=interpreted, Vv=VM code)
v  blob 0x000001350ca957c2
J 1095 C2 java.util.HashMap$KeySet.iterator()Ljava/util/Iterator; (12 bytes) @ 0x000001350ce22834 [0x000001350ce225e0+0x254]
j  javax.swing.RepaintManager.clearImages(II)V+74
j  javax.swing.RepaintManager.clearImages()V+3
j  javax.swing.RepaintManager.displayChanged()V+1
j  javax.swing.RepaintManager.access$1100(Ljavax/swing/RepaintManager;)V+1
j  javax.swing.RepaintManager$DisplayChangedRunnable.run()V+7
J 1872 C1 java.awt.event.InvocationEvent.dispatch()V (69 bytes) @ 0x000001350d06c4d4 [0x000001350d06c2c0+0x214]
J 1952 C1 java.awt.EventQueue.dispatchEventImpl(Ljava/awt/AWTEvent;Ljava/lang/Object;)V (149 bytes) @ 0x000001350d0a5c44 [0x000001350d0a4180+0x1ac4]
J 1897 C1 java.awt.EventQueue$3.run()Ljava/lang/Void; (60 bytes) @ 0x000001350d077a8c [0x000001350d077880+0x20c]
J 1896 C1 java.awt.EventQueue$3.run()Ljava/lang/Object; (5 bytes) @ 0x000001350d074a0c [0x000001350d074980+0x8c]
v  ~StubRoutines::call_stub
J 290  java.security.AccessController.doPrivileged(Ljava/security/PrivilegedAction;Ljava/security/AccessControlContext;)Ljava/lang/Object; (0 bytes) @ 0x000001350cbf2fa6 [0x000001350cbf2f40+0x66]
J 1842 C1 java.awt.EventQueue.dispatchEvent(Ljava/awt/AWTEvent;)V (80 bytes) @ 0x000001350d04ff84 [0x000001350d04f600+0x984]
J 1845 C1 java.awt.EventDispatchThread.pumpOneEventForFilters(I)V (190 bytes) @ 0x000001350d04dc0c [0x000001350d04cac0+0x114c]
j  java.awt.EventDispatchThread.pumpEventsForFilter(ILjava/awt/Conditional;Ljava/awt/EventFilter;)V+35
j  java.awt.EventDispatchThread.pumpEventsForHierarchy(ILjava/awt/Conditional;Ljava/awt/Component;)V+11
j  java.awt.EventDispatchThread.pumpEvents(ILjava/awt/Conditional;)V+4
j  java.awt.EventDispatchThread.pumpEvents(Ljava/awt/Conditional;)V+3
j  java.awt.EventDispatchThread.run()V+9
v  ~StubRoutines::call_stub

---------------  P R O C E S S  ---------------

Java Threads: ( => current thread )
  0x000001352512c000 JavaThread "TimerQueue" daemon [_thread_blocked, id=16768, stack(0x0000000819300000,0x0000000819400000)]
  0x000001350b174000 JavaThread "DestroyJavaVM" [_thread_blocked, id=9656, stack(0x0000000817500000,0x0000000817600000)]
=>0x0000013523c7e000 JavaThread "AWT-EventQueue-0" [_thread_in_Java, id=15628, stack(0x0000000818f00000,0x0000000819000000)]
  0x0000013524cad000 JavaThread "AWT-Shutdown" [_thread_blocked, id=15812, stack(0x0000000818a00000,0x0000000818b00000)]
  0x00000135235de800 JavaThread "mysql-cj-abandoned-connection-cleanup" daemon [_thread_blocked, id=5008, stack(0x0000000818d00000,0x0000000818e00000)]
  0x00000135233b4000 JavaThread "AWT-Windows" daemon [_thread_in_native, id=5192, stack(0x0000000818b00000,0x0000000818c00000)]
  0x00000135233ab000 JavaThread "Java2D Disposer" daemon [_thread_blocked, id=13976, stack(0x0000000818900000,0x0000000818a00000)]
  0x0000013522fe0800 JavaThread "Service Thread" daemon [_thread_blocked, id=23476, stack(0x0000000818700000,0x0000000818800000)]
  0x0000013521c2f800 JavaThread "C1 CompilerThread3" daemon [_thread_blocked, id=19532, stack(0x0000000818600000,0x0000000818700000)]
  0x0000013521c25800 JavaThread "C2 CompilerThread2" daemon [_thread_blocked, id=8348, stack(0x0000000818500000,0x0000000818600000)]
  0x0000013521c19000 JavaThread "C2 CompilerThread1" daemon [_thread_blocked, id=21940, stack(0x0000000818400000,0x0000000818500000)]
  0x0000013521c16800 JavaThread "C2 CompilerThread0" daemon [_thread_blocked, id=12200, stack(0x0000000818300000,0x0000000818400000)]
  0x0000013521c15000 JavaThread "Attach Listener" daemon [_thread_blocked, id=23256, stack(0x0000000818200000,0x0000000818300000)]
  0x0000013521c14800 JavaThread "Signal Dispatcher" daemon [_thread_blocked, id=13432, stack(0x0000000818100000,0x0000000818200000)]
  0x0000013521bf0000 JavaThread "Finalizer" daemon [_thread_blocked, id=7384, stack(0x0000000818000000,0x0000000818100000)]
  0x0000013520fe8800 JavaThread "Reference Handler" daemon [_thread_blocked, id=8764, stack(0x0000000817f00000,0x0000000818000000)]

Other Threads:
  0x0000013521bc3000 VMThread [stack: 0x0000000817e00000,0x0000000817f00000] [id=12580]
  0x0000013521c9c800 WatcherThread [stack: 0x0000000818800000,0x0000000818900000] [id=25416]

VM state:not at safepoint (normal execution)

VM Mutex/Monitor currently owned by a thread: None

heap address: 0x0000000083400000, size: 1996 MB, Compressed Oops mode: 32-bit
Narrow klass base: 0x0000000000000000, Narrow klass shift: 3
Compressed class space size: 1073741824 Address: 0x0000000100000000

Heap:
 PSYoungGen      total 37888K, used 10660K [0x00000000d6700000, 0x00000000d9100000, 0x0000000100000000)
  eden space 32768K, 16% used [0x00000000d6700000,0x00000000d6c6b3c0,0x00000000d8700000)
  from space 5120K, 99% used [0x00000000d8700000,0x00000000d8bfde38,0x00000000d8c00000)
  to   space 5120K, 0% used [0x00000000d8c00000,0x00000000d8c00000,0x00000000d9100000)
 ParOldGen       total 86016K, used 55632K [0x0000000083400000, 0x0000000088800000, 0x00000000d6700000)
  object space 86016K, 64% used [0x0000000083400000,0x0000000086a54248,0x0000000088800000)
 Metaspace       used 20361K, capacity 20652K, committed 21120K, reserved 1067008K
  class space    used 2504K, capacity 2574K, committed 2688K, reserved 1048576K

Card table byte_map: [0x000001351be10000,0x000001351c200000] byte_map_base: 0x000001351b9f6000

Marking Bits: (ParMarkBitMap*) 0x0000000055bd7fe0
 Begin Bits: [0x000001351c4a0000, 0x000001351e3d0000)
 End Bits:   [0x000001351e3d0000, 0x0000013520300000)

Polling page: 0x000001350b0e0000

CodeCache: size=245760Kb used=8157Kb max_used=8162Kb free=237602Kb
 bounds [0x000001350ca50000, 0x000001350d250000, 0x000001351ba50000]
 total_blobs=2986 nmethods=2404 adapters=492
 compilation: enabled

Compilation events (10 events):
Event: 810.763 Thread 0x0000013521c2f800 2409       3       java.beans.PropertyChangeSupport::firePropertyChange (35 bytes)
Event: 810.764 Thread 0x0000013521c2f800 nmethod 2409 0x000001350d24ae10 code [0x000001350d24afc0, 0x000001350d24b670]
Event: 814.987 Thread 0x0000013521c2f800 2410       3       sun.reflect.ConstructorAccessorImpl::<init> (5 bytes)
Event: 814.987 Thread 0x0000013521c2f800 nmethod 2410 0x000001350d24a990 code [0x000001350d24ab00, 0x000001350d24ad18]
Event: 814.987 Thread 0x0000013521c2f800 2411       3       java.lang.reflect.Modifier::isPublic (12 bytes)
Event: 814.987 Thread 0x0000013521c2f800 nmethod 2411 0x000001350d24d350 code [0x000001350d24d4a0, 0x000001350d24d638]
Event: 814.988 Thread 0x0000013521c2f800 2413       3       java.lang.StringBuilder::append (8 bytes)
Event: 814.988 Thread 0x0000013521c2f800 nmethod 2413 0x000001350d24d6d0 code [0x000001350d24d840, 0x000001350d24d9d0]
Event: 815.623 Thread 0x0000013521c16800 2414  s    4       sun.java2d.loops.GraphicsPrimitive::makeUniqueID (26 bytes)
Event: 815.624 Thread 0x0000013521c16800 


GC Heap History (6 events):
Event: 0.285 GC heap before
{Heap before GC invocations=1 (full 0):
 PSYoungGen      total 37888K, used 32768K [0x00000000d6700000, 0x00000000d9100000, 0x0000000100000000)
  eden space 32768K, 100% used [0x00000000d6700000,0x00000000d8700000,0x00000000d8700000)
  from space 5120K, 0% used [0x00000000d8c00000,0x00000000d8c00000,0x00000000d9100000)
  to   space 5120K, 0% used [0x00000000d8700000,0x00000000d8700000,0x00000000d8c00000)
 ParOldGen       total 86016K, used 40727K [0x0000000083400000, 0x0000000088800000, 0x00000000d6700000)
  object space 86016K, 47% used [0x0000000083400000,0x0000000085bc5f10,0x0000000088800000)
 Metaspace       used 7239K, capacity 7482K, committed 7680K, reserved 1056768K
  class space    used 847K, capacity 935K, committed 1024K, reserved 1048576K
Event: 0.286 GC heap after
Heap after GC invocations=1 (full 0):
 PSYoungGen      total 37888K, used 1264K [0x00000000d6700000, 0x00000000d9100000, 0x0000000100000000)
  eden space 32768K, 0% used [0x00000000d6700000,0x00000000d6700000,0x00000000d8700000)
  from space 5120K, 24% used [0x00000000d8700000,0x00000000d883c010,0x00000000d8c00000)
  to   space 5120K, 0% used [0x00000000d8c00000,0x00000000d8c00000,0x00000000d9100000)
 ParOldGen       total 86016K, used 40735K [0x0000000083400000, 0x0000000088800000, 0x00000000d6700000)
  object space 86016K, 47% used [0x0000000083400000,0x0000000085bc7f10,0x0000000088800000)
 Metaspace       used 7239K, capacity 7482K, committed 7680K, reserved 1056768K
  class space    used 847K, capacity 935K, committed 1024K, reserved 1048576K
}
Event: 1.150 GC heap before
{Heap before GC invocations=2 (full 0):
 PSYoungGen      total 37888K, used 34032K [0x00000000d6700000, 0x00000000d9100000, 0x0000000100000000)
  eden space 32768K, 100% used [0x00000000d6700000,0x00000000d8700000,0x00000000d8700000)
  from space 5120K, 24% used [0x00000000d8700000,0x00000000d883c010,0x00000000d8c00000)
  to   space 5120K, 0% used [0x00000000d8c00000,0x00000000d8c00000,0x00000000d9100000)
 ParOldGen       total 86016K, used 40735K [0x0000000083400000, 0x0000000088800000, 0x00000000d6700000)
  object space 86016K, 47% used [0x0000000083400000,0x0000000085bc7f10,0x0000000088800000)
 Metaspace       used 11229K, capacity 11436K, committed 11648K, reserved 1058816K
  class space    used 1252K, capacity 1331K, committed 1408K, reserved 1048576K
Event: 1.155 GC heap after
Heap after GC invocations=2 (full 0):
 PSYoungGen      total 37888K, used 5110K [0x00000000d6700000, 0x00000000d9100000, 0x0000000100000000)
  eden space 32768K, 0% used [0x00000000d6700000,0x00000000d6700000,0x00000000d8700000)
  from space 5120K, 99% used [0x00000000d8c00000,0x00000000d90fdb00,0x00000000d9100000)
  to   space 5120K, 0% used [0x00000000d8700000,0x00000000d8700000,0x00000000d8c00000)
 ParOldGen       total 86016K, used 44497K [0x0000000083400000, 0x0000000088800000, 0x00000000d6700000)
  object space 86016K, 51% used [0x0000000083400000,0x0000000085f744a0,0x0000000088800000)
 Metaspace       used 11229K, capacity 11436K, committed 11648K, reserved 1058816K
  class space    used 1252K, capacity 1331K, committed 1408K, reserved 1048576K
}
Event: 11.295 GC heap before
{Heap before GC invocations=3 (full 0):
 PSYoungGen      total 37888K, used 37878K [0x00000000d6700000, 0x00000000d9100000, 0x0000000100000000)
  eden space 32768K, 100% used [0x00000000d6700000,0x00000000d8700000,0x00000000d8700000)
  from space 5120K, 99% used [0x00000000d8c00000,0x00000000d90fdb00,0x00000000d9100000)
  to   space 5120K, 0% used [0x00000000d8700000,0x00000000d8700000,0x00000000d8c00000)
 ParOldGen       total 86016K, used 44497K [0x0000000083400000, 0x0000000088800000, 0x00000000d6700000)
  object space 86016K, 51% used [0x0000000083400000,0x0000000085f744a0,0x0000000088800000)
 Metaspace       used 19827K, capacity 20140K, committed 20480K, reserved 1067008K
  class space    used 2446K, capacity 2532K, committed 2560K, reserved 1048576K
Event: 11.302 GC heap after
Heap after GC invocations=3 (full 0):
 PSYoungGen      total 37888K, used 5111K [0x00000000d6700000, 0x00000000d9100000, 0x0000000100000000)
  eden space 32768K, 0% used [0x00000000d6700000,0x00000000d6700000,0x00000000d8700000)
  from space 5120K, 99% used [0x00000000d8700000,0x00000000d8bfde38,0x00000000d8c00000)
  to   space 5120K, 0% used [0x00000000d8c00000,0x00000000d8c00000,0x00000000d9100000)
 ParOldGen       total 86016K, used 55632K [0x0000000083400000, 0x0000000088800000, 0x00000000d6700000)
  object space 86016K, 64% used [0x0000000083400000,0x0000000086a54248,0x0000000088800000)
 Metaspace       used 19827K, capacity 20140K, committed 20480K, reserved 1067008K
  class space    used 2446K, capacity 2532K, committed 2560K, reserved 1048576K
}

Deoptimization events (10 events):
Event: 12.790 Thread 0x0000013523c7e000 Uncommon trap: reason=unstable_if action=reinterpret pc=0x000001350cc73470 method=java.lang.CharacterDataLatin1.digit(II)I @ 60
Event: 17.388 Thread 0x0000013523c7e000 Uncommon trap: reason=class_check action=maybe_recompile pc=0x000001350cef25cc method=java.util.HashMap.putVal(ILjava/lang/Object;Ljava/lang/Object;ZZ)Ljava/lang/Object; @ 253
Event: 17.390 Thread 0x0000013523c7e000 Uncommon trap: reason=speculate_class_check action=maybe_recompile pc=0x000001350cff98e8 method=java.nio.charset.CharsetDecoder.reset()Ljava/nio/charset/CharsetDecoder; @ 1
Event: 17.390 Thread 0x0000013523c7e000 Uncommon trap: reason=unstable_if action=reinterpret pc=0x000001350d02c6f0 method=sun.nio.cs.UnicodeDecoder.decode(II)C @ 5
Event: 17.390 Thread 0x0000013523c7e000 Uncommon trap: reason=unstable_if action=reinterpret pc=0x000001350d006328 method=sun.nio.cs.UnicodeDecoder.decode(II)C @ 5
Event: 17.390 Thread 0x0000013523c7e000 Uncommon trap: reason=speculate_class_check action=maybe_recompile pc=0x000001350cff98e8 method=java.nio.charset.CharsetDecoder.reset()Ljava/nio/charset/CharsetDecoder; @ 1
Event: 17.390 Thread 0x0000013523c7e000 Uncommon trap: reason=speculate_class_check action=maybe_recompile pc=0x000001350cff98e8 method=java.nio.charset.CharsetDecoder.reset()Ljava/nio/charset/CharsetDecoder; @ 1
Event: 17.397 Thread 0x0000013523726000 Uncommon trap: reason=unstable_if action=reinterpret pc=0x000001350cc5bca4 method=sun.awt.image.PNGImageDecoder.filterRow([B[BIII)V @ 221
Event: 17.407 Thread 0x0000013523c7e000 Uncommon trap: reason=predicate action=maybe_recompile pc=0x000001350d1f1484 method=java.lang.String.regionMatches(ZILjava/lang/String;II)Z @ 63
Event: 815.683 Thread 0x0000013523c7e000 Uncommon trap: reason=unstable_if action=reinterpret pc=0x000001350ce22834 method=java.util.HashMap$HashIterator.<init>(Ljava/util/HashMap;)V @ 45

Classes redefined (0 events):
No events

Internal exceptions (10 events):
Event: 0.067 Thread 0x000001350b174000 Exception <a 'java/security/PrivilegedActionException'> (0x00000000d686fd00) thrown at [C:\jenkins\workspace\8-2-build-windows-amd64-cygwin\jdk8u271\605\hotspot\src\share\vm\prims\jvm.cpp, line 1512]
Event: 0.067 Thread 0x000001350b174000 Exception <a 'java/security/PrivilegedActionException'> (0x00000000d686ff10) thrown at [C:\jenkins\workspace\8-2-build-windows-amd64-cygwin\jdk8u271\605\hotspot\src\share\vm\prims\jvm.cpp, line 1512]
Event: 0.067 Thread 0x000001350b174000 Exception <a 'java/security/PrivilegedActionException'> (0x00000000d6873e20) thrown at [C:\jenkins\workspace\8-2-build-windows-amd64-cygwin\jdk8u271\605\hotspot\src\share\vm\prims\jvm.cpp, line 1512]
Event: 0.067 Thread 0x000001350b174000 Exception <a 'java/security/PrivilegedActionException'> (0x00000000d6874030) thrown at [C:\jenkins\workspace\8-2-build-windows-amd64-cygwin\jdk8u271\605\hotspot\src\share\vm\prims\jvm.cpp, line 1512]
Event: 0.069 Thread 0x000001350b174000 Exception <a 'java/io/FileNotFoundException'> (0x00000000d6875f80) thrown at [C:\jenkins\workspace\8-2-build-windows-amd64-cygwin\jdk8u271\605\hotspot\src\share\vm\prims\jni.cpp, line 710]
Event: 0.090 Thread 0x000001350b174000 Exception <a 'java/lang/NoSuchFieldError': method resolution failed> (0x00000000d6947a38) thrown at [C:\jenkins\workspace\8-2-build-windows-amd64-cygwin\jdk8u271\605\hotspot\src\share\vm\prims\methodHandles.cpp, line 1169]
Event: 0.091 Thread 0x000001350b174000 Exception <a 'java/lang/NoSuchFieldError': method resolution failed> (0x00000000d6954e08) thrown at [C:\jenkins\workspace\8-2-build-windows-amd64-cygwin\jdk8u271\605\hotspot\src\share\vm\prims\methodHandles.cpp, line 1169]
Event: 0.114 Thread 0x000001350b174000 Exception <a 'java/io/FileNotFoundException'> (0x00000000d69ef828) thrown at [C:\jenkins\workspace\8-2-build-windows-amd64-cygwin\jdk8u271\605\hotspot\src\share\vm\prims\jni.cpp, line 710]
Event: 0.668 Thread 0x0000013523568000 Implicit null exception at 0x000001350cc16500 to 0x000001350cc16aa1
Event: 17.397 Thread 0x0000013523726000 Implicit null exception at 0x000001350cc5b7e4 to 0x000001350cc5bc91

Events (10 events):
Event: 245.754 Thread 0x0000013521c16800 flushing nmethod 0x000001350cb5e750
Event: 245.754 Thread 0x0000013521c16800 flushing nmethod 0x000001350cb7bf90
Event: 814.987 loading class java/util/WeakHashMap$KeyIterator
Event: 814.987 loading class java/util/WeakHashMap$HashIterator
Event: 814.987 loading class java/util/WeakHashMap$HashIterator done
Event: 814.987 loading class java/util/WeakHashMap$KeyIterator done
Event: 814.988 loading class javax/swing/RepaintManager$DisplayChangedRunnable
Event: 814.988 loading class javax/swing/RepaintManager$DisplayChangedRunnable done
Event: 815.683 Thread 0x0000013523c7e000 Uncommon trap: trap_request=0xffffff65 fr.pc=0x000001350ce22834
Event: 815.683 Thread 0x0000013523c7e000 DEOPT PACKING pc=0x000001350ce22834 sp=0x0000000818ffe370


Dynamic libraries:
0x00007ff7b0c90000 - 0x00007ff7b0cd7000 	C:\Program Files\Java\jdk1.8.0_271\bin\java.exe
0x00007ff935a40000 - 0x00007ff935c30000 	C:\Windows\SYSTEM32\ntdll.dll
0x00007ff9346e0000 - 0x00007ff934792000 	C:\Windows\System32\KERNEL32.DLL
0x00007ff933760000 - 0x00007ff933a05000 	C:\Windows\System32\KERNELBASE.dll
0x00007ff934630000 - 0x00007ff9346d3000 	C:\Windows\System32\ADVAPI32.dll
0x00007ff934490000 - 0x00007ff93452e000 	C:\Windows\System32\msvcrt.dll
0x00007ff933f40000 - 0x00007ff933fd7000 	C:\Windows\System32\sechost.dll
0x00007ff935620000 - 0x00007ff935740000 	C:\Windows\System32\RPCRT4.dll
0x00007ff935370000 - 0x00007ff935504000 	C:\Windows\System32\USER32.dll
0x00007ff932c60000 - 0x00007ff932c81000 	C:\Windows\System32\win32u.dll
0x00007ff933af0000 - 0x00007ff933b16000 	C:\Windows\System32\GDI32.dll
0x00007ff932ce0000 - 0x00007ff932e76000 	C:\Windows\System32\gdi32full.dll
0x00007ff9336c0000 - 0x00007ff93375e000 	C:\Windows\System32\msvcp_win.dll
0x00007ff932b00000 - 0x00007ff932bfa000 	C:\Windows\System32\ucrtbase.dll
0x00007ff91e6b0000 - 0x00007ff91e934000 	C:\Windows\WinSxS\amd64_microsoft.windows.common-controls_6595b64144ccf1df_6.0.18362.1256_none_9e7e379be45e40e2\COMCTL32.dll
0x00007ff933bf0000 - 0x00007ff933f26000 	C:\Windows\System32\combase.dll
0x00007ff932ea0000 - 0x00007ff932f21000 	C:\Windows\System32\bcryptPrimitives.dll
0x00007ff933b40000 - 0x00007ff933b6e000 	C:\Windows\System32\IMM32.DLL
0x00007ff922ef0000 - 0x00007ff922f05000 	C:\Program Files\Java\jdk1.8.0_271\jre\bin\vcruntime140.dll
0x00007ff8fb1d0000 - 0x00007ff8fb26b000 	C:\Program Files\Java\jdk1.8.0_271\jre\bin\msvcp140.dll
0x00000000553e0000 - 0x0000000055c4f000 	C:\Program Files\Java\jdk1.8.0_271\jre\bin\server\jvm.dll
0x00007ff9343b0000 - 0x00007ff9343b8000 	C:\Windows\System32\PSAPI.DLL
0x00007ff9285b0000 - 0x00007ff9285ba000 	C:\Windows\SYSTEM32\VERSION.dll
0x00007ff92b5a0000 - 0x00007ff92b5c4000 	C:\Windows\SYSTEM32\WINMM.dll
0x00007ff9231e0000 - 0x00007ff9231e9000 	C:\Windows\SYSTEM32\WSOCK32.dll
0x00007ff935300000 - 0x00007ff93536f000 	C:\Windows\System32\WS2_32.dll
0x00007ff92b570000 - 0x00007ff92b59d000 	C:\Windows\SYSTEM32\winmmbase.dll
0x00007ff932c90000 - 0x00007ff932cda000 	C:\Windows\System32\cfgmgr32.dll
0x00007ff9328f0000 - 0x00007ff932901000 	C:\Windows\System32\kernel.appcore.dll
0x00007ff922ee0000 - 0x00007ff922ef0000 	C:\Program Files\Java\jdk1.8.0_271\jre\bin\verify.dll
0x00007ff922820000 - 0x00007ff92284b000 	C:\Program Files\Java\jdk1.8.0_271\jre\bin\java.dll
0x00007ff922ac0000 - 0x00007ff922ad8000 	C:\Program Files\Java\jdk1.8.0_271\jre\bin\zip.dll
0x00007ff934c10000 - 0x00007ff9352f7000 	C:\Windows\System32\SHELL32.dll
0x00007ff935570000 - 0x00007ff935619000 	C:\Windows\System32\shcore.dll
0x00007ff932f30000 - 0x00007ff9336b1000 	C:\Windows\System32\windows.storage.dll
0x00007ff932980000 - 0x00007ff9329a3000 	C:\Windows\System32\profapi.dll
0x00007ff932910000 - 0x00007ff93295a000 	C:\Windows\System32\powrprof.dll
0x00007ff9328e0000 - 0x00007ff9328f0000 	C:\Windows\System32\UMPDC.dll
0x00007ff935510000 - 0x00007ff935562000 	C:\Windows\System32\shlwapi.dll
0x00007ff932e80000 - 0x00007ff932e97000 	C:\Windows\System32\cryptsp.dll
0x00007ff8f1680000 - 0x00007ff8f1814000 	C:\Program Files\Java\jdk1.8.0_271\jre\bin\awt.dll
0x00007ff9343c0000 - 0x00007ff934485000 	C:\Windows\System32\OLEAUT32.dll
0x00007ff92d550000 - 0x00007ff92d5df000 	C:\Windows\SYSTEM32\apphelp.dll
0x00007ff930bc0000 - 0x00007ff930bed000 	C:\Windows\system32\DWMAPI.DLL
0x00007ff92d710000 - 0x00007ff92d7a9000 	C:\Windows\system32\uxtheme.dll
0x00007ff90abc0000 - 0x00007ff90ad16000 	C:\Windows\system32\opengl32.dll
0x00007ff91ed00000 - 0x00007ff91ed2c000 	C:\Windows\SYSTEM32\GLU32.dll
0x00007ff931520000 - 0x00007ff931540000 	C:\Windows\SYSTEM32\dxcore.dll
0x00007ff934110000 - 0x00007ff934245000 	C:\Windows\System32\MSCTF.dll
0x00007ff8f2cb0000 - 0x00007ff8f2dab000 	C:\ProgramData\A-Volute\A-Volute.SonicStudio3\Modules\ScheduledModules\x64\A-Volute.SonicStudio3DevProps2.dll
0x00007ff934250000 - 0x00007ff9343a7000 	C:\Windows\System32\ole32.dll
0x00007ff913540000 - 0x00007ff913572000 	C:\Program Files\Java\jdk1.8.0_271\jre\bin\jpeg.dll
0x00007ff922280000 - 0x00007ff92229c000 	C:\Program Files\Java\jdk1.8.0_271\jre\bin\net.dll
0x00007ff932130000 - 0x00007ff932197000 	C:\Windows\system32\mswsock.dll
0x00007ff931e80000 - 0x00007ff931f4b000 	C:\Windows\SYSTEM32\DNSAPI.dll
0x00007ff933f30000 - 0x00007ff933f38000 	C:\Windows\System32\NSI.dll
0x00007ff931e40000 - 0x00007ff931e7a000 	C:\Windows\SYSTEM32\IPHLPAPI.DLL
0x00007ff9289c0000 - 0x00007ff9289ca000 	C:\Windows\System32\rasadhlp.dll
0x00007ff9282f0000 - 0x00007ff928367000 	C:\Windows\System32\fwpuclnt.dll
0x00007ff933ac0000 - 0x00007ff933ae6000 	C:\Windows\System32\bcrypt.dll
0x00007ff931ca0000 - 0x00007ff931cd3000 	C:\Windows\system32\rsaenh.dll
0x00007ff932800000 - 0x00007ff932825000 	C:\Windows\SYSTEM32\USERENV.dll
0x00007ff932300000 - 0x00007ff93230c000 	C:\Windows\SYSTEM32\CRYPTBASE.dll
0x00007ff928570000 - 0x00007ff928586000 	C:\Windows\SYSTEM32\dhcpcsvc6.DLL
0x00007ff927fd0000 - 0x00007ff927fec000 	C:\Windows\SYSTEM32\dhcpcsvc.DLL
0x00007ff922110000 - 0x00007ff922123000 	C:\Program Files\Java\jdk1.8.0_271\jre\bin\nio.dll
0x00007ff9220e0000 - 0x00007ff922104000 	C:\Program Files\Java\jdk1.8.0_271\jre\bin\sunec.dll
0x00007ff922240000 - 0x00007ff92224d000 	C:\Program Files\Java\jdk1.8.0_271\jre\bin\sunmscapi.dll
0x00007ff9329b0000 - 0x00007ff932af9000 	C:\Windows\System32\CRYPT32.dll
0x00007ff932960000 - 0x00007ff932972000 	C:\Windows\System32\MSASN1.dll
0x00007ff932400000 - 0x00007ff932426000 	C:\Windows\SYSTEM32\ncrypt.dll
0x00007ff9323c0000 - 0x00007ff9323fb000 	C:\Windows\SYSTEM32\NTASN1.dll
0x00007ff92c0d0000 - 0x00007ff92c0e6000 	C:\Windows\system32\napinsp.dll
0x00007ff8f6040000 - 0x00007ff8f605a000 	C:\Windows\system32\pnrpnsp.dll
0x00007ff900c20000 - 0x00007ff900c2e000 	C:\Windows\System32\winrnr.dll
0x00007ff92be40000 - 0x00007ff92be5c000 	C:\Windows\system32\NLAapi.dll
0x00007ff92b550000 - 0x00007ff92b565000 	C:\Windows\system32\wshbth.dll
0x00007ff91efd0000 - 0x00007ff91f019000 	C:\Program Files\Java\jdk1.8.0_271\jre\bin\fontmanager.dll
0x00007ff91a860000 - 0x00007ff91a8a3000 	C:\Program Files\Java\jdk1.8.0_271\jre\bin\t2k.dll
0x00007ff935740000 - 0x00007ff9357e2000 	C:\Windows\System32\clbcatq.dll
0x00007ff929f70000 - 0x00007ff92a11f000 	C:\Windows\SYSTEM32\WindowsCodecs.dll
0x00007ff91a9b0000 - 0x00007ff91a9ea000 	C:\Windows\system32\dataexchange.dll
0x00007ff92cde0000 - 0x00007ff92cfbd000 	C:\Windows\system32\dcomp.dll
0x00007ff92c720000 - 0x00007ff92c97b000 	C:\Windows\system32\d3d11.dll
0x00007ff9315b0000 - 0x00007ff93169b000 	C:\Windows\system32\dxgi.dll
0x00007ff930930000 - 0x00007ff930b92000 	C:\Windows\system32\twinapi.appcore.dll
0x00007ff930e50000 - 0x00007ff930e79000 	C:\Windows\system32\RMCLIENT.dll
0x00007ff922e40000 - 0x00007ff922ede000 	C:\Windows\System32\TextInputFramework.dll
0x00007ff92d330000 - 0x00007ff92d404000 	C:\Windows\System32\CoreMessaging.dll
0x00007ff92a120000 - 0x00007ff92a44a000 	C:\Windows\System32\CoreUIComponents.dll
0x00007ff931a30000 - 0x00007ff931a61000 	C:\Windows\SYSTEM32\ntmarta.dll
0x00007ff92af40000 - 0x00007ff92b093000 	C:\Windows\SYSTEM32\wintypes.dll
0x00007ff921730000 - 0x00007ff9219d7000 	C:\Windows\System32\iertutil.dll

VM Arguments:
jvm_args: -Dfile.encoding=UTF-8 
java_command: liabrarymanagementsystem.AddAuthors
java_class_path (initial): C:\Users\ASUS\OneDrive\Documents\NetBeansProjects\LiabraryManagementSystem\src\jar\sqljdbc4.jar;C:\Users\ASUS\OneDrive\Documents\NetBeansProjects\LiabraryManagementSystem\src\jar\jcalendar-tz-1.3.3-4.jar;C:\Users\ASUS\OneDrive\Documents\NetBeansProjects\LiabraryManagementSystem\src\jar\rs2xml.jar;C:\Users\ASUS\OneDrive\Documents\NetBeansProjects\LiabraryManagementSystem\src\jar\mysql-connector-java-5.1.49-bin.jar;C:\Users\ASUS\OneDrive\Documents\NetBeansProjects\LiabraryManagementSystem\src\jar\mysql-connector-java-5.1.49.jar;C:\Users\ASUS\OneDrive\Documents\NetBeansProjects\LiabraryManagementSystem\build\classes
Launcher Type: SUN_STANDARD

Environment Variables:
PATH=C:\Program Files (x86)\Common Files\Oracle\Java\javapath;C:\Windows\system32;C:\Windows;C:\Windows\System32\Wbem;C:\Windows\System32\WindowsPowerShell\v1.0\;C:\Windows\System32\OpenSSH\;C:\Program Files (x86)\NVIDIA Corporation\PhysX\Common;C:\Program Files\NVIDIA Corporation\NVIDIA NvDLISR;C:\Program Files (x86)\Microsoft SQL Server\100\Tools\Binn\VSShell\Common7\IDE\;C:\Program Files (x86)\Microsoft SQL Server\100\Tools\Binn\;C:\Program Files\Microsoft SQL Server\100\Tools\Binn\;C:\Program Files (x86)\Microsoft SQL Server\100\DTS\Binn\;C:\Program Files\Microsoft SQL Server\100\DTS\Binn\;%PIXIEHOME%\bin;C:\Users\ASUS\AppData\Local\Microsoft\WindowsApps;
USERNAME=ASUS
OS=Windows_NT
PROCESSOR_IDENTIFIER=Intel64 Family 6 Model 165 Stepping 2, GenuineIntel



---------------  S Y S T E M  ---------------

OS: Windows 10.0 , 64 bit Build 18362 (10.0.18362.1110)

CPU:total 8 (initial active 8) (4 cores per cpu, 2 threads per core) family 6 model 165 stepping 2, cmov, cx8, fxsr, mmx, sse, sse2, sse3, ssse3, sse4.1, sse4.2, popcnt, avx, avx2, aes, clmul, erms, 3dnowpref, lzcnt, ht, tsc, tscinvbit, bmi1, bmi2, adx

Memory: 4k page, physical 8170680k(549868k free), swap 27951584k(0k free)

vm_info: Java HotSpot(TM) 64-Bit Server VM (25.271-b09) for windows-amd64 JRE (1.8.0_271-b09), built on Sep 16 2020 19:14:59 by "" with MS VC++ 15.9 (VS2017)

time: Tue Dec 29 20:15:44 2020
timezone: Bangladesh Standard Time
elapsed time: 815.694124 seconds (0d 0h 13m 35s)

