#
# There is insufficient memory for the Java Runtime Environment to continue.
# Native memory allocation (malloc) failed to allocate 1629456 bytes for Chunk::new
# Possible reasons:
#   The system is out of physical RAM or swap space
#   The process is running with CompressedOops enabled, and the Java Heap may be blocking the growth of the native heap
# Possible solutions:
#   Reduce memory load on the system
#   Increase physical memory or swap space
#   Check if swap backing store is full
#   Decrease Java heap size (-Xmx/-Xms)
#   Decrease number of Java threads
#   Decrease Java thread stack sizes (-Xss)
#   Set larger code cache with -XX:ReservedCodeCacheSize=
#   JVM is running with Unscaled Compressed Oops mode in which the Java heap is
#     placed in the first 4GB address space. The Java Heap base address is the
#     maximum limit for the native heap growth. Please use -XX:HeapBaseMinAddress
#     to set the Java Heap base and to place the Java Heap above 4GB virtual address.
# This output file may be truncated or incomplete.
#
#  Out of Memory Error (allocation.cpp:389), pid=1496, tid=0x000000000000323c
#
# JRE version: Java(TM) SE Runtime Environment (8.0_271-b09) (build 1.8.0_271-b09)
# Java VM: Java HotSpot(TM) 64-Bit Server VM (25.271-b09 mixed mode windows-amd64 compressed oops)
# Failed to write core dump. Minidumps are not enabled by default on client versions of Windows
#

---------------  T H R E A D  ---------------

Current thread (0x00000143189db000):  JavaThread "C2 CompilerThread1" daemon [_thread_in_native, id=12860, stack(0x0000001635500000,0x0000001635600000)]

Stack: [0x0000001635500000,0x0000001635600000]
Native frames: (J=compiled Java code, j=interpreted, Vv=VM code, C=native code)
V  [jvm.dll+0x33f6c9]
V  [jvm.dll+0x286122]
V  [jvm.dll+0x286dcd]
V  [jvm.dll+0x27d805]
V  [jvm.dll+0xe574c]
V  [jvm.dll+0xe5f4c]
V  [jvm.dll+0x480043]
V  [jvm.dll+0x447de8]
V  [jvm.dll+0x450c25]
V  [jvm.dll+0x44ffe5]
V  [jvm.dll+0x43aef7]
V  [jvm.dll+0xbc3eb]
V  [jvm.dll+0xbaa4b]
V  [jvm.dll+0x24e7c2]
V  [jvm.dll+0x2a2dcc]
C  [ucrtbase.dll+0x210b2]
C  [KERNEL32.DLL+0x17c24]
C  [ntdll.dll+0x6d4d1]


Current CompileTask:
C2:    792  638       4       sun.font.TrueTypeFont::initAllNames (177 bytes)


---------------  P R O C E S S  ---------------

Java Threads: ( => current thread )
  0x0000014301db3800 JavaThread "DestroyJavaVM" [_thread_blocked, id=21260, stack(0x0000001634600000,0x0000001634700000)]
  0x000001431afe7800 JavaThread "AWT-EventQueue-0" [_thread_blocked, id=10532, stack(0x0000001635e00000,0x0000001635f00000)]
  0x000001431afe1000 JavaThread "Image Fetcher 0" daemon [_thread_blocked, id=25748, stack(0x0000001635d00000,0x0000001635e00000)]
  0x000001431a145800 JavaThread "AWT-Windows" daemon [_thread_in_native, id=23756, stack(0x0000001635c00000,0x0000001635d00000)]
  0x000001431a0f6000 JavaThread "AWT-Shutdown" [_thread_blocked, id=9988, stack(0x0000001635b00000,0x0000001635c00000)]
  0x000001431a0f2800 JavaThread "Java2D Disposer" daemon [_thread_blocked, id=15856, stack(0x0000001635a00000,0x0000001635b00000)]
  0x0000014319da0800 JavaThread "Service Thread" daemon [_thread_blocked, id=15236, stack(0x0000001635800000,0x0000001635900000)]
  0x00000143189ed000 JavaThread "C1 CompilerThread3" daemon [_thread_blocked, id=22932, stack(0x0000001635700000,0x0000001635800000)]
  0x00000143189e6000 JavaThread "C2 CompilerThread2" daemon [_thread_blocked, id=4092, stack(0x0000001635600000,0x0000001635700000)]
=>0x00000143189db000 JavaThread "C2 CompilerThread1" daemon [_thread_in_native, id=12860, stack(0x0000001635500000,0x0000001635600000)]
  0x00000143189d8800 JavaThread "C2 CompilerThread0" daemon [_thread_blocked, id=22652, stack(0x0000001635400000,0x0000001635500000)]
  0x00000143189d2000 JavaThread "Attach Listener" daemon [_thread_blocked, id=7188, stack(0x0000001635300000,0x0000001635400000)]
  0x00000143189d1000 JavaThread "Signal Dispatcher" daemon [_thread_blocked, id=21416, stack(0x0000001635200000,0x0000001635300000)]
  0x0000014317dba800 JavaThread "Finalizer" daemon [_thread_blocked, id=3340, stack(0x0000001635100000,0x0000001635200000)]
  0x00000143189aa000 JavaThread "Reference Handler" daemon [_thread_blocked, id=9640, stack(0x0000001635000000,0x0000001635100000)]

Other Threads:
  0x0000014318984000 VMThread [stack: 0x0000001634f00000,0x0000001635000000] [id=15848]
  0x0000014318a5b800 WatcherThread [stack: 0x0000001635900000,0x0000001635a00000] [id=22340]

VM state:not at safepoint (normal execution)

VM Mutex/Monitor currently owned by a thread: None

heap address: 0x0000000083400000, size: 1996 MB, Compressed Oops mode: 32-bit
Narrow klass base: 0x0000000000000000, Narrow klass shift: 3
Compressed class space size: 1073741824 Address: 0x0000000100000000

Heap:
 PSYoungGen      total 37888K, used 20744K [0x00000000d6700000, 0x00000000d9100000, 0x0000000100000000)
  eden space 32768K, 63% used [0x00000000d6700000,0x00000000d7b42240,0x00000000d8700000)
  from space 5120K, 0% used [0x00000000d8c00000,0x00000000d8c00000,0x00000000d9100000)
  to   space 5120K, 0% used [0x00000000d8700000,0x00000000d8700000,0x00000000d8c00000)
 ParOldGen       total 86016K, used 0K [0x0000000083400000, 0x0000000088800000, 0x00000000d6700000)
  object space 86016K, 0% used [0x0000000083400000,0x0000000083400000,0x0000000088800000)
 Metaspace       used 9110K, capacity 9286K, committed 9472K, reserved 1056768K
  class space    used 1068K, capacity 1161K, committed 1280K, reserved 1048576K

Card table byte_map: [0x0000014312be0000,0x0000014312fd0000] byte_map_base: 0x00000143127c6000

Marking Bits: (ParMarkBitMap*) 0x0000000077c07fe0
 Begin Bits: [0x0000014313270000, 0x00000143151a0000)
 End Bits:   [0x00000143151a0000, 0x00000143170d0000)

Polling page: 0x0000014301f20000

CodeCache: size=245760Kb used=2677Kb max_used=2702Kb free=243082Kb
 bounds [0x0000014303820000, 0x0000014303ad0000, 0x0000014312820000]
 total_blobs=1085 nmethods=642 adapters=356
 compilation: enabled

Compilation events (10 events):
Event: 0.509 Thread 0x00000143189ed000 nmethod 639 0x0000014303ab5b90 code [0x0000014303ab5ce0, 0x0000014303ab5df8]
Event: 0.511 Thread 0x00000143189e6000  640       4       java.nio.ByteBufferAsCharBufferB::get (16 bytes)
Event: 0.512 Thread 0x00000143189ed000  641       3       java.nio.Buffer::clear (20 bytes)
Event: 0.512 Thread 0x00000143189ed000 nmethod 641 0x0000014303aab210 code [0x0000014303aab360, 0x0000014303aab4d8]
Event: 0.513 Thread 0x00000143189e6000 nmethod 640 0x0000014303ab1a90 code [0x0000014303ab1be0, 0x0000014303ab1d38]
Event: 0.514 Thread 0x00000143189ed000  642       1       java.awt.AWTEvent::getID (5 bytes)
Event: 0.514 Thread 0x00000143189ed000 nmethod 642 0x0000014303ab17d0 code [0x0000014303ab1920, 0x0000014303ab1a38]
Event: 0.516 Thread 0x00000143189ed000  643       3       sun.util.locale.LocaleUtils::isUpper (18 bytes)
Event: 0.516 Thread 0x00000143189ed000 nmethod 643 0x0000014303ab3c90 code [0x0000014303ab3de0, 0x0000014303ab3fb8]
Event: 0.539 Thread 0x00000143189d8800 nmethod 628 0x0000014303abe9d0 code [0x0000014303abed00, 0x0000014303ac2348]

GC Heap History (0 events):
No events

Deoptimization events (7 events):
Event: 0.252 Thread 0x0000014301db3800 Uncommon trap: reason=null_check action=make_not_entrant pc=0x000001430398f324 method=java.lang.String.equals(Ljava/lang/Object;)Z @ 8
Event: 0.383 Thread 0x000001431afe7800 Uncommon trap: reason=class_check action=maybe_recompile pc=0x00000143039aaea0 method=java.lang.String.equals(Ljava/lang/Object;)Z @ 8
Event: 0.383 Thread 0x000001431afe7800 Uncommon trap: reason=class_check action=maybe_recompile pc=0x00000143039aaea0 method=java.lang.String.equals(Ljava/lang/Object;)Z @ 8
Event: 0.383 Thread 0x000001431afe7800 Uncommon trap: reason=class_check action=maybe_recompile pc=0x00000143039aaea0 method=java.lang.String.equals(Ljava/lang/Object;)Z @ 8
Event: 0.383 Thread 0x000001431afe7800 Uncommon trap: reason=class_check action=maybe_recompile pc=0x00000143039aaea0 method=java.lang.String.equals(Ljava/lang/Object;)Z @ 8
Event: 0.461 Thread 0x000001431afe7800 Uncommon trap: reason=unstable_if action=reinterpret pc=0x00000143039e3040 method=java.lang.CharacterData.of(I)Ljava/lang/CharacterData; @ 4
Event: 0.468 Thread 0x000001431afe7800 Uncommon trap: reason=unstable_if action=reinterpret pc=0x0000014303a94e70 method=java.lang.Character.isSurrogate(C)Z @ 3

Classes redefined (0 events):
No events

Internal exceptions (10 events):
Event: 0.147 Thread 0x0000014301db3800 Exception <a 'java/security/PrivilegedActionException'> (0x00000000d6782200) thrown at [C:\jenkins\workspace\8-2-build-windows-amd64-cygwin\jdk8u271\605\hotspot\src\share\vm\prims\jvm.cpp, line 1512]
Event: 0.147 Thread 0x0000014301db3800 Exception <a 'java/security/PrivilegedActionException'> (0x00000000d6786110) thrown at [C:\jenkins\workspace\8-2-build-windows-amd64-cygwin\jdk8u271\605\hotspot\src\share\vm\prims\jvm.cpp, line 1512]
Event: 0.147 Thread 0x0000014301db3800 Exception <a 'java/security/PrivilegedActionException'> (0x00000000d6786320) thrown at [C:\jenkins\workspace\8-2-build-windows-amd64-cygwin\jdk8u271\605\hotspot\src\share\vm\prims\jvm.cpp, line 1512]
Event: 0.150 Thread 0x0000014301db3800 Exception <a 'java/io/FileNotFoundException'> (0x00000000d6788748) thrown at [C:\jenkins\workspace\8-2-build-windows-amd64-cygwin\jdk8u271\605\hotspot\src\share\vm\prims\jni.cpp, line 710]
Event: 0.175 Thread 0x0000014301db3800 Exception <a 'java/lang/NoSuchFieldError': method resolution failed> (0x00000000d68fdd30) thrown at [C:\jenkins\workspace\8-2-build-windows-amd64-cygwin\jdk8u271\605\hotspot\src\share\vm\prims\methodHandles.cpp, line 1169]
Event: 0.177 Thread 0x0000014301db3800 Exception <a 'java/lang/NoSuchFieldError': method resolution failed> (0x00000000d690b100) thrown at [C:\jenkins\workspace\8-2-build-windows-amd64-cygwin\jdk8u271\605\hotspot\src\share\vm\prims\methodHandles.cpp, line 1169]
Event: 0.206 Thread 0x0000014301db3800 Exception <a 'java/io/FileNotFoundException'> (0x00000000d69a4fa0) thrown at [C:\jenkins\workspace\8-2-build-windows-amd64-cygwin\jdk8u271\605\hotspot\src\share\vm\prims\jni.cpp, line 710]
Event: 0.252 Thread 0x0000014301db3800 Implicit null exception at 0x000001430398f15b to 0x000001430398f315
Event: 0.271 Thread 0x000001431afe1000 Exception <a 'sun/awt/image/ImageFormatException': Insufficient memory (case 4)> (0x00000000d6b93128) thrown at [C:\jenkins\workspace\8-2-build-windows-amd64-cygwin\jdk8u271\605\hotspot\src\share\vm\prims\jni.cpp, line 737]
Event: 0.272 Thread 0x000001431afe1000 Exception <a 'sun/awt/image/ImageFormatException': Insufficient memory (case 4)> (0x00000000d6b9ba38) thrown at [C:\jenkins\workspace\8-2-build-windows-amd64-cygwin\jdk8u271\605\hotspot\src\share\vm\prims\jni.cpp, line 737]

Events (10 events):
Event: 0.524 loading class javax/swing/Scrollable done
Event: 0.524 loading class javax/swing/text/JTextComponent done
Event: 0.525 loading class java/awt/event/MouseWheelEvent
Event: 0.525 loading class java/awt/event/MouseWheelEvent done
Event: 0.525 loading class java/awt/AWTEvent$2
Event: 0.525 loading class java/awt/AWTEvent$2 done
Event: 0.525 loading class sun/reflect/UnsafeBooleanFieldAccessorImpl
Event: 0.525 loading class sun/reflect/UnsafeBooleanFieldAccessorImpl done
Event: 0.525 loading class java/util/concurrent/locks/LockSupport
Event: 0.526 loading class java/util/concurrent/locks/LockSupport done


Dynamic libraries:
0x00007ff7b2c10000 - 0x00007ff7b2c57000 	C:\Program Files\Java\jdk1.8.0_271\bin\java.exe
0x00007fff09900000 - 0x00007fff09af0000 	C:\Windows\SYSTEM32\ntdll.dll
0x00007fff09800000 - 0x00007fff098b2000 	C:\Windows\System32\KERNEL32.DLL
0x00007fff07700000 - 0x00007fff079a5000 	C:\Windows\System32\KERNELBASE.dll
0x00007fff07a20000 - 0x00007fff07ac3000 	C:\Windows\System32\ADVAPI32.dll
0x00007fff090b0000 - 0x00007fff0914e000 	C:\Windows\System32\msvcrt.dll
0x00007fff091b0000 - 0x00007fff09247000 	C:\Windows\System32\sechost.dll
0x00007fff08520000 - 0x00007fff08640000 	C:\Windows\System32\RPCRT4.dll
0x00007fff089f0000 - 0x00007fff08b84000 	C:\Windows\System32\USER32.dll
0x00007fff07300000 - 0x00007fff07321000 	C:\Windows\System32\win32u.dll
0x00007fff07d20000 - 0x00007fff07d46000 	C:\Windows\System32\GDI32.dll
0x00007fff07560000 - 0x00007fff076f6000 	C:\Windows\System32\gdi32full.dll
0x00007fff07330000 - 0x00007fff073ce000 	C:\Windows\System32\msvcp_win.dll
0x00007fff073d0000 - 0x00007fff074ca000 	C:\Windows\System32\ucrtbase.dll
0x00007ffef06c0000 - 0x00007ffef0944000 	C:\Windows\WinSxS\amd64_microsoft.windows.common-controls_6595b64144ccf1df_6.0.18362.1256_none_9e7e379be45e40e2\COMCTL32.dll
0x00007fff08b90000 - 0x00007fff08ec6000 	C:\Windows\System32\combase.dll
0x00007fff074d0000 - 0x00007fff07551000 	C:\Windows\System32\bcryptPrimitives.dll
0x00007fff089c0000 - 0x00007fff089ee000 	C:\Windows\System32\IMM32.DLL
0x00007ffefd980000 - 0x00007ffefd995000 	C:\Program Files\Java\jdk1.8.0_271\jre\bin\vcruntime140.dll
0x00007ffec85a0000 - 0x00007ffec863b000 	C:\Program Files\Java\jdk1.8.0_271\jre\bin\msvcp140.dll
0x0000000077410000 - 0x0000000077c7f000 	C:\Program Files\Java\jdk1.8.0_271\jre\bin\server\jvm.dll
0x00007fff07b30000 - 0x00007fff07b38000 	C:\Windows\System32\PSAPI.DLL
0x00007ffefe8c0000 - 0x00007ffefe8e4000 	C:\Windows\SYSTEM32\WINMM.dll
0x00007ffefd8a0000 - 0x00007ffefd8a9000 	C:\Windows\SYSTEM32\WSOCK32.dll
0x00007ffefbe70000 - 0x00007ffefbe7a000 	C:\Windows\SYSTEM32\VERSION.dll
0x00007fff08870000 - 0x00007fff088df000 	C:\Windows\System32\WS2_32.dll
0x00007ffefe890000 - 0x00007ffefe8bd000 	C:\Windows\SYSTEM32\winmmbase.dll
0x00007fff06a70000 - 0x00007fff06aba000 	C:\Windows\System32\cfgmgr32.dll
0x00007fff06850000 - 0x00007fff06861000 	C:\Windows\System32\kernel.appcore.dll
0x00007ffefbab0000 - 0x00007ffefbac0000 	C:\Program Files\Java\jdk1.8.0_271\jre\bin\verify.dll
0x00007ffefab50000 - 0x00007ffefab7b000 	C:\Program Files\Java\jdk1.8.0_271\jre\bin\java.dll
0x00007ffefb4b0000 - 0x00007ffefb4c8000 	C:\Program Files\Java\jdk1.8.0_271\jre\bin\zip.dll
0x00007fff07e20000 - 0x00007fff08507000 	C:\Windows\System32\SHELL32.dll
0x00007fff07c70000 - 0x00007fff07d19000 	C:\Windows\System32\shcore.dll
0x00007fff06b70000 - 0x00007fff072f1000 	C:\Windows\System32\windows.storage.dll
0x00007fff067d0000 - 0x00007fff067f3000 	C:\Windows\System32\profapi.dll
0x00007fff06800000 - 0x00007fff0684a000 	C:\Windows\System32\powrprof.dll
0x00007fff067a0000 - 0x00007fff067b0000 	C:\Windows\System32\UMPDC.dll
0x00007fff07b40000 - 0x00007fff07b92000 	C:\Windows\System32\shlwapi.dll
0x00007fff068a0000 - 0x00007fff068b7000 	C:\Windows\System32\cryptsp.dll
0x00007ffec6e60000 - 0x00007ffec6ff4000 	C:\Program Files\Java\jdk1.8.0_271\jre\bin\awt.dll
0x00007fff07d50000 - 0x00007fff07e15000 	C:\Windows\System32\OLEAUT32.dll
0x00007fff01400000 - 0x00007fff0148f000 	C:\Windows\SYSTEM32\apphelp.dll
0x00007fff04b50000 - 0x00007fff04b7d000 	C:\Windows\system32\DWMAPI.DLL
0x00007fff014f0000 - 0x00007fff01589000 	C:\Windows\system32\uxtheme.dll
0x00007ffee6d80000 - 0x00007ffee6ed6000 	C:\Windows\system32\opengl32.dll
0x00007ffef76c0000 - 0x00007ffef76ec000 	C:\Windows\SYSTEM32\GLU32.dll
0x00007fff053e0000 - 0x00007fff05400000 	C:\Windows\SYSTEM32\dxcore.dll
0x00007fff09250000 - 0x00007fff09385000 	C:\Windows\System32\MSCTF.dll
0x00007ffec8d10000 - 0x00007ffec8e0b000 	C:\ProgramData\A-Volute\A-Volute.SonicStudio3\Modules\ScheduledModules\x64\A-Volute.SonicStudio3DevProps2.dll
0x00007fff08f50000 - 0x00007fff090a7000 	C:\Windows\System32\ole32.dll
0x00007ffee6690000 - 0x00007ffee66c2000 	C:\Program Files\Java\jdk1.8.0_271\jre\bin\jpeg.dll
0x00007ffeee960000 - 0x00007ffeee9a9000 	C:\Program Files\Java\jdk1.8.0_271\jre\bin\fontmanager.dll
0x00007ffefbb30000 - 0x00007ffefbbce000 	C:\Windows\System32\TextInputFramework.dll
0x00007ffefdac0000 - 0x00007ffefddea000 	C:\Windows\System32\CoreUIComponents.dll
0x00007fff011f0000 - 0x00007fff012c4000 	C:\Windows\System32\CoreMessaging.dll
0x00007ffefee00000 - 0x00007ffefef53000 	C:\Windows\SYSTEM32\wintypes.dll
0x00007fff057e0000 - 0x00007fff05811000 	C:\Windows\SYSTEM32\ntmarta.dll
0x00007ffefb030000 - 0x00007ffefb04c000 	C:\Program Files\Java\jdk1.8.0_271\jre\bin\net.dll
0x00007fff05ff0000 - 0x00007fff06057000 	C:\Windows\system32\mswsock.dll
0x00007ffefab30000 - 0x00007ffefab43000 	C:\Program Files\Java\jdk1.8.0_271\jre\bin\nio.dll
0x00007ffeebef0000 - 0x00007ffeebf33000 	C:\Program Files\Java\jdk1.8.0_271\jre\bin\t2k.dll
0x00007ffef9f20000 - 0x00007ffefa1c7000 	C:\Windows\System32\iertutil.dll
0x00007fff050a0000 - 0x00007fff05294000 	C:\Windows\SYSTEM32\dbghelp.dll

VM Arguments:
jvm_args: -Dfile.encoding=UTF-8 
java_command: liabrarymanagementsystem.Home
java_class_path (initial): C:\Users\ASUS\OneDrive\Documents\NetBeansProjects\LiabraryManagementSystem\build\classes
Launcher Type: SUN_STANDARD

Environment Variables:
PATH=C:\Program Files (x86)\Common Files\Oracle\Java\javapath;C:\Windows\system32;C:\Windows;C:\Windows\System32\Wbem;C:\Windows\System32\WindowsPowerShell\v1.0\;C:\Windows\System32\OpenSSH\;C:\Program Files (x86)\NVIDIA Corporation\PhysX\Common;C:\Program Files\NVIDIA Corporation\NVIDIA NvDLISR;C:\Program Files (x86)\Microsoft SQL Server\100\Tools\Binn\VSShell\Common7\IDE\;C:\Program Files (x86)\Microsoft SQL Server\100\Tools\Binn\;C:\Program Files\Microsoft SQL Server\100\Tools\Binn\;C:\Program Files (x86)\Microsoft SQL Server\100\DTS\Binn\;C:\Program Files\Microsoft SQL Server\100\DTS\Binn\;%PIXIEHOME%\bin;C:\Users\ASUS\AppData\Local\Microsoft\WindowsApps;
USERNAME=ASUS
OS=Windows_NT
PROCESSOR_IDENTIFIER=Intel64 Family 6 Model 165 Stepping 2, GenuineIntel



---------------  S Y S T E M  ---------------

OS: Windows 10.0 , 64 bit Build 18362 (10.0.18362.1110)

CPU:total 8 (initial active 8) (4 cores per cpu, 2 threads per core) family 6 model 165 stepping 2, cmov, cx8, fxsr, mmx, sse, sse2, sse3, ssse3, sse4.1, sse4.2, popcnt, avx, avx2, aes, clmul, erms, 3dnowpref, lzcnt, ht, tsc, tscinvbit, bmi1, bmi2, adx

Memory: 4k page, physical 8170680k(661176k free), swap 27951584k(5868k free)

vm_info: Java HotSpot(TM) 64-Bit Server VM (25.271-b09) for windows-amd64 JRE (1.8.0_271-b09), built on Sep 16 2020 19:14:59 by "" with MS VC++ 15.9 (VS2017)

time: Wed Dec 16 16:55:33 2020
timezone: Bangladesh Standard Time
elapsed time: 0.794907 seconds (0d 0h 0m 0s)

