#
# A fatal error has been detected by the Java Runtime Environment:
#
#  EXCEPTION_ACCESS_VIOLATION (0xc0000005) at pc=0x00007ffe7e390f43, pid=17072, tid=0x0000000000004fd0
#
# JRE version: Java(TM) SE Runtime Environment (8.0_271-b09) (build 1.8.0_271-b09)
# Java VM: Java HotSpot(TM) 64-Bit Server VM (25.271-b09 mixed mode windows-amd64 compressed oops)
# Problematic frame:
# C  [awt.dll+0xd0f43]
#
# Failed to write core dump. Minidumps are not enabled by default on client versions of Windows
#
# If you would like to submit a bug report, please visit:
#   
#


 []

siginfo: ExceptionCode=0xc0000005, reading address 0x0000000000000058

Registers:
RAX=0x0000000000000050, RBX=0x000001fb706511e0, RCX=0x0000000000000000, RDX=0x0000000000000000
RSP=0x000000555edfeb60, RBP=0x000000555edfec89, RSI=0x00000000060121aa, RDI=0x0000000000000000
R8 =0x0000000000000001, R9 =0x000000555edfec89, R10=0x0000000000000000, R11=0x0000000000000246
R12=0x0000000000000001, R13=0x0000000000000000, R14=0x000001fb6e43d140, R15=0x0000000000000310
RIP=0x00007ffe7e390f43, EFLAGS=0x0000000000010246

Top of Stack: (sp=0x000000555edfeb60)
0x000000555edfeb60:   00007ffe7e3fe838 00000000060121aa
0x000000555edfeb70:   0000000000010001 0000000000000200
0x000000555edfeb80:   fffffffffffffffe 000001fb6e43d140
0x000000555edfeb90:   000001fb6e43d140 00007ffe7e35183c
0x000000555edfeba0:   00000000060121aa 0000000000000000
0x000000555edfebb0:   000001fb706511e0 00007ffe7e351d14
0x000000555edfebc0:   000001fb6e21b9f8 00007ffe7e3518ae
0x000000555edfebd0:   000001fb6e43d1e0 0000000000000200
0x000000555edfebe0:   0000000000000000 ffffffff00000000
0x000000555edfebf0:   000001fb6e43d140 00007ffe7e34f839
0x000000555edfec00:   000001fb6e43d1e0 000000555edfec89
0x000000555edfec10:   0000000000000310 000001fb6e21b9f8
0x000000555edfec20:   0000000000000000 000000000000007e
0x000000555edfec30:   fffffffffffffffe 00007ffebed4609e
0x000000555edfec40:   0000000000000000 00007ffebf4a4e77
0x000000555edfec50:   0000005500000001 0000000000000000 

Instructions: (pc=0x00007ffe7e390f43)
0x00007ffe7e390f23:   48 8b f1 e8 65 70 f5 ff 48 8b d8 48 89 44 24 50
0x00007ffe7e390f33:   41 b8 01 00 00 00 8b d7 48 8b c8 e8 ad 6f f5 ff
0x00007ffe7e390f43:   48 8b 48 08 33 ff 48 85 c9 74 0b 48 8b d6 e8 a2
0x00007ffe7e390f53:   9d fe ff 48 8b f8 48 8b cb e8 3f 71 f5 ff 90 48 


Register to memory mapping:

RAX=0x0000000000000050 is an unknown value
RBX=0x000001fb706511e0 is an unknown value
RCX=0x0000000000000000 is an unknown value
RDX=0x0000000000000000 is an unknown value
RSP=0x000000555edfeb60 is pointing into the stack for thread: 0x000001fb6e21b800
RBP=0x000000555edfec89 is pointing into the stack for thread: 0x000001fb6e21b800
RSI=0x00000000060121aa is an unknown value
RDI=0x0000000000000000 is an unknown value
R8 =0x0000000000000001 is an unknown value
R9 =0x000000555edfec89 is pointing into the stack for thread: 0x000001fb6e21b800
R10=0x0000000000000000 is an unknown value
R11=0x0000000000000246 is an unknown value
R12=0x0000000000000001 is an unknown value
R13=0x0000000000000000 is an unknown value
R14=0x000001fb6e43d140 is an unknown value
R15=0x0000000000000310 is an unknown value


Stack: [0x000000555ed00000,0x000000555ee00000],  sp=0x000000555edfeb60,  free space=1018k
Native frames: (J=compiled Java code, j=interpreted, Vv=VM code, C=native code)
C  [awt.dll+0xd0f43]

Java frames: (J=compiled Java code, j=interpreted, Vv=VM code)
j  sun.awt.windows.WToolkit.eventLoop()V+0
j  sun.awt.windows.WToolkit.run()V+58
j  java.lang.Thread.run()V+11
v  ~StubRoutines::call_stub

---------------  P R O C E S S  ---------------

Java Threads: ( => current thread )
  0x000001fb6fe77800 JavaThread "mysql-cj-abandoned-connection-cleanup" daemon [_thread_blocked, id=15612, stack(0x000000555f300000,0x000000555f400000)]
  0x000001fb55f14800 JavaThread "DestroyJavaVM" [_thread_blocked, id=3320, stack(0x000000555d700000,0x000000555d800000)]
  0x000001fb6e439800 JavaThread "AWT-EventQueue-0" [_thread_blocked, id=10456, stack(0x000000555ef00000,0x000000555f000000)]
=>0x000001fb6e21b800 JavaThread "AWT-Windows" daemon [_thread_in_native, id=20432, stack(0x000000555ed00000,0x000000555ee00000)]
  0x000001fb6e216000 JavaThread "AWT-Shutdown" [_thread_blocked, id=20796, stack(0x000000555ec00000,0x000000555ed00000)]
  0x000001fb6e213000 JavaThread "Java2D Disposer" daemon [_thread_blocked, id=24024, stack(0x000000555eb00000,0x000000555ec00000)]
  0x000001fb6de50800 JavaThread "Service Thread" daemon [_thread_blocked, id=13560, stack(0x000000555e900000,0x000000555ea00000)]
  0x000001fb6cac1000 JavaThread "C1 CompilerThread3" daemon [_thread_blocked, id=18712, stack(0x000000555e800000,0x000000555e900000)]
  0x000001fb6cab9000 JavaThread "C2 CompilerThread2" daemon [_thread_blocked, id=13300, stack(0x000000555e700000,0x000000555e800000)]
  0x000001fb6caac800 JavaThread "C2 CompilerThread1" daemon [_thread_blocked, id=3352, stack(0x000000555e600000,0x000000555e700000)]
  0x000001fb6caab000 JavaThread "C2 CompilerThread0" daemon [_thread_blocked, id=12764, stack(0x000000555e500000,0x000000555e600000)]
  0x000001fb6cab3800 JavaThread "Attach Listener" daemon [_thread_blocked, id=17920, stack(0x000000555e400000,0x000000555e500000)]
  0x000001fb6cab2800 JavaThread "Signal Dispatcher" daemon [_thread_blocked, id=15932, stack(0x000000555e300000,0x000000555e400000)]
  0x000001fb6ca88800 JavaThread "Finalizer" daemon [_thread_blocked, id=7060, stack(0x000000555e200000,0x000000555e300000)]
  0x000001fb6ca79800 JavaThread "Reference Handler" daemon [_thread_blocked, id=19812, stack(0x000000555e100000,0x000000555e200000)]

Other Threads:
  0x000001fb6ca52000 VMThread [stack: 0x000000555e000000,0x000000555e100000] [id=15540]
  0x000001fb6cb2e000 WatcherThread [stack: 0x000000555ea00000,0x000000555eb00000] [id=3364]

VM state:not at safepoint (normal execution)

VM Mutex/Monitor currently owned by a thread: None

heap address: 0x0000000083400000, size: 1996 MB, Compressed Oops mode: 32-bit
Narrow klass base: 0x0000000000000000, Narrow klass shift: 3
Compressed class space size: 1073741824 Address: 0x0000000100000000

Heap:
 PSYoungGen      total 70656K, used 26357K [0x00000000d6700000, 0x00000000db100000, 0x0000000100000000)
  eden space 65536K, 32% used [0x00000000d6700000,0x00000000d7bbd7b0,0x00000000da700000)
  from space 5120K, 99% used [0x00000000dac00000,0x00000000db0ffd78,0x00000000db100000)
  to   space 5120K, 0% used [0x00000000da700000,0x00000000da700000,0x00000000dac00000)
 ParOldGen       total 86016K, used 38459K [0x0000000083400000, 0x0000000088800000, 0x00000000d6700000)
  object space 86016K, 44% used [0x0000000083400000,0x000000008598ecd8,0x0000000088800000)
 Metaspace       used 17915K, capacity 18142K, committed 18432K, reserved 1064960K
  class space    used 2139K, capacity 2225K, committed 2304K, reserved 1048576K

Card table byte_map: [0x000001fb66c80000,0x000001fb67070000] byte_map_base: 0x000001fb66866000

Marking Bits: (ParMarkBitMap*) 0x00000000519e7fe0
 Begin Bits: [0x000001fb67310000, 0x000001fb69240000)
 End Bits:   [0x000001fb69240000, 0x000001fb6b170000)

Polling page: 0x000001fb56250000

CodeCache: size=245760Kb used=6071Kb max_used=6081Kb free=239688Kb
 bounds [0x000001fb578c0000, 0x000001fb57ec0000, 0x000001fb668c0000]
 total_blobs=2404 nmethods=1843 adapters=473
 compilation: enabled

Compilation events (10 events):
Event: 942.224 Thread 0x000001fb6cac1000 1837       3       java.net.URLClassLoader$2::run (16 bytes)
Event: 942.224 Thread 0x000001fb6cac1000 nmethod 1837 0x000001fb57eb1550 code [0x000001fb57eb16c0, 0x000001fb57eb1890]
Event: 1117.251 Thread 0x000001fb6cac1000 1838       3       java.lang.Thread::getContextClassLoader (32 bytes)
Event: 1117.252 Thread 0x000001fb6cac1000 nmethod 1838 0x000001fb57eb05d0 code [0x000001fb57eb07c0, 0x000001fb57eb1100]
Event: 1142.255 Thread 0x000001fb6cac1000 1839       3       java.io.File::exists (43 bytes)
Event: 1142.256 Thread 0x000001fb6cac1000 nmethod 1839 0x000001fb57eaf850 code [0x000001fb57eafa40, 0x000001fb57eb0230]
Event: 1180.977 Thread 0x000001fb6cab9000 1842       4       java.util.Arrays::binarySearch0 (95 bytes)
Event: 1180.979 Thread 0x000001fb6cab9000 nmethod 1842 0x000001fb57eaf350 code [0x000001fb57eaf4a0, 0x000001fb57eaf658]
Event: 1181.573 Thread 0x000001fb6cac1000 1843       3       java.nio.ByteBuffer::array (35 bytes)
Event: 1181.573 Thread 0x000001fb6cac1000 nmethod 1843 0x000001fb57eaed50 code [0x000001fb57eaeee0, 0x000001fb57eaf200]

GC Heap History (4 events):
Event: 0.297 GC heap before
{Heap before GC invocations=1 (full 0):
 PSYoungGen      total 37888K, used 32744K [0x00000000d6700000, 0x00000000d9100000, 0x0000000100000000)
  eden space 32768K, 99% used [0x00000000d6700000,0x00000000d86fa1e0,0x00000000d8700000)
  from space 5120K, 0% used [0x00000000d8c00000,0x00000000d8c00000,0x00000000d9100000)
  to   space 5120K, 0% used [0x00000000d8700000,0x00000000d8700000,0x00000000d8c00000)
 ParOldGen       total 86016K, used 0K [0x0000000083400000, 0x0000000088800000, 0x00000000d6700000)
  object space 86016K, 0% used [0x0000000083400000,0x0000000083400000,0x0000000088800000)
 Metaspace       used 6418K, capacity 6634K, committed 6784K, reserved 1056768K
  class space    used 745K, capacity 830K, committed 896K, reserved 1048576K
Event: 0.303 GC heap after
Heap after GC invocations=1 (full 0):
 PSYoungGen      total 37888K, used 928K [0x00000000d6700000, 0x00000000db100000, 0x0000000100000000)
  eden space 32768K, 0% used [0x00000000d6700000,0x00000000d6700000,0x00000000d8700000)
  from space 5120K, 18% used [0x00000000d8700000,0x00000000d87e8020,0x00000000d8c00000)
  to   space 5120K, 0% used [0x00000000dac00000,0x00000000dac00000,0x00000000db100000)
 ParOldGen       total 86016K, used 31250K [0x0000000083400000, 0x0000000088800000, 0x00000000d6700000)
  object space 86016K, 36% used [0x0000000083400000,0x00000000852848f0,0x0000000088800000)
 Metaspace       used 6418K, capacity 6634K, committed 6784K, reserved 1056768K
  class space    used 745K, capacity 830K, committed 896K, reserved 1048576K
}
Event: 2.393 GC heap before
{Heap before GC invocations=2 (full 0):
 PSYoungGen      total 37888K, used 33696K [0x00000000d6700000, 0x00000000db100000, 0x0000000100000000)
  eden space 32768K, 100% used [0x00000000d6700000,0x00000000d8700000,0x00000000d8700000)
  from space 5120K, 18% used [0x00000000d8700000,0x00000000d87e8020,0x00000000d8c00000)
  to   space 5120K, 0% used [0x00000000dac00000,0x00000000dac00000,0x00000000db100000)
 ParOldGen       total 86016K, used 31250K [0x0000000083400000, 0x0000000088800000, 0x00000000d6700000)
  object space 86016K, 36% used [0x0000000083400000,0x00000000852848f0,0x0000000088800000)
 Metaspace       used 14328K, capacity 14602K, committed 14976K, reserved 1062912K
  class space    used 1709K, capacity 1821K, committed 1920K, reserved 1048576K
Event: 2.399 GC heap after
Heap after GC invocations=2 (full 0):
 PSYoungGen      total 70656K, used 5119K [0x00000000d6700000, 0x00000000db100000, 0x0000000100000000)
  eden space 65536K, 0% used [0x00000000d6700000,0x00000000d6700000,0x00000000da700000)
  from space 5120K, 99% used [0x00000000dac00000,0x00000000db0ffd78,0x00000000db100000)
  to   space 5120K, 0% used [0x00000000da700000,0x00000000da700000,0x00000000dac00000)
 ParOldGen       total 86016K, used 38459K [0x0000000083400000, 0x0000000088800000, 0x00000000d6700000)
  object space 86016K, 44% used [0x0000000083400000,0x000000008598ecd8,0x0000000088800000)
 Metaspace       used 14328K, capacity 14602K, committed 14976K, reserved 1062912K
  class space    used 1709K, capacity 1821K, committed 1920K, reserved 1048576K
}

Deoptimization events (10 events):
Event: 2.542 Thread 0x000001fb6e439800 Uncommon trap: reason=class_check action=maybe_recompile pc=0x000001fb57de4a6c method=sun.security.util.math.intpoly.IntegerPolynomial$MutableElement.setValue(Lsun/security/util/math/IntegerModuloP;)Lsun/security/util/math/intpoly/IntegerPolynomial$Mutabl
Event: 2.542 Thread 0x000001fb6e439800 Uncommon trap: reason=class_check action=maybe_recompile pc=0x000001fb57de4a6c method=sun.security.util.math.intpoly.IntegerPolynomial$MutableElement.setValue(Lsun/security/util/math/IntegerModuloP;)Lsun/security/util/math/intpoly/IntegerPolynomial$Mutabl
Event: 2.542 Thread 0x000001fb6e439800 Uncommon trap: reason=class_check action=maybe_recompile pc=0x000001fb57de4a6c method=sun.security.util.math.intpoly.IntegerPolynomial$MutableElement.setValue(Lsun/security/util/math/IntegerModuloP;)Lsun/security/util/math/intpoly/IntegerPolynomial$Mutabl
Event: 2.542 Thread 0x000001fb6e439800 Uncommon trap: reason=class_check action=maybe_recompile pc=0x000001fb57de4a6c method=sun.security.util.math.intpoly.IntegerPolynomial$MutableElement.setValue(Lsun/security/util/math/IntegerModuloP;)Lsun/security/util/math/intpoly/IntegerPolynomial$Mutabl
Event: 2.542 Thread 0x000001fb6e439800 Uncommon trap: reason=class_check action=maybe_recompile pc=0x000001fb57de5a5c method=sun.security.util.math.intpoly.IntegerPolynomial$MutableElement.setSum(Lsun/security/util/math/IntegerModuloP;)Lsun/security/util/math/intpoly/IntegerPolynomial$MutableE
Event: 2.542 Thread 0x000001fb6e439800 Uncommon trap: reason=class_check action=maybe_recompile pc=0x000001fb57de5a5c method=sun.security.util.math.intpoly.IntegerPolynomial$MutableElement.setSum(Lsun/security/util/math/IntegerModuloP;)Lsun/security/util/math/intpoly/IntegerPolynomial$MutableE
Event: 2.542 Thread 0x000001fb6e439800 Uncommon trap: reason=class_check action=maybe_recompile pc=0x000001fb57de5a5c method=sun.security.util.math.intpoly.IntegerPolynomial$MutableElement.setSum(Lsun/security/util/math/IntegerModuloP;)Lsun/security/util/math/intpoly/IntegerPolynomial$MutableE
Event: 2.542 Thread 0x000001fb6e439800 Uncommon trap: reason=class_check action=maybe_recompile pc=0x000001fb57de5a5c method=sun.security.util.math.intpoly.IntegerPolynomial$MutableElement.setSum(Lsun/security/util/math/IntegerModuloP;)Lsun/security/util/math/intpoly/IntegerPolynomial$MutableE
Event: 2.578 Thread 0x000001fb6e439800 Uncommon trap: reason=unstable_if action=reinterpret pc=0x000001fb57ba7e10 method=java.util.HashMap.resize()[Ljava/util/HashMap$Node; @ 206
Event: 3.587 Thread 0x000001fb6e439800 Uncommon trap: reason=unstable_if action=reinterpret pc=0x000001fb57bf91d4 method=java.lang.CharacterDataLatin1.digit(II)I @ 82

Classes redefined (0 events):
No events

Internal exceptions (10 events):
Event: 0.063 Thread 0x000001fb55f14800 Exception <a 'java/security/PrivilegedActionException'> (0x00000000d6864a00) thrown at [C:\jenkins\workspace\8-2-build-windows-amd64-cygwin\jdk8u271\605\hotspot\src\share\vm\prims\jvm.cpp, line 1512]
Event: 0.063 Thread 0x000001fb55f14800 Exception <a 'java/security/PrivilegedActionException'> (0x00000000d6864c10) thrown at [C:\jenkins\workspace\8-2-build-windows-amd64-cygwin\jdk8u271\605\hotspot\src\share\vm\prims\jvm.cpp, line 1512]
Event: 0.064 Thread 0x000001fb55f14800 Exception <a 'java/security/PrivilegedActionException'> (0x00000000d6868b20) thrown at [C:\jenkins\workspace\8-2-build-windows-amd64-cygwin\jdk8u271\605\hotspot\src\share\vm\prims\jvm.cpp, line 1512]
Event: 0.064 Thread 0x000001fb55f14800 Exception <a 'java/security/PrivilegedActionException'> (0x00000000d6868d30) thrown at [C:\jenkins\workspace\8-2-build-windows-amd64-cygwin\jdk8u271\605\hotspot\src\share\vm\prims\jvm.cpp, line 1512]
Event: 0.066 Thread 0x000001fb55f14800 Exception <a 'java/io/FileNotFoundException'> (0x00000000d686ac80) thrown at [C:\jenkins\workspace\8-2-build-windows-amd64-cygwin\jdk8u271\605\hotspot\src\share\vm\prims\jni.cpp, line 710]
Event: 0.086 Thread 0x000001fb55f14800 Exception <a 'java/lang/NoSuchFieldError': method resolution failed> (0x00000000d693c410) thrown at [C:\jenkins\workspace\8-2-build-windows-amd64-cygwin\jdk8u271\605\hotspot\src\share\vm\prims\methodHandles.cpp, line 1169]
Event: 0.087 Thread 0x000001fb55f14800 Exception <a 'java/lang/NoSuchFieldError': method resolution failed> (0x00000000d69497e0) thrown at [C:\jenkins\workspace\8-2-build-windows-amd64-cygwin\jdk8u271\605\hotspot\src\share\vm\prims\methodHandles.cpp, line 1169]
Event: 0.111 Thread 0x000001fb55f14800 Exception <a 'java/io/FileNotFoundException'> (0x00000000d69e3990) thrown at [C:\jenkins\workspace\8-2-build-windows-amd64-cygwin\jdk8u271\605\hotspot\src\share\vm\prims\jni.cpp, line 710]
Event: 2.120 Thread 0x000001fb6e439800 Implicit null exception at 0x000001fb57c12a16 to 0x000001fb57c12dc5
Event: 1181.570 Thread 0x000001fb6e439800 Exception <a 'java/awt/AWTError'> (0x00000000d7b34950) thrown at [C:\jenkins\workspace\8-2-build-windows-amd64-cygwin\jdk8u271\605\hotspot\src\share\vm\prims\jvm.cpp, line 1516]

Events (10 events):
Event: 1180.782 loading class java/util/WeakHashMap$HashIterator done
Event: 1180.782 loading class java/util/WeakHashMap$KeyIterator done
Event: 1180.783 loading class javax/swing/RepaintManager$DisplayChangedRunnable
Event: 1180.785 loading class javax/swing/RepaintManager$DisplayChangedRunnable done
Event: 1181.568 loading class java/awt/AWTError
Event: 1181.570 loading class java/awt/AWTError done
Event: 1181.570 loading class java/lang/Throwable$WrappedPrintStream
Event: 1181.572 loading class java/lang/Throwable$PrintStreamOrWriter
Event: 1181.572 loading class java/lang/Throwable$PrintStreamOrWriter done
Event: 1181.572 loading class java/lang/Throwable$WrappedPrintStream done


Dynamic libraries:
0x00007ff73e910000 - 0x00007ff73e957000 	C:\Program Files\Java\jdk1.8.0_271\bin\java.exe
0x00007ffebf480000 - 0x00007ffebf670000 	C:\Windows\SYSTEM32\ntdll.dll
0x00007ffebf000000 - 0x00007ffebf0b2000 	C:\Windows\System32\KERNEL32.DLL
0x00007ffebcfa0000 - 0x00007ffebd245000 	C:\Windows\System32\KERNELBASE.dll
0x00007ffebf0c0000 - 0x00007ffebf163000 	C:\Windows\System32\ADVAPI32.dll
0x00007ffebf3a0000 - 0x00007ffebf43e000 	C:\Windows\System32\msvcrt.dll
0x00007ffebd760000 - 0x00007ffebd7f7000 	C:\Windows\System32\sechost.dll
0x00007ffebe340000 - 0x00007ffebe460000 	C:\Windows\System32\RPCRT4.dll
0x00007ffebed30000 - 0x00007ffebeec4000 	C:\Windows\System32\USER32.dll
0x00007ffebc670000 - 0x00007ffebc691000 	C:\Windows\System32\win32u.dll
0x00007ffebddb0000 - 0x00007ffebddd6000 	C:\Windows\System32\GDI32.dll
0x00007ffebd280000 - 0x00007ffebd416000 	C:\Windows\System32\gdi32full.dll
0x00007ffebc5d0000 - 0x00007ffebc66e000 	C:\Windows\System32\msvcp_win.dll
0x00007ffebc3f0000 - 0x00007ffebc4ea000 	C:\Windows\System32\ucrtbase.dll
0x00007ffea7ac0000 - 0x00007ffea7d44000 	C:\Windows\WinSxS\amd64_microsoft.windows.common-controls_6595b64144ccf1df_6.0.18362.1256_none_9e7e379be45e40e2\COMCTL32.dll
0x00007ffebdea0000 - 0x00007ffebe1d6000 	C:\Windows\System32\combase.dll
0x00007ffebc4f0000 - 0x00007ffebc571000 	C:\Windows\System32\bcryptPrimitives.dll
0x00007ffebd8b0000 - 0x00007ffebd8de000 	C:\Windows\System32\IMM32.DLL
0x00007ffeadf00000 - 0x00007ffeadf15000 	C:\Program Files\Java\jdk1.8.0_271\jre\bin\vcruntime140.dll
0x00007ffead9a0000 - 0x00007ffeada3b000 	C:\Program Files\Java\jdk1.8.0_271\jre\bin\msvcp140.dll
0x00000000511f0000 - 0x0000000051a5f000 	C:\Program Files\Java\jdk1.8.0_271\jre\bin\server\jvm.dll
0x00007ffebe1e0000 - 0x00007ffebe1e8000 	C:\Windows\System32\PSAPI.DLL
0x00007ffeb1f40000 - 0x00007ffeb1f49000 	C:\Windows\SYSTEM32\WSOCK32.dll
0x00007ffeb2b90000 - 0x00007ffeb2b9a000 	C:\Windows\SYSTEM32\VERSION.dll
0x00007ffeb3de0000 - 0x00007ffeb3e04000 	C:\Windows\SYSTEM32\WINMM.dll
0x00007ffebeb50000 - 0x00007ffebebbf000 	C:\Windows\System32\WS2_32.dll
0x00007ffeb3db0000 - 0x00007ffeb3ddd000 	C:\Windows\SYSTEM32\winmmbase.dll
0x00007ffebc580000 - 0x00007ffebc5ca000 	C:\Windows\System32\cfgmgr32.dll
0x00007ffebc360000 - 0x00007ffebc371000 	C:\Windows\System32\kernel.appcore.dll
0x00007ffeb0710000 - 0x00007ffeb0720000 	C:\Program Files\Java\jdk1.8.0_271\jre\bin\verify.dll
0x00007ffeade90000 - 0x00007ffeadebb000 	C:\Program Files\Java\jdk1.8.0_271\jre\bin\java.dll
0x00007ffeade70000 - 0x00007ffeade88000 	C:\Program Files\Java\jdk1.8.0_271\jre\bin\zip.dll
0x00007ffebe460000 - 0x00007ffebeb47000 	C:\Windows\System32\SHELL32.dll
0x00007ffebdde0000 - 0x00007ffebde89000 	C:\Windows\System32\shcore.dll
0x00007ffebc810000 - 0x00007ffebcf91000 	C:\Windows\System32\windows.storage.dll
0x00007ffebc330000 - 0x00007ffebc353000 	C:\Windows\System32\profapi.dll
0x00007ffebc3a0000 - 0x00007ffebc3ea000 	C:\Windows\System32\powrprof.dll
0x00007ffebc320000 - 0x00007ffebc330000 	C:\Windows\System32\UMPDC.dll
0x00007ffebeed0000 - 0x00007ffebef22000 	C:\Windows\System32\shlwapi.dll
0x00007ffebc7f0000 - 0x00007ffebc807000 	C:\Windows\System32\cryptsp.dll
0x00007ffe7e2c0000 - 0x00007ffe7e454000 	C:\Program Files\Java\jdk1.8.0_271\jre\bin\awt.dll
0x00007ffebef30000 - 0x00007ffebeff5000 	C:\Windows\System32\OLEAUT32.dll
0x00007ffeb6f80000 - 0x00007ffeb700f000 	C:\Windows\SYSTEM32\apphelp.dll
0x00007ffeba600000 - 0x00007ffeba62d000 	C:\Windows\system32\DWMAPI.DLL
0x00007ffeb70c0000 - 0x00007ffeb7159000 	C:\Windows\system32\uxtheme.dll
0x00007ffe9c550000 - 0x00007ffe9c6a6000 	C:\Windows\system32\opengl32.dll
0x00007ffea6dd0000 - 0x00007ffea6dfc000 	C:\Windows\SYSTEM32\GLU32.dll
0x00007ffebaf60000 - 0x00007ffebaf80000 	C:\Windows\SYSTEM32\dxcore.dll
0x00007ffebf170000 - 0x00007ffebf2a5000 	C:\Windows\System32\MSCTF.dll
0x00007ffe80110000 - 0x00007ffe8020b000 	C:\ProgramData\A-Volute\A-Volute.SonicStudio3\Modules\ScheduledModules\x64\A-Volute.SonicStudio3DevProps2.dll
0x00007ffebebd0000 - 0x00007ffebed27000 	C:\Windows\System32\ole32.dll
0x00007ffeae080000 - 0x00007ffeae0b2000 	C:\Program Files\Java\jdk1.8.0_271\jre\bin\jpeg.dll
0x00007ffeadde0000 - 0x00007ffeade29000 	C:\Program Files\Java\jdk1.8.0_271\jre\bin\fontmanager.dll
0x00007ffeade50000 - 0x00007ffeade6c000 	C:\Program Files\Java\jdk1.8.0_271\jre\bin\net.dll
0x00007ffebbb70000 - 0x00007ffebbbd7000 	C:\Windows\system32\mswsock.dll
0x00007ffeade30000 - 0x00007ffeade43000 	C:\Program Files\Java\jdk1.8.0_271\jre\bin\nio.dll
0x00007ffeaa000000 - 0x00007ffeaa043000 	C:\Program Files\Java\jdk1.8.0_271\jre\bin\t2k.dll
0x00007ffebd800000 - 0x00007ffebd8a2000 	C:\Windows\System32\clbcatq.dll
0x00007ffeb29e0000 - 0x00007ffeb2b8f000 	C:\Windows\SYSTEM32\WindowsCodecs.dll
0x00007ffea5910000 - 0x00007ffea594a000 	C:\Windows\system32\dataexchange.dll
0x00007ffeb6160000 - 0x00007ffeb63bb000 	C:\Windows\system32\d3d11.dll
0x00007ffeb6820000 - 0x00007ffeb69fd000 	C:\Windows\system32\dcomp.dll
0x00007ffebaff0000 - 0x00007ffebb0db000 	C:\Windows\system32\dxgi.dll
0x00007ffeba370000 - 0x00007ffeba5d2000 	C:\Windows\system32\twinapi.appcore.dll
0x00007ffeba7b0000 - 0x00007ffeba7d9000 	C:\Windows\system32\RMCLIENT.dll
0x00007ffeb03d0000 - 0x00007ffeb046e000 	C:\Windows\System32\TextInputFramework.dll
0x00007ffeb2bd0000 - 0x00007ffeb2efa000 	C:\Windows\System32\CoreUIComponents.dll
0x00007ffeb6d70000 - 0x00007ffeb6e44000 	C:\Windows\System32\CoreMessaging.dll
0x00007ffebb360000 - 0x00007ffebb391000 	C:\Windows\SYSTEM32\ntmarta.dll
0x00007ffeb4ba0000 - 0x00007ffeb4cf3000 	C:\Windows\SYSTEM32\wintypes.dll
0x00007ffeaaab0000 - 0x00007ffeaad57000 	C:\Windows\System32\iertutil.dll
0x00007ffebb8c0000 - 0x00007ffebb98b000 	C:\Windows\SYSTEM32\DNSAPI.dll
0x000001fb6faf0000 - 0x000001fb6faf8000 	C:\Windows\System32\NSI.dll
0x00007ffebb880000 - 0x00007ffebb8ba000 	C:\Windows\SYSTEM32\IPHLPAPI.DLL
0x00007ffeb3da0000 - 0x00007ffeb3daa000 	C:\Windows\System32\rasadhlp.dll
0x00007ffeb1dc0000 - 0x00007ffeb1e37000 	C:\Windows\System32\fwpuclnt.dll
0x00007ffebd250000 - 0x00007ffebd276000 	C:\Windows\System32\bcrypt.dll
0x00007ffebb6e0000 - 0x00007ffebb713000 	C:\Windows\system32\rsaenh.dll
0x00007ffebc200000 - 0x00007ffebc225000 	C:\Windows\SYSTEM32\USERENV.dll
0x00007ffebbd40000 - 0x00007ffebbd4c000 	C:\Windows\SYSTEM32\CRYPTBASE.dll
0x00007ffeb1fa0000 - 0x00007ffeb1fb6000 	C:\Windows\SYSTEM32\dhcpcsvc6.DLL
0x00007ffeb2ba0000 - 0x00007ffeb2bbc000 	C:\Windows\SYSTEM32\dhcpcsvc.DLL
0x00007ffea8350000 - 0x00007ffea8374000 	C:\Program Files\Java\jdk1.8.0_271\jre\bin\sunec.dll
0x00007ffeae270000 - 0x00007ffeae27d000 	C:\Program Files\Java\jdk1.8.0_271\jre\bin\sunmscapi.dll
0x00007ffebc6a0000 - 0x00007ffebc7e9000 	C:\Windows\System32\CRYPT32.dll
0x00007ffebc380000 - 0x00007ffebc392000 	C:\Windows\System32\MSASN1.dll
0x00007ffebbe40000 - 0x00007ffebbe66000 	C:\Windows\SYSTEM32\ncrypt.dll
0x00007ffebbe00000 - 0x00007ffebbe3b000 	C:\Windows\SYSTEM32\NTASN1.dll
0x00007ffe955d0000 - 0x00007ffe955e6000 	C:\Windows\system32\napinsp.dll
0x00007ffe955b0000 - 0x00007ffe955ca000 	C:\Windows\system32\pnrpnsp.dll
0x00007ffe979a0000 - 0x00007ffe979ae000 	C:\Windows\System32\winrnr.dll
0x00007ffeb5820000 - 0x00007ffeb583c000 	C:\Windows\system32\NLAapi.dll
0x00007ffeb4b20000 - 0x00007ffeb4b35000 	C:\Windows\system32\wshbth.dll

VM Arguments:
jvm_args: -Dfile.encoding=UTF-8 
java_command: liabrarymanagementsystem.ShowCategory
java_class_path (initial): C:\Users\ASUS\OneDrive\Documents\NetBeansProjects\LiabraryManagementSystem\src\jar\sqljdbc4.jar;C:\Users\ASUS\OneDrive\Documents\NetBeansProjects\LiabraryManagementSystem\src\jar\jcalendar-tz-1.3.3-4.jar;C:\Users\ASUS\OneDrive\Documents\NetBeansProjects\LiabraryManagementSystem\src\jar\rs2xml.jar;C:\Users\ASUS\OneDrive\Documents\NetBeansProjects\LiabraryManagementSystem\src\jar\mysql-connector-java-5.1.49-bin.jar;C:\Users\ASUS\OneDrive\Documents\NetBeansProjects\LiabraryManagementSystem\src\jar\mysql-connector-java-5.1.49.jar;C:\Users\ASUS\OneDrive\Documents\NetBeansProjects\LiabraryManagementSystem\build\classes
Launcher Type: SUN_STANDARD

Environment Variables:
PATH=C:\Program Files (x86)\Common Files\Oracle\Java\javapath;C:\Windows\system32;C:\Windows;C:\Windows\System32\Wbem;C:\Windows\System32\WindowsPowerShell\v1.0\;C:\Windows\System32\OpenSSH\;C:\Program Files (x86)\NVIDIA Corporation\PhysX\Common;C:\Program Files\NVIDIA Corporation\NVIDIA NvDLISR;C:\Program Files (x86)\Microsoft SQL Server\100\Tools\Binn\VSShell\Common7\IDE\;C:\Program Files (x86)\Microsoft SQL Server\100\Tools\Binn\;C:\Program Files\Microsoft SQL Server\100\Tools\Binn\;C:\Program Files (x86)\Microsoft SQL Server\100\DTS\Binn\;C:\Program Files\Microsoft SQL Server\100\DTS\Binn\;%PIXIEHOME%\bin;C:\Users\ASUS\AppData\Local\Microsoft\WindowsApps;
USERNAME=ASUS
OS=Windows_NT
PROCESSOR_IDENTIFIER=Intel64 Family 6 Model 165 Stepping 2, GenuineIntel



---------------  S Y S T E M  ---------------

OS: Windows 10.0 , 64 bit Build 18362 (10.0.18362.1110)

CPU:total 8 (initial active 8) (4 cores per cpu, 2 threads per core) family 6 model 165 stepping 2, cmov, cx8, fxsr, mmx, sse, sse2, sse3, ssse3, sse4.1, sse4.2, popcnt, avx, avx2, aes, clmul, erms, 3dnowpref, lzcnt, ht, tsc, tscinvbit, bmi1, bmi2, adx

Memory: 4k page, physical 8170680k(371600k free), swap 27951584k(0k free)

vm_info: Java HotSpot(TM) 64-Bit Server VM (25.271-b09) for windows-amd64 JRE (1.8.0_271-b09), built on Sep 16 2020 19:14:59 by "" with MS VC++ 15.9 (VS2017)

time: Wed Jan  6 21:49:50 2021
timezone: Bangladesh Standard Time
elapsed time: 1181.595143 seconds (0d 0h 19m 41s)

