#
# There is insufficient memory for the Java Runtime Environment to continue.
# Native memory allocation (malloc) failed to allocate 756976 bytes for Chunk::new
# Possible reasons:
#   The system is out of physical RAM or swap space
#   The process is running with CompressedOops enabled, and the Java Heap may be blocking the growth of the native heap
# Possible solutions:
#   Reduce memory load on the system
#   Increase physical memory or swap space
#   Check if swap backing store is full
#   Decrease Java heap size (-Xmx/-Xms)
#   Decrease number of Java threads
#   Decrease Java thread stack sizes (-Xss)
#   Set larger code cache with -XX:ReservedCodeCacheSize=
#   JVM is running with Unscaled Compressed Oops mode in which the Java heap is
#     placed in the first 4GB address space. The Java Heap base address is the
#     maximum limit for the native heap growth. Please use -XX:HeapBaseMinAddress
#     to set the Java Heap base and to place the Java Heap above 4GB virtual address.
# This output file may be truncated or incomplete.
#
#  Out of Memory Error (allocation.cpp:389), pid=7636, tid=0x000000000000108c
#
# JRE version: Java(TM) SE Runtime Environment (8.0_271-b09) (build 1.8.0_271-b09)
# Java VM: Java HotSpot(TM) 64-Bit Server VM (25.271-b09 mixed mode windows-amd64 compressed oops)
# Failed to write core dump. Minidumps are not enabled by default on client versions of Windows
#

---------------  T H R E A D  ---------------

Current thread (0x0000017ffc064800):  JavaThread "C2 CompilerThread1" daemon [_thread_in_native, id=4236, stack(0x0000006685300000,0x0000006685400000)]

Stack: [0x0000006685300000,0x0000006685400000]
Native frames: (J=compiled Java code, j=interpreted, Vv=VM code, C=native code)
V  [jvm.dll+0x33f6c9]


Current CompileTask:
C2:   3231 2138   !   4       sun.font.TrueTypeFont::getTableBuffer (199 bytes)


---------------  P R O C E S S  ---------------

Java Threads: ( => current thread )
  0x0000017ffde2c000 JavaThread "AWT-EventQueue-0" [_thread_blocked, id=20952, stack(0x0000006685f00000,0x0000006686000000)]
  0x0000017ffde2b000 JavaThread "AWT-Shutdown" [_thread_blocked, id=22504, stack(0x0000006685900000,0x0000006685a00000)]
  0x0000017ffdb95800 JavaThread "mysql-cj-abandoned-connection-cleanup" daemon [_thread_blocked, id=10228, stack(0x0000006685d00000,0x0000006685e00000)]
  0x0000017ffdbb8000 JavaThread "Image Fetcher 1" daemon [_thread_blocked, id=24216, stack(0x0000006685c00000,0x0000006685d00000)]
  0x0000017ffd97c800 JavaThread "Image Fetcher 0" daemon [_thread_blocked, id=16088, stack(0x0000006685b00000,0x0000006685c00000)]
  0x0000017ffd94d000 JavaThread "AWT-Windows" daemon [_thread_in_native, id=23832, stack(0x0000006685a00000,0x0000006685b00000)]
  0x0000017ffd944000 JavaThread "Java2D Disposer" daemon [_thread_blocked, id=4528, stack(0x0000006685800000,0x0000006685900000)]
  0x0000017ffd428800 JavaThread "Service Thread" daemon [_thread_blocked, id=23716, stack(0x0000006685600000,0x0000006685700000)]
  0x0000017ffc075000 JavaThread "C1 CompilerThread3" daemon [_thread_blocked, id=18864, stack(0x0000006685500000,0x0000006685600000)]
  0x0000017ffc06c000 JavaThread "C2 CompilerThread2" daemon [_thread_in_native, id=20048, stack(0x0000006685400000,0x0000006685500000)]
=>0x0000017ffc064800 JavaThread "C2 CompilerThread1" daemon [_thread_in_native, id=4236, stack(0x0000006685300000,0x0000006685400000)]
  0x0000017ffc062800 JavaThread "C2 CompilerThread0" daemon [_thread_blocked, id=16208, stack(0x0000006685200000,0x0000006685300000)]
  0x0000017ffc061800 JavaThread "Attach Listener" daemon [_thread_blocked, id=14372, stack(0x0000006685100000,0x0000006685200000)]
  0x0000017ffc060800 JavaThread "Signal Dispatcher" daemon [_thread_blocked, id=2652, stack(0x0000006685000000,0x0000006685100000)]
  0x0000017ffc039800 JavaThread "Finalizer" daemon [_thread_blocked, id=9524, stack(0x0000006684f00000,0x0000006685000000)]
  0x0000017ffc02a800 JavaThread "Reference Handler" daemon [_thread_blocked, id=6168, stack(0x0000006684e00000,0x0000006684f00000)]
  0x0000017fe5548800 JavaThread "main" [_thread_in_native, id=21136, stack(0x0000006684400000,0x0000006684500000)]

Other Threads:
  0x0000017ffb43e800 VMThread [stack: 0x0000006684d00000,0x0000006684e00000] [id=3604]
  0x0000017ffc0d7000 WatcherThread [stack: 0x0000006685700000,0x0000006685800000] [id=2776]

VM state:not at safepoint (normal execution)

VM Mutex/Monitor currently owned by a thread: None

heap address: 0x0000000083400000, size: 1996 MB, Compressed Oops mode: 32-bit
Narrow klass base: 0x0000000000000000, Narrow klass shift: 3
Compressed class space size: 1073741824 Address: 0x0000000100000000

Heap:
 PSYoungGen      total 70656K, used 46844K [0x00000000d6700000, 0x00000000e0600000, 0x0000000100000000)
  eden space 65536K, 71% used [0x00000000d6700000,0x00000000d94bf100,0x00000000da700000)
  from space 5120K, 0% used [0x00000000da700000,0x00000000da700000,0x00000000dac00000)
  to   space 36864K, 0% used [0x00000000de200000,0x00000000de200000,0x00000000e0600000)
 ParOldGen       total 299008K, used 158711K [0x0000000083400000, 0x0000000095800000, 0x00000000d6700000)
  object space 299008K, 53% used [0x0000000083400000,0x000000008cefdd58,0x0000000095800000)
 Metaspace       used 19965K, capacity 20202K, committed 20608K, reserved 1067008K
  class space    used 2495K, capacity 2577K, committed 2688K, reserved 1048576K

Card table byte_map: [0x0000017ff6260000,0x0000017ff6650000] byte_map_base: 0x0000017ff5e46000

Marking Bits: (ParMarkBitMap*) 0x00000000519e7fe0
 Begin Bits: [0x0000017ff68f0000, 0x0000017ff8820000)
 End Bits:   [0x0000017ff8820000, 0x0000017ffa750000)

Polling page: 0x0000017fe5490000

CodeCache: size=245760Kb used=7233Kb max_used=7233Kb free=238526Kb
 bounds [0x0000017fe6ea0000, 0x0000017fe75c0000, 0x0000017ff5ea0000]
 total_blobs=2733 nmethods=2168 adapters=476
 compilation: enabled

Compilation events (10 events):
Event: 3.220 Thread 0x0000017ffc075000 2166       3       java.awt.Component::getLocation (5 bytes)
Event: 3.220 Thread 0x0000017ffc075000 nmethod 2166 0x0000017fe75b4690 code [0x0000017fe75b4820, 0x0000017fe75b4c38]
Event: 3.220 Thread 0x0000017ffc075000 2167       3       java.awt.Component::location (5 bytes)
Event: 3.220 Thread 0x0000017ffc075000 nmethod 2167 0x0000017fe75b0d90 code [0x0000017fe75b0f00, 0x0000017fe75b1238]
Event: 3.220 Thread 0x0000017ffc075000 2169       3       java.awt.Component::getLocationOnWindow (61 bytes)
Event: 3.221 Thread 0x0000017ffc075000 nmethod 2169 0x0000017fe75b4e50 code [0x0000017fe75b5060, 0x0000017fe75b5d60]
Event: 3.221 Thread 0x0000017ffc075000 2170       3       java.awt.Component::updateGraphicsData (38 bytes)
Event: 3.221 Thread 0x0000017ffc075000 nmethod 2170 0x0000017fe75b3cd0 code [0x0000017fe75b3e80, 0x0000017fe75b44d0]
Event: 3.221 Thread 0x0000017ffc075000 2168       3       java.awt.Component::location_NoClientCode (16 bytes)
Event: 3.221 Thread 0x0000017ffc075000 nmethod 2168 0x0000017fe75b3710 code [0x0000017fe75b3880, 0x0000017fe75b3b58]

GC Heap History (10 events):
Event: 1.350 GC heap before
{Heap before GC invocations=4 (full 1):
 PSYoungGen      total 37888K, used 5111K [0x00000000d6700000, 0x00000000db100000, 0x0000000100000000)
  eden space 32768K, 0% used [0x00000000d6700000,0x00000000d6700000,0x00000000d8700000)
  from space 5120K, 99% used [0x00000000d8700000,0x00000000d8bfdea0,0x00000000d8c00000)
  to   space 5120K, 0% used [0x00000000dac00000,0x00000000dac00000,0x00000000db100000)
 ParOldGen       total 86016K, used 70647K [0x0000000083400000, 0x0000000088800000, 0x00000000d6700000)
  object space 86016K, 82% used [0x0000000083400000,0x00000000878fde10,0x0000000088800000)
 Metaspace       used 17097K, capacity 17352K, committed 17664K, reserved 1064960K
  class space    used 2120K, capacity 2208K, committed 2304K, reserved 1048576K
Event: 1.366 GC heap after
Heap after GC invocations=4 (full 1):
 PSYoungGen      total 37888K, used 0K [0x00000000d6700000, 0x00000000db100000, 0x0000000100000000)
  eden space 32768K, 0% used [0x00000000d6700000,0x00000000d6700000,0x00000000d8700000)
  from space 5120K, 0% used [0x00000000d8700000,0x00000000d8700000,0x00000000d8c00000)
  to   space 5120K, 0% used [0x00000000dac00000,0x00000000dac00000,0x00000000db100000)
 ParOldGen       total 124416K, used 44859K [0x0000000083400000, 0x000000008ad80000, 0x00000000d6700000)
  object space 124416K, 36% used [0x0000000083400000,0x0000000085fceda0,0x000000008ad80000)
 Metaspace       used 17097K, capacity 17352K, committed 17664K, reserved 1064960K
  class space    used 2120K, capacity 2208K, committed 2304K, reserved 1048576K
}
Event: 1.674 GC heap before
{Heap before GC invocations=5 (full 1):
 PSYoungGen      total 37888K, used 32005K [0x00000000d6700000, 0x00000000db100000, 0x0000000100000000)
  eden space 32768K, 97% used [0x00000000d6700000,0x00000000d8641568,0x00000000d8700000)
  from space 5120K, 0% used [0x00000000d8700000,0x00000000d8700000,0x00000000d8c00000)
  to   space 5120K, 0% used [0x00000000dac00000,0x00000000dac00000,0x00000000db100000)
 ParOldGen       total 124416K, used 44859K [0x0000000083400000, 0x000000008ad80000, 0x00000000d6700000)
  object space 124416K, 36% used [0x0000000083400000,0x0000000085fceda0,0x000000008ad80000)
 Metaspace       used 18365K, capacity 18664K, committed 18816K, reserved 1064960K
  class space    used 2311K, capacity 2404K, committed 2432K, reserved 1048576K
Event: 1.678 GC heap after
Heap after GC invocations=5 (full 1):
 PSYoungGen      total 57856K, used 5114K [0x00000000d6700000, 0x00000000db100000, 0x0000000100000000)
  eden space 52736K, 0% used [0x00000000d6700000,0x00000000d6700000,0x00000000d9a80000)
  from space 5120K, 99% used [0x00000000dac00000,0x00000000db0fe940,0x00000000db100000)
  to   space 5120K, 0% used [0x00000000da700000,0x00000000da700000,0x00000000dac00000)
 ParOldGen       total 124416K, used 61647K [0x0000000083400000, 0x000000008ad80000, 0x00000000d6700000)
  object space 124416K, 49% used [0x0000000083400000,0x0000000087033e70,0x000000008ad80000)
 Metaspace       used 18365K, capacity 18664K, committed 18816K, reserved 1064960K
  class space    used 2311K, capacity 2404K, committed 2432K, reserved 1048576K
}
Event: 1.969 GC heap before
{Heap before GC invocations=6 (full 1):
 PSYoungGen      total 57856K, used 57850K [0x00000000d6700000, 0x00000000db100000, 0x0000000100000000)
  eden space 52736K, 100% used [0x00000000d6700000,0x00000000d9a80000,0x00000000d9a80000)
  from space 5120K, 99% used [0x00000000dac00000,0x00000000db0fe940,0x00000000db100000)
  to   space 5120K, 0% used [0x00000000da700000,0x00000000da700000,0x00000000dac00000)
 ParOldGen       total 124416K, used 61647K [0x0000000083400000, 0x000000008ad80000, 0x00000000d6700000)
  object space 124416K, 49% used [0x0000000083400000,0x0000000087033e70,0x000000008ad80000)
 Metaspace       used 18602K, capacity 18888K, committed 19200K, reserved 1067008K
  class space    used 2325K, capacity 2436K, committed 2560K, reserved 1048576K
Event: 1.983 GC heap after
Heap after GC invocations=6 (full 1):
 PSYoungGen      total 70656K, used 4862K [0x00000000d6700000, 0x00000000e0600000, 0x0000000100000000)
  eden space 65536K, 0% used [0x00000000d6700000,0x00000000d6700000,0x00000000da700000)
  from space 5120K, 94% used [0x00000000da700000,0x00000000dabbfb70,0x00000000dac00000)
  to   space 36864K, 0% used [0x00000000de200000,0x00000000de200000,0x00000000e0600000)
 ParOldGen       total 124416K, used 111591K [0x0000000083400000, 0x000000008ad80000, 0x00000000d6700000)
  object space 124416K, 89% used [0x0000000083400000,0x000000008a0f9d70,0x000000008ad80000)
 Metaspace       used 18602K, capacity 18888K, committed 19200K, reserved 1067008K
  class space    used 2325K, capacity 2436K, committed 2560K, reserved 1048576K
}
Event: 1.983 GC heap before
{Heap before GC invocations=7 (full 2):
 PSYoungGen      total 70656K, used 4862K [0x00000000d6700000, 0x00000000e0600000, 0x0000000100000000)
  eden space 65536K, 0% used [0x00000000d6700000,0x00000000d6700000,0x00000000da700000)
  from space 5120K, 94% used [0x00000000da700000,0x00000000dabbfb70,0x00000000dac00000)
  to   space 36864K, 0% used [0x00000000de200000,0x00000000de200000,0x00000000e0600000)
 ParOldGen       total 124416K, used 111591K [0x0000000083400000, 0x000000008ad80000, 0x00000000d6700000)
  object space 124416K, 89% used [0x0000000083400000,0x000000008a0f9d70,0x000000008ad80000)
 Metaspace       used 18602K, capacity 18888K, committed 19200K, reserved 1067008K
  class space    used 2325K, capacity 2436K, committed 2560K, reserved 1048576K
Event: 1.996 GC heap after
Heap after GC invocations=7 (full 2):
 PSYoungGen      total 70656K, used 0K [0x00000000d6700000, 0x00000000e0600000, 0x0000000100000000)
  eden space 65536K, 0% used [0x00000000d6700000,0x00000000d6700000,0x00000000da700000)
  from space 5120K, 0% used [0x00000000da700000,0x00000000da700000,0x00000000dac00000)
  to   space 36864K, 0% used [0x00000000de200000,0x00000000de200000,0x00000000e0600000)
 ParOldGen       total 189952K, used 74706K [0x0000000083400000, 0x000000008ed80000, 0x00000000d6700000)
  object space 189952K, 39% used [0x0000000083400000,0x0000000087cf49d0,0x000000008ed80000)
 Metaspace       used 18602K, capacity 18888K, committed 19200K, reserved 1067008K
  class space    used 2325K, capacity 2436K, committed 2560K, reserved 1048576K
}
Event: 2.381 GC heap before
{Heap before GC invocations=8 (full 3):
 PSYoungGen      total 70656K, used 65536K [0x00000000d6700000, 0x00000000e0600000, 0x0000000100000000)
  eden space 65536K, 100% used [0x00000000d6700000,0x00000000da700000,0x00000000da700000)
  from space 5120K, 0% used [0x00000000da700000,0x00000000da700000,0x00000000dac00000)
  to   space 36864K, 0% used [0x00000000de200000,0x00000000de200000,0x00000000e0600000)
 ParOldGen       total 189952K, used 158153K [0x0000000083400000, 0x000000008ed80000, 0x00000000d6700000)
  object space 189952K, 83% used [0x0000000083400000,0x000000008ce72600,0x000000008ed80000)
 Metaspace       used 18863K, capacity 19134K, committed 19456K, reserved 1067008K
  class space    used 2364K, capacity 2479K, committed 2560K, reserved 1048576K
Event: 2.425 GC heap after
Heap after GC invocations=8 (full 3):
 PSYoungGen      total 70656K, used 0K [0x00000000d6700000, 0x00000000e0600000, 0x0000000100000000)
  eden space 65536K, 0% used [0x00000000d6700000,0x00000000d6700000,0x00000000da700000)
  from space 5120K, 0% used [0x00000000da700000,0x00000000da700000,0x00000000dac00000)
  to   space 36864K, 0% used [0x00000000de200000,0x00000000de200000,0x00000000e0600000)
 ParOldGen       total 299008K, used 158711K [0x0000000083400000, 0x0000000095800000, 0x00000000d6700000)
  object space 299008K, 53% used [0x0000000083400000,0x000000008cefdd58,0x0000000095800000)
 Metaspace       used 18863K, capacity 19134K, committed 19456K, reserved 1067008K
  class space    used 2364K, capacity 2479K, committed 2560K, reserved 1048576K
}

Deoptimization events (10 events):
Event: 1.528 Thread 0x0000017fe5548800 Uncommon trap: reason=class_check action=maybe_recompile pc=0x0000017fe737edec method=java.util.HashMap.putVal(ILjava/lang/Object;Ljava/lang/Object;ZZ)Ljava/lang/Object; @ 203
Event: 1.719 Thread 0x0000017ffdbb8000 Uncommon trap: reason=range_check action=make_not_entrant pc=0x0000017fe7450c24 method=java.awt.image.DirectColorModel.setFields()V @ 65
Event: 2.987 Thread 0x0000017ffd94d000 Uncommon trap: reason=class_check action=maybe_recompile pc=0x0000017fe73ac2a8 method=java.util.HashMap.putVal(ILjava/lang/Object;Ljava/lang/Object;ZZ)Ljava/lang/Object; @ 91
Event: 2.987 Thread 0x0000017ffd94d000 Uncommon trap: reason=class_check action=maybe_recompile pc=0x0000017fe73ac2a8 method=java.util.HashMap.putVal(ILjava/lang/Object;Ljava/lang/Object;ZZ)Ljava/lang/Object; @ 91
Event: 3.037 Thread 0x0000017fe5548800 Uncommon trap: reason=class_check action=maybe_recompile pc=0x0000017fe7013c54 method=java.lang.String.equals(Ljava/lang/Object;)Z @ 8
Event: 3.037 Thread 0x0000017fe5548800 Uncommon trap: reason=class_check action=maybe_recompile pc=0x0000017fe7013c54 method=java.lang.String.equals(Ljava/lang/Object;)Z @ 8
Event: 3.037 Thread 0x0000017fe5548800 Uncommon trap: reason=class_check action=maybe_recompile pc=0x0000017fe7013c54 method=java.lang.String.equals(Ljava/lang/Object;)Z @ 8
Event: 3.037 Thread 0x0000017fe5548800 Uncommon trap: reason=class_check action=maybe_recompile pc=0x0000017fe7013c54 method=java.lang.String.equals(Ljava/lang/Object;)Z @ 8
Event: 3.163 Thread 0x0000017fe5548800 Uncommon trap: reason=unstable_if action=reinterpret pc=0x0000017fe739a140 method=java.lang.CharacterData.of(I)Ljava/lang/CharacterData; @ 4
Event: 3.170 Thread 0x0000017fe5548800 Uncommon trap: reason=unstable_if action=reinterpret pc=0x0000017fe7584130 method=java.lang.Character.isSurrogate(C)Z @ 3

Classes redefined (0 events):
No events

Internal exceptions (10 events):
Event: 0.070 Thread 0x0000017fe5548800 Exception <a 'java/security/PrivilegedActionException'> (0x00000000d6899920) thrown at [C:\jenkins\workspace\8-2-build-windows-amd64-cygwin\jdk8u271\605\hotspot\src\share\vm\prims\jvm.cpp, line 1512]
Event: 0.070 Thread 0x0000017fe5548800 Exception <a 'java/security/PrivilegedActionException'> (0x00000000d6899b30) thrown at [C:\jenkins\workspace\8-2-build-windows-amd64-cygwin\jdk8u271\605\hotspot\src\share\vm\prims\jvm.cpp, line 1512]
Event: 0.071 Thread 0x0000017fe5548800 Exception <a 'java/security/PrivilegedActionException'> (0x00000000d689da40) thrown at [C:\jenkins\workspace\8-2-build-windows-amd64-cygwin\jdk8u271\605\hotspot\src\share\vm\prims\jvm.cpp, line 1512]
Event: 0.071 Thread 0x0000017fe5548800 Exception <a 'java/security/PrivilegedActionException'> (0x00000000d689dc50) thrown at [C:\jenkins\workspace\8-2-build-windows-amd64-cygwin\jdk8u271\605\hotspot\src\share\vm\prims\jvm.cpp, line 1512]
Event: 0.073 Thread 0x0000017fe5548800 Exception <a 'java/io/FileNotFoundException'> (0x00000000d689fba0) thrown at [C:\jenkins\workspace\8-2-build-windows-amd64-cygwin\jdk8u271\605\hotspot\src\share\vm\prims\jni.cpp, line 710]
Event: 0.097 Thread 0x0000017fe5548800 Exception <a 'java/lang/NoSuchFieldError': method resolution failed> (0x00000000d6971668) thrown at [C:\jenkins\workspace\8-2-build-windows-amd64-cygwin\jdk8u271\605\hotspot\src\share\vm\prims\methodHandles.cpp, line 1169]
Event: 0.098 Thread 0x0000017fe5548800 Exception <a 'java/lang/NoSuchFieldError': method resolution failed> (0x00000000d697ea38) thrown at [C:\jenkins\workspace\8-2-build-windows-amd64-cygwin\jdk8u271\605\hotspot\src\share\vm\prims\methodHandles.cpp, line 1169]
Event: 0.124 Thread 0x0000017fe5548800 Exception <a 'java/io/FileNotFoundException'> (0x00000000d6a18d18) thrown at [C:\jenkins\workspace\8-2-build-windows-amd64-cygwin\jdk8u271\605\hotspot\src\share\vm\prims\jni.cpp, line 710]
Event: 0.410 Thread 0x0000017ffd97c800 Implicit null exception at 0x0000017fe7068540 to 0x0000017fe7068a8d
Event: 0.411 Thread 0x0000017ffd97c800 Implicit null exception at 0x0000017fe705be3d to 0x0000017fe705bf91

Events (10 events):
Event: 3.219 loading class javax/swing/RepaintManager$2$1
Event: 3.219 loading class javax/swing/RepaintManager$2$1 done
Event: 3.223 loading class sun/awt/TimedWindowEvent
Event: 3.223 loading class sun/awt/TimedWindowEvent done
Event: 3.223 loading class java/awt/SequencedEvent
Event: 3.224 loading class java/awt/SequencedEvent done
Event: 3.224 loading class java/awt/SequencedEvent$1
Event: 3.224 loading class sun/awt/AWTAccessor$SequencedEventAccessor
Event: 3.224 loading class sun/awt/AWTAccessor$SequencedEventAccessor done
Event: 3.224 loading class java/awt/SequencedEvent$1 done


Dynamic libraries:
0x00007ff6fcf50000 - 0x00007ff6fcf97000 	C:\Program Files\Java\jdk1.8.0_271\bin\java.exe
0x00007ffebf480000 - 0x00007ffebf670000 	C:\Windows\SYSTEM32\ntdll.dll
0x00007ffebf000000 - 0x00007ffebf0b2000 	C:\Windows\System32\KERNEL32.DLL
0x00007ffebcfa0000 - 0x00007ffebd245000 	C:\Windows\System32\KERNELBASE.dll
0x00007ffebf0c0000 - 0x00007ffebf163000 	C:\Windows\System32\ADVAPI32.dll
0x00007ffebf3a0000 - 0x00007ffebf43e000 	C:\Windows\System32\msvcrt.dll
0x00007ffebd760000 - 0x00007ffebd7f7000 	C:\Windows\System32\sechost.dll
0x00007ffebe340000 - 0x00007ffebe460000 	C:\Windows\System32\RPCRT4.dll
0x00007ffebed30000 - 0x00007ffebeec4000 	C:\Windows\System32\USER32.dll
0x00007ffebc670000 - 0x00007ffebc691000 	C:\Windows\System32\win32u.dll
0x00007ffebddb0000 - 0x00007ffebddd6000 	C:\Windows\System32\GDI32.dll
0x00007ffebd280000 - 0x00007ffebd416000 	C:\Windows\System32\gdi32full.dll
0x00007ffebc5d0000 - 0x00007ffebc66e000 	C:\Windows\System32\msvcp_win.dll
0x00007ffebc3f0000 - 0x00007ffebc4ea000 	C:\Windows\System32\ucrtbase.dll
0x00007ffea7ac0000 - 0x00007ffea7d44000 	C:\Windows\WinSxS\amd64_microsoft.windows.common-controls_6595b64144ccf1df_6.0.18362.1256_none_9e7e379be45e40e2\COMCTL32.dll
0x00007ffebdea0000 - 0x00007ffebe1d6000 	C:\Windows\System32\combase.dll
0x00007ffebc4f0000 - 0x00007ffebc571000 	C:\Windows\System32\bcryptPrimitives.dll
0x00007ffebd8b0000 - 0x00007ffebd8de000 	C:\Windows\System32\IMM32.DLL
0x00007ffeb0500000 - 0x00007ffeb0515000 	C:\Program Files\Java\jdk1.8.0_271\jre\bin\vcruntime140.dll
0x00007ffe7fe80000 - 0x00007ffe7ff1b000 	C:\Program Files\Java\jdk1.8.0_271\jre\bin\msvcp140.dll
0x00000000511f0000 - 0x0000000051a5f000 	C:\Program Files\Java\jdk1.8.0_271\jre\bin\server\jvm.dll
0x00007ffebe1e0000 - 0x00007ffebe1e8000 	C:\Windows\System32\PSAPI.DLL
0x00007ffeb1f00000 - 0x00007ffeb1f09000 	C:\Windows\SYSTEM32\WSOCK32.dll
0x00007ffeb3de0000 - 0x00007ffeb3e04000 	C:\Windows\SYSTEM32\WINMM.dll
0x00007ffebeb50000 - 0x00007ffebebbf000 	C:\Windows\System32\WS2_32.dll
0x00007ffeb2b90000 - 0x00007ffeb2b9a000 	C:\Windows\SYSTEM32\VERSION.dll
0x00007ffeb3db0000 - 0x00007ffeb3ddd000 	C:\Windows\SYSTEM32\winmmbase.dll
0x00007ffebc580000 - 0x00007ffebc5ca000 	C:\Windows\System32\cfgmgr32.dll
0x00007ffebc360000 - 0x00007ffebc371000 	C:\Windows\System32\kernel.appcore.dll
0x00007ffeb04c0000 - 0x00007ffeb04d0000 	C:\Program Files\Java\jdk1.8.0_271\jre\bin\verify.dll
0x00007ffea8f60000 - 0x00007ffea8f8b000 	C:\Program Files\Java\jdk1.8.0_271\jre\bin\java.dll
0x00007ffea42d0000 - 0x00007ffea42e8000 	C:\Program Files\Java\jdk1.8.0_271\jre\bin\zip.dll
0x00007ffebe460000 - 0x00007ffebeb47000 	C:\Windows\System32\SHELL32.dll
0x00007ffebdde0000 - 0x00007ffebde89000 	C:\Windows\System32\shcore.dll
0x00007ffebc810000 - 0x00007ffebcf91000 	C:\Windows\System32\windows.storage.dll
0x00007ffebc330000 - 0x00007ffebc353000 	C:\Windows\System32\profapi.dll
0x00007ffebc3a0000 - 0x00007ffebc3ea000 	C:\Windows\System32\powrprof.dll
0x00007ffebc320000 - 0x00007ffebc330000 	C:\Windows\System32\UMPDC.dll
0x00007ffebeed0000 - 0x00007ffebef22000 	C:\Windows\System32\shlwapi.dll
0x00007ffebc7f0000 - 0x00007ffebc807000 	C:\Windows\System32\cryptsp.dll
0x00007ffe5f640000 - 0x00007ffe5f7d4000 	C:\Program Files\Java\jdk1.8.0_271\jre\bin\awt.dll
0x00007ffebef30000 - 0x00007ffebeff5000 	C:\Windows\System32\OLEAUT32.dll
0x00007ffeb6f80000 - 0x00007ffeb700f000 	C:\Windows\SYSTEM32\apphelp.dll
0x00007ffeba600000 - 0x00007ffeba62d000 	C:\Windows\system32\DWMAPI.DLL
0x00007ffeb70c0000 - 0x00007ffeb7159000 	C:\Windows\system32\uxtheme.dll
0x00007ffe9c750000 - 0x00007ffe9c8a6000 	C:\Windows\system32\opengl32.dll
0x00007ffea6700000 - 0x00007ffea672c000 	C:\Windows\SYSTEM32\GLU32.dll
0x00007ffebaf60000 - 0x00007ffebaf80000 	C:\Windows\SYSTEM32\dxcore.dll
0x00007ffebf170000 - 0x00007ffebf2a5000 	C:\Windows\System32\MSCTF.dll
0x00007ffe7f0d0000 - 0x00007ffe7f1cb000 	C:\ProgramData\A-Volute\A-Volute.SonicStudio3\Modules\ScheduledModules\x64\A-Volute.SonicStudio3DevProps2.dll
0x00007ffebebd0000 - 0x00007ffebed27000 	C:\Windows\System32\ole32.dll
0x00007ffea4170000 - 0x00007ffea41a2000 	C:\Program Files\Java\jdk1.8.0_271\jre\bin\jpeg.dll
0x00007ffea40f0000 - 0x00007ffea410c000 	C:\Program Files\Java\jdk1.8.0_271\jre\bin\net.dll
0x00007ffebbb70000 - 0x00007ffebbbd7000 	C:\Windows\system32\mswsock.dll
0x00007ffebb8c0000 - 0x00007ffebb98b000 	C:\Windows\SYSTEM32\DNSAPI.dll
0x0000017fe5640000 - 0x0000017fe5648000 	C:\Windows\System32\NSI.dll
0x00007ffebb880000 - 0x00007ffebb8ba000 	C:\Windows\SYSTEM32\IPHLPAPI.DLL
0x00007ffeb3da0000 - 0x00007ffeb3daa000 	C:\Windows\System32\rasadhlp.dll
0x00007ffeb1dc0000 - 0x00007ffeb1e37000 	C:\Windows\System32\fwpuclnt.dll
0x00007ffebd250000 - 0x00007ffebd276000 	C:\Windows\System32\bcrypt.dll
0x00007ffebb6e0000 - 0x00007ffebb713000 	C:\Windows\system32\rsaenh.dll
0x00007ffebc200000 - 0x00007ffebc225000 	C:\Windows\SYSTEM32\USERENV.dll
0x00007ffebbd40000 - 0x00007ffebbd4c000 	C:\Windows\SYSTEM32\CRYPTBASE.dll
0x00007ffeb1fa0000 - 0x00007ffeb1fb6000 	C:\Windows\SYSTEM32\dhcpcsvc6.DLL
0x00007ffeb2ba0000 - 0x00007ffeb2bbc000 	C:\Windows\SYSTEM32\dhcpcsvc.DLL
0x00007ffea40d0000 - 0x00007ffea40e3000 	C:\Program Files\Java\jdk1.8.0_271\jre\bin\nio.dll
0x00007ffe84280000 - 0x00007ffe842a4000 	C:\Program Files\Java\jdk1.8.0_271\jre\bin\sunec.dll
0x00007ffeae230000 - 0x00007ffeae23d000 	C:\Program Files\Java\jdk1.8.0_271\jre\bin\sunmscapi.dll
0x00007ffebc6a0000 - 0x00007ffebc7e9000 	C:\Windows\System32\CRYPT32.dll
0x00007ffebc380000 - 0x00007ffebc392000 	C:\Windows\System32\MSASN1.dll
0x00007ffebbe40000 - 0x00007ffebbe66000 	C:\Windows\SYSTEM32\ncrypt.dll
0x00007ffebbe00000 - 0x00007ffebbe3b000 	C:\Windows\SYSTEM32\NTASN1.dll
0x00007ffe7d600000 - 0x00007ffe7d616000 	C:\Windows\system32\napinsp.dll
0x00007ffe7d5e0000 - 0x00007ffe7d5fa000 	C:\Windows\system32\pnrpnsp.dll
0x00007ffe979a0000 - 0x00007ffe979ae000 	C:\Windows\System32\winrnr.dll
0x00007ffeb5820000 - 0x00007ffeb583c000 	C:\Windows\system32\NLAapi.dll
0x00007ffeb4b20000 - 0x00007ffeb4b35000 	C:\Windows\system32\wshbth.dll
0x00007ffea4080000 - 0x00007ffea40c9000 	C:\Program Files\Java\jdk1.8.0_271\jre\bin\fontmanager.dll
0x00007ffe86c50000 - 0x00007ffe86c93000 	C:\Program Files\Java\jdk1.8.0_271\jre\bin\t2k.dll
0x00007ffebd800000 - 0x00007ffebd8a2000 	C:\Windows\System32\clbcatq.dll
0x00007ffeb29e0000 - 0x00007ffeb2b8f000 	C:\Windows\SYSTEM32\WindowsCodecs.dll
0x00007ffea3440000 - 0x00007ffea347a000 	C:\Windows\system32\dataexchange.dll
0x00007ffeb6160000 - 0x00007ffeb63bb000 	C:\Windows\system32\d3d11.dll
0x00007ffeb6820000 - 0x00007ffeb69fd000 	C:\Windows\system32\dcomp.dll
0x00007ffebaff0000 - 0x00007ffebb0db000 	C:\Windows\system32\dxgi.dll
0x00007ffeba370000 - 0x00007ffeba5d2000 	C:\Windows\system32\twinapi.appcore.dll
0x00007ffeba7b0000 - 0x00007ffeba7d9000 	C:\Windows\system32\RMCLIENT.dll

VM Arguments:
jvm_args: -Dfile.encoding=UTF-8 
java_command: liabrarymanagementsystem.admin1
java_class_path (initial): C:\Users\ASUS\OneDrive\Documents\NetBeansProjects\LiabraryManagementSystem\src\jar\sqljdbc4.jar;C:\Users\ASUS\OneDrive\Documents\NetBeansProjects\LiabraryManagementSystem\src\jar\jcalendar-tz-1.3.3-4.jar;C:\Users\ASUS\OneDrive\Documents\NetBeansProjects\LiabraryManagementSystem\src\jar\rs2xml.jar;C:\Users\ASUS\OneDrive\Documents\NetBeansProjects\LiabraryManagementSystem\src\jar\mysql-connector-java-5.1.49-bin.jar;C:\Users\ASUS\OneDrive\Documents\NetBeansProjects\LiabraryManagementSystem\src\jar\mysql-connector-java-5.1.49.jar;C:\Users\ASUS\OneDrive\Documents\NetBeansProjects\LiabraryManagementSystem\build\classes
Launcher Type: SUN_STANDARD

Environment Variables:
PATH=C:\Program Files (x86)\Common Files\Oracle\Java\javapath;C:\Windows\system32;C:\Windows;C:\Windows\System32\Wbem;C:\Windows\System32\WindowsPowerShell\v1.0\;C:\Windows\System32\OpenSSH\;C:\Program Files (x86)\NVIDIA Corporation\PhysX\Common;C:\Program Files\NVIDIA Corporation\NVIDIA NvDLISR;C:\Program Files (x86)\Microsoft SQL Server\100\Tools\Binn\VSShell\Common7\IDE\;C:\Program Files (x86)\Microsoft SQL Server\100\Tools\Binn\;C:\Program Files\Microsoft SQL Server\100\Tools\Binn\;C:\Program Files (x86)\Microsoft SQL Server\100\DTS\Binn\;C:\Program Files\Microsoft SQL Server\100\DTS\Binn\;%PIXIEHOME%\bin;C:\Users\ASUS\AppData\Local\Microsoft\WindowsApps;
USERNAME=ASUS
OS=Windows_NT
PROCESSOR_IDENTIFIER=Intel64 Family 6 Model 165 Stepping 2, GenuineIntel



---------------  S Y S T E M  ---------------

OS: Windows 10.0 , 64 bit Build 18362 (10.0.18362.1110)

CPU:total 8 (initial active 8) (4 cores per cpu, 2 threads per core) family 6 model 165 stepping 2, cmov, cx8, fxsr, mmx, sse, sse2, sse3, ssse3, sse4.1, sse4.2, popcnt, avx, avx2, aes, clmul, erms, 3dnowpref, lzcnt, ht, tsc, tscinvbit, bmi1, bmi2, adx

Memory: 4k page, physical 8170680k(267160k free), swap 27951584k(3440k free)

vm_info: Java HotSpot(TM) 64-Bit Server VM (25.271-b09) for windows-amd64 JRE (1.8.0_271-b09), built on Sep 16 2020 19:14:59 by "" with MS VC++ 15.9 (VS2017)

time: Wed Jan  6 00:47:46 2021
timezone: Bangladesh Standard Time
elapsed time: 3.235481 seconds (0d 0h 0m 3s)

