#
# There is insufficient memory for the Java Runtime Environment to continue.
# Native memory allocation (malloc) failed to allocate 142576 bytes for Chunk::new
# Possible reasons:
#   The system is out of physical RAM or swap space
#   The process is running with CompressedOops enabled, and the Java Heap may be blocking the growth of the native heap
# Possible solutions:
#   Reduce memory load on the system
#   Increase physical memory or swap space
#   Check if swap backing store is full
#   Decrease Java heap size (-Xmx/-Xms)
#   Decrease number of Java threads
#   Decrease Java thread stack sizes (-Xss)
#   Set larger code cache with -XX:ReservedCodeCacheSize=
#   JVM is running with Unscaled Compressed Oops mode in which the Java heap is
#     placed in the first 4GB address space. The Java Heap base address is the
#     maximum limit for the native heap growth. Please use -XX:HeapBaseMinAddress
#     to set the Java Heap base and to place the Java Heap above 4GB virtual address.
# This output file may be truncated or incomplete.
#
#  Out of Memory Error (allocation.cpp:389), pid=11800, tid=0x00000000000054fc
#
# JRE version: Java(TM) SE Runtime Environment (8.0_271-b09) (build 1.8.0_271-b09)
# Java VM: Java HotSpot(TM) 64-Bit Server VM (25.271-b09 mixed mode windows-amd64 compressed oops)
# Failed to write core dump. Minidumps are not enabled by default on client versions of Windows
#

---------------  T H R E A D  ---------------

Current thread (0x00000282da86a000):  JavaThread "C2 CompilerThread1" daemon [_thread_in_native, id=21756, stack(0x000000f7b1700000,0x000000f7b1800000)]

Stack: [0x000000f7b1700000,0x000000f7b1800000]
Native frames: (J=compiled Java code, j=interpreted, Vv=VM code, C=native code)
V  [jvm.dll+0x33f6c9]


Current CompileTask:
C2:   4322 2434   !   4       sun.awt.PostEventQueue::flush (168 bytes)


---------------  P R O C E S S  ---------------

Java Threads: ( => current thread )
  0x00000282ddd96800 JavaThread "AWT-EventQueue-0" [_thread_blocked, id=8604, stack(0x000000f7b2300000,0x000000f7b2400000)]
  0x00000282ddd93000 JavaThread "AWT-Shutdown" [_thread_blocked, id=13228, stack(0x000000f7b1d00000,0x000000f7b1e00000)]
  0x00000282dc2b6000 JavaThread "mysql-cj-abandoned-connection-cleanup" daemon [_thread_blocked, id=22484, stack(0x000000f7b2100000,0x000000f7b2200000)]
  0x00000282dc19c000 JavaThread "Image Fetcher 1" daemon [_thread_blocked, id=15676, stack(0x000000f7b2000000,0x000000f7b2100000)]
  0x00000282dbfd4000 JavaThread "AWT-Windows" daemon [_thread_in_native, id=13956, stack(0x000000f7b1e00000,0x000000f7b1f00000)]
  0x00000282dbfc7800 JavaThread "Java2D Disposer" daemon [_thread_blocked, id=1448, stack(0x000000f7b1c00000,0x000000f7b1d00000)]
  0x00000282da8ec000 JavaThread "Service Thread" daemon [_thread_blocked, id=24420, stack(0x000000f7b1a00000,0x000000f7b1b00000)]
  0x00000282da877800 JavaThread "C1 CompilerThread3" daemon [_thread_in_native, id=23548, stack(0x000000f7b1900000,0x000000f7b1a00000)]
  0x00000282da86b800 JavaThread "C2 CompilerThread2" daemon [_thread_in_native, id=15664, stack(0x000000f7b1800000,0x000000f7b1900000)]
=>0x00000282da86a000 JavaThread "C2 CompilerThread1" daemon [_thread_in_native, id=21756, stack(0x000000f7b1700000,0x000000f7b1800000)]
  0x00000282da868000 JavaThread "C2 CompilerThread0" daemon [_thread_in_native, id=8104, stack(0x000000f7b1600000,0x000000f7b1700000)]
  0x00000282da866800 JavaThread "Attach Listener" daemon [_thread_blocked, id=18384, stack(0x000000f7b1500000,0x000000f7b1600000)]
  0x00000282da866000 JavaThread "Signal Dispatcher" daemon [_thread_blocked, id=24388, stack(0x000000f7b1400000,0x000000f7b1500000)]
  0x00000282da83f000 JavaThread "Finalizer" daemon [_thread_blocked, id=18576, stack(0x000000f7b1300000,0x000000f7b1400000)]
  0x00000282d9c38000 JavaThread "Reference Handler" daemon [_thread_blocked, id=2104, stack(0x000000f7b1200000,0x000000f7b1300000)]
  0x00000282c3d26800 JavaThread "main" [_thread_in_Java, id=14800, stack(0x000000f7b0800000,0x000000f7b0900000)]

Other Threads:
  0x00000282da814800 VMThread [stack: 0x000000f7b1100000,0x000000f7b1200000] [id=19892]
  0x00000282da8ee800 WatcherThread [stack: 0x000000f7b1b00000,0x000000f7b1c00000] [id=11508]

VM state:not at safepoint (normal execution)

VM Mutex/Monitor currently owned by a thread: None

OutOfMemory and StackOverflow Exception counts:
OutOfMemoryError java_heap_errors=1

heap address: 0x0000000083400000, size: 1996 MB, Compressed Oops mode: 32-bit
Narrow klass base: 0x0000000000000000, Narrow klass shift: 3
Compressed class space size: 1073741824 Address: 0x0000000100000000

Heap:
 PSYoungGen      total 70656K, used 17506K [0x00000000d6700000, 0x00000000db100000, 0x0000000100000000)
  eden space 65536K, 26% used [0x00000000d6700000,0x00000000d7818bc8,0x00000000da700000)
  from space 5120K, 0% used [0x00000000dac00000,0x00000000dac00000,0x00000000db100000)
  to   space 5120K, 0% used [0x00000000da700000,0x00000000da700000,0x00000000dac00000)
 ParOldGen       total 86016K, used 66423K [0x0000000083400000, 0x0000000088800000, 0x00000000d6700000)
  object space 86016K, 77% used [0x0000000083400000,0x00000000874ddf00,0x0000000088800000)
 Metaspace       used 19421K, capacity 19656K, committed 19968K, reserved 1067008K
  class space    used 2420K, capacity 2504K, committed 2560K, reserved 1048576K

Card table byte_map: [0x00000282d4a30000,0x00000282d4e20000] byte_map_base: 0x00000282d4616000

Marking Bits: (ParMarkBitMap*) 0x00000000519e7fe0
 Begin Bits: [0x00000282d50c0000, 0x00000282d6ff0000)
 End Bits:   [0x00000282d6ff0000, 0x00000282d8f20000)

Polling page: 0x00000282c3e70000

CodeCache: size=245760Kb used=8083Kb max_used=8083Kb free=237676Kb
 bounds [0x00000282c5670000, 0x00000282c5e60000, 0x00000282d4670000]
 total_blobs=3030 nmethods=2501 adapters=440
 compilation: enabled

Compilation events (10 events):
Event: 4.319 Thread 0x00000282da877800 2496       3       java.nio.Bits::getChar (18 bytes)
Event: 4.319 Thread 0x00000282da868000 2497       4       java.lang.String::equals (81 bytes)
Event: 4.320 Thread 0x00000282da877800 nmethod 2496 0x00000282c5e54690 code [0x00000282c5e54840, 0x00000282c5e54ec0]
Event: 4.320 Thread 0x00000282da877800 2499       3       java.io.File::isAbsolute (8 bytes)
Event: 4.320 Thread 0x00000282da877800 nmethod 2499 0x00000282c5e4fa10 code [0x00000282c5e4fb80, 0x00000282c5e4fd30]
Event: 4.320 Thread 0x00000282da877800 2500       3       java.io.WinNTFileSystem::isAbsolute (36 bytes)
Event: 4.320 Thread 0x00000282da877800 nmethod 2500 0x00000282c5e53e90 code [0x00000282c5e54020, 0x00000282c5e54490]
Event: 4.320 Thread 0x00000282da877800 2502       3       sun.font.SunFontManager::registerFontFile (86 bytes)
Event: 4.320 Thread 0x00000282da877800 nmethod 2502 0x00000282c5e533d0 code [0x00000282c5e535c0, 0x00000282c5e53c40]
Event: 4.320 Thread 0x00000282da877800 2498   !   3       java.nio.charset.CharsetDecoder::decode (287 bytes)

GC Heap History (10 events):
Event: 2.383 GC heap before
{Heap before GC invocations=7 (full 3):
 PSYoungGen      total 70656K, used 2328K [0x00000000d6700000, 0x00000000db100000, 0x0000000100000000)
  eden space 65536K, 3% used [0x00000000d6700000,0x00000000d69462c8,0x00000000da700000)
  from space 5120K, 0% used [0x00000000dac00000,0x00000000dac00000,0x00000000db100000)
  to   space 5120K, 0% used [0x00000000da700000,0x00000000da700000,0x00000000dac00000)
 ParOldGen       total 86016K, used 71981K [0x0000000083400000, 0x0000000088800000, 0x00000000d6700000)
  object space 86016K, 83% used [0x0000000083400000,0x0000000087a4b4f0,0x0000000088800000)
 Metaspace       used 18799K, capacity 19034K, committed 19456K, reserved 1067008K
  class space    used 2360K, capacity 2439K, committed 2560K, reserved 1048576K
Event: 2.384 GC heap after
Heap after GC invocations=7 (full 3):
 PSYoungGen      total 70656K, used 224K [0x00000000d6700000, 0x00000000db100000, 0x0000000100000000)
  eden space 65536K, 0% used [0x00000000d6700000,0x00000000d6700000,0x00000000da700000)
  from space 5120K, 4% used [0x00000000da700000,0x00000000da738000,0x00000000dac00000)
  to   space 5120K, 0% used [0x00000000dac00000,0x00000000dac00000,0x00000000db100000)
 ParOldGen       total 86016K, used 71989K [0x0000000083400000, 0x0000000088800000, 0x00000000d6700000)
  object space 86016K, 83% used [0x0000000083400000,0x0000000087a4d4f0,0x0000000088800000)
 Metaspace       used 18799K, capacity 19034K, committed 19456K, reserved 1067008K
  class space    used 2360K, capacity 2439K, committed 2560K, reserved 1048576K
}
Event: 2.384 GC heap before
{Heap before GC invocations=8 (full 4):
 PSYoungGen      total 70656K, used 224K [0x00000000d6700000, 0x00000000db100000, 0x0000000100000000)
  eden space 65536K, 0% used [0x00000000d6700000,0x00000000d6700000,0x00000000da700000)
  from space 5120K, 4% used [0x00000000da700000,0x00000000da738000,0x00000000dac00000)
  to   space 5120K, 0% used [0x00000000dac00000,0x00000000dac00000,0x00000000db100000)
 ParOldGen       total 86016K, used 71989K [0x0000000083400000, 0x0000000088800000, 0x00000000d6700000)
  object space 86016K, 83% used [0x0000000083400000,0x0000000087a4d4f0,0x0000000088800000)
 Metaspace       used 18799K, capacity 19034K, committed 19456K, reserved 1067008K
  class space    used 2360K, capacity 2439K, committed 2560K, reserved 1048576K
Event: 2.398 GC heap after
Heap after GC invocations=8 (full 4):
 PSYoungGen      total 70656K, used 0K [0x00000000d6700000, 0x00000000db100000, 0x0000000100000000)
  eden space 65536K, 0% used [0x00000000d6700000,0x00000000d6700000,0x00000000da700000)
  from space 5120K, 0% used [0x00000000da700000,0x00000000da700000,0x00000000dac00000)
  to   space 5120K, 0% used [0x00000000dac00000,0x00000000dac00000,0x00000000db100000)
 ParOldGen       total 86016K, used 71716K [0x0000000083400000, 0x0000000088800000, 0x00000000d6700000)
  object space 86016K, 83% used [0x0000000083400000,0x0000000087a093f0,0x0000000088800000)
 Metaspace       used 18799K, capacity 19034K, committed 19456K, reserved 1067008K
  class space    used 2360K, capacity 2439K, committed 2560K, reserved 1048576K
}
Event: 2.398 GC heap before
{Heap before GC invocations=9 (full 4):
 PSYoungGen      total 70656K, used 0K [0x00000000d6700000, 0x00000000db100000, 0x0000000100000000)
  eden space 65536K, 0% used [0x00000000d6700000,0x00000000d6700000,0x00000000da700000)
  from space 5120K, 0% used [0x00000000da700000,0x00000000da700000,0x00000000dac00000)
  to   space 5120K, 0% used [0x00000000dac00000,0x00000000dac00000,0x00000000db100000)
 ParOldGen       total 86016K, used 71716K [0x0000000083400000, 0x0000000088800000, 0x00000000d6700000)
  object space 86016K, 83% used [0x0000000083400000,0x0000000087a093f0,0x0000000088800000)
 Metaspace       used 18799K, capacity 19034K, committed 19456K, reserved 1067008K
  class space    used 2360K, capacity 2439K, committed 2560K, reserved 1048576K
Event: 2.399 GC heap after
Heap after GC invocations=9 (full 4):
 PSYoungGen      total 70656K, used 0K [0x00000000d6700000, 0x00000000db100000, 0x0000000100000000)
  eden space 65536K, 0% used [0x00000000d6700000,0x00000000d6700000,0x00000000da700000)
  from space 5120K, 0% used [0x00000000dac00000,0x00000000dac00000,0x00000000db100000)
  to   space 5120K, 0% used [0x00000000da700000,0x00000000da700000,0x00000000dac00000)
 ParOldGen       total 86016K, used 71716K [0x0000000083400000, 0x0000000088800000, 0x00000000d6700000)
  object space 86016K, 83% used [0x0000000083400000,0x0000000087a093f0,0x0000000088800000)
 Metaspace       used 18799K, capacity 19034K, committed 19456K, reserved 1067008K
  class space    used 2360K, capacity 2439K, committed 2560K, reserved 1048576K
}
Event: 2.399 GC heap before
{Heap before GC invocations=10 (full 5):
 PSYoungGen      total 70656K, used 0K [0x00000000d6700000, 0x00000000db100000, 0x0000000100000000)
  eden space 65536K, 0% used [0x00000000d6700000,0x00000000d6700000,0x00000000da700000)
  from space 5120K, 0% used [0x00000000dac00000,0x00000000dac00000,0x00000000db100000)
  to   space 5120K, 0% used [0x00000000da700000,0x00000000da700000,0x00000000dac00000)
 ParOldGen       total 86016K, used 71716K [0x0000000083400000, 0x0000000088800000, 0x00000000d6700000)
  object space 86016K, 83% used [0x0000000083400000,0x0000000087a093f0,0x0000000088800000)
 Metaspace       used 18799K, capacity 19034K, committed 19456K, reserved 1067008K
  class space    used 2360K, capacity 2439K, committed 2560K, reserved 1048576K
Event: 2.415 GC heap after
Heap after GC invocations=10 (full 5):
 PSYoungGen      total 70656K, used 0K [0x00000000d6700000, 0x00000000db100000, 0x0000000100000000)
  eden space 65536K, 0% used [0x00000000d6700000,0x00000000d6700000,0x00000000da700000)
  from space 5120K, 0% used [0x00000000dac00000,0x00000000dac00000,0x00000000db100000)
  to   space 5120K, 0% used [0x00000000da700000,0x00000000da700000,0x00000000dac00000)
 ParOldGen       total 86016K, used 16653K [0x0000000083400000, 0x0000000088800000, 0x00000000d6700000)
  object space 86016K, 19% used [0x0000000083400000,0x00000000844434c0,0x0000000088800000)
 Metaspace       used 18748K, capacity 18952K, committed 19456K, reserved 1067008K
  class space    used 2350K, capacity 2422K, committed 2560K, reserved 1048576K
}
Event: 3.520 GC heap before
{Heap before GC invocations=11 (full 6):
 PSYoungGen      total 70656K, used 65530K [0x00000000d6700000, 0x00000000db100000, 0x0000000100000000)
  eden space 65536K, 99% used [0x00000000d6700000,0x00000000da6fe850,0x00000000da700000)
  from space 5120K, 0% used [0x00000000dac00000,0x00000000dac00000,0x00000000db100000)
  to   space 5120K, 0% used [0x00000000da700000,0x00000000da700000,0x00000000dac00000)
 ParOldGen       total 86016K, used 57380K [0x0000000083400000, 0x0000000088800000, 0x00000000d6700000)
  object space 86016K, 66% used [0x0000000083400000,0x0000000086c093d0,0x0000000088800000)
 Metaspace       used 18917K, capacity 19188K, committed 19712K, reserved 1067008K
  class space    used 2364K, capacity 2456K, committed 2560K, reserved 1048576K
Event: 3.564 GC heap after
Heap after GC invocations=11 (full 6):
 PSYoungGen      total 70656K, used 0K [0x00000000d6700000, 0x00000000db100000, 0x0000000100000000)
  eden space 65536K, 0% used [0x00000000d6700000,0x00000000d6700000,0x00000000da700000)
  from space 5120K, 0% used [0x00000000dac00000,0x00000000dac00000,0x00000000db100000)
  to   space 5120K, 0% used [0x00000000da700000,0x00000000da700000,0x00000000dac00000)
 ParOldGen       total 86016K, used 66423K [0x0000000083400000, 0x0000000088800000, 0x00000000d6700000)
  object space 86016K, 77% used [0x0000000083400000,0x00000000874ddf00,0x0000000088800000)
 Metaspace       used 18917K, capacity 19188K, committed 19712K, reserved 1067008K
  class space    used 2364K, capacity 2456K, committed 2560K, reserved 1048576K
}

Deoptimization events (10 events):
Event: 1.180 Thread 0x00000282c3d26800 Uncommon trap: reason=predicate action=maybe_recompile pc=0x00000282c5b34940 method=java.util.ArrayList.indexOf(Ljava/lang/Object;)I @ 44
Event: 1.817 Thread 0x00000282dc19c000 Uncommon trap: reason=range_check action=make_not_entrant pc=0x00000282c5c63824 method=java.awt.image.DirectColorModel.setFields()V @ 65
Event: 1.827 Thread 0x00000282c3d26800 Uncommon trap: reason=unstable_if action=reinterpret pc=0x00000282c5cb1ebc method=sun.awt.SunToolkit.isInstanceOf(Ljava/lang/Class;Ljava/lang/String;)Z @ 14
Event: 2.859 Thread 0x00000282c3d26800 Uncommon trap: reason=null_check action=make_not_entrant pc=0x00000282c5ca24b8 method=java.lang.Class.reflectionData()Ljava/lang/Class$ReflectionData; @ 24
Event: 2.860 Thread 0x00000282c3d26800 Uncommon trap: reason=null_check action=make_not_entrant pc=0x00000282c5c2b834 method=java.lang.Class.reflectionData()Ljava/lang/Class$ReflectionData; @ 24
Event: 2.865 Thread 0x00000282c3d26800 Uncommon trap: reason=class_check action=maybe_recompile pc=0x00000282c57ea214 method=java.lang.String.equals(Ljava/lang/Object;)Z @ 8
Event: 2.940 Thread 0x00000282ddd96800 Uncommon trap: reason=unstable_if action=reinterpret pc=0x00000282c5d3724c method=java.security.AccessControlContext.optimize()Ljava/security/AccessControlContext; @ 220
Event: 4.319 Thread 0x00000282c3d26800 Uncommon trap: reason=class_check action=maybe_recompile pc=0x00000282c57ea214 method=java.lang.String.equals(Ljava/lang/Object;)Z @ 8
Event: 4.319 Thread 0x00000282c3d26800 Uncommon trap: reason=class_check action=maybe_recompile pc=0x00000282c57ea214 method=java.lang.String.equals(Ljava/lang/Object;)Z @ 8
Event: 4.319 Thread 0x00000282c3d26800 Uncommon trap: reason=class_check action=maybe_recompile pc=0x00000282c57ea214 method=java.lang.String.equals(Ljava/lang/Object;)Z @ 8

Classes redefined (0 events):
No events

Internal exceptions (10 events):
Event: 2.862 Thread 0x00000282dc19c000 Exception <a 'sun/awt/image/ImageFormatException': Insufficient memory (case 4)> (0x00000000d6d89350) thrown at [C:\jenkins\workspace\8-2-build-windows-amd64-cygwin\jdk8u271\605\hotspot\src\share\vm\prims\jni.cpp, line 737]
Event: 2.887 Thread 0x00000282dc19c000 Exception <a 'sun/awt/image/ImageFormatException': Insufficient memory (case 4)> (0x00000000d6d8e890) thrown at [C:\jenkins\workspace\8-2-build-windows-amd64-cygwin\jdk8u271\605\hotspot\src\share\vm\prims\jni.cpp, line 737]
Event: 2.887 Thread 0x00000282dc19c000 Exception <a 'sun/awt/image/ImageFormatException': Insufficient memory (case 4)> (0x00000000d6d941a8) thrown at [C:\jenkins\workspace\8-2-build-windows-amd64-cygwin\jdk8u271\605\hotspot\src\share\vm\prims\jni.cpp, line 737]
Event: 2.942 Thread 0x00000282dc19c000 Exception <a 'sun/awt/image/ImageFormatException': Insufficient memory (case 4)> (0x00000000d7a90288) thrown at [C:\jenkins\workspace\8-2-build-windows-amd64-cygwin\jdk8u271\605\hotspot\src\share\vm\prims\jni.cpp, line 737]
Event: 2.942 Thread 0x00000282dc19c000 Exception <a 'sun/awt/image/ImageFormatException': Insufficient memory (case 4)> (0x00000000d7a96960) thrown at [C:\jenkins\workspace\8-2-build-windows-amd64-cygwin\jdk8u271\605\hotspot\src\share\vm\prims\jni.cpp, line 737]
Event: 2.951 Thread 0x00000282dc19c000 Exception <a 'sun/awt/image/ImageFormatException': Insufficient memory (case 4)> (0x00000000d7ba58e0) thrown at [C:\jenkins\workspace\8-2-build-windows-amd64-cygwin\jdk8u271\605\hotspot\src\share\vm\prims\jni.cpp, line 737]
Event: 4.267 Thread 0x00000282dc19c000 Exception <a 'sun/awt/image/ImageFormatException': Insufficient memory (case 4)> (0x00000000d734d9c8) thrown at [C:\jenkins\workspace\8-2-build-windows-amd64-cygwin\jdk8u271\605\hotspot\src\share\vm\prims\jni.cpp, line 737]
Event: 4.267 Thread 0x00000282dc19c000 Exception <a 'sun/awt/image/ImageFormatException': Insufficient memory (case 4)> (0x00000000d7353648) thrown at [C:\jenkins\workspace\8-2-build-windows-amd64-cygwin\jdk8u271\605\hotspot\src\share\vm\prims\jni.cpp, line 737]
Event: 4.277 Thread 0x00000282dc19c000 Exception <a 'sun/awt/image/ImageFormatException': Insufficient memory (case 4)> (0x00000000d7358f60) thrown at [C:\jenkins\workspace\8-2-build-windows-amd64-cygwin\jdk8u271\605\hotspot\src\share\vm\prims\jni.cpp, line 737]
Event: 4.297 Thread 0x00000282dc19c000 Exception <a 'sun/awt/image/ImageFormatException': Insufficient memory (case 4)> (0x00000000d735e878) thrown at [C:\jenkins\workspace\8-2-build-windows-amd64-cygwin\jdk8u271\605\hotspot\src\share\vm\prims\jni.cpp, line 737]

Events (10 events):
Event: 4.319 Thread 0x00000282c3d26800 DEOPT PACKING pc=0x00000282c57ea214 sp=0x000000f7b08fdec0
Event: 4.319 Thread 0x00000282c3d26800 DEOPT UNPACKING pc=0x00000282c56b5843 sp=0x000000f7b08fde50 mode 2
Event: 4.319 Thread 0x00000282c3d26800 Uncommon trap: trap_request=0xffffffde fr.pc=0x00000282c57ea214
Event: 4.319 Thread 0x00000282c3d26800 DEOPT PACKING pc=0x00000282c57ea214 sp=0x000000f7b08fdec0
Event: 4.319 Thread 0x00000282c3d26800 DEOPT UNPACKING pc=0x00000282c56b5843 sp=0x000000f7b08fde50 mode 2
Event: 4.319 Thread 0x00000282c3d26800 Uncommon trap: trap_request=0xffffffde fr.pc=0x00000282c57ea214
Event: 4.319 Thread 0x00000282c3d26800 DEOPT PACKING pc=0x00000282c57ea214 sp=0x000000f7b08fdec0
Event: 4.319 Thread 0x00000282c3d26800 DEOPT UNPACKING pc=0x00000282c56b5843 sp=0x000000f7b08fde50 mode 2
Event: 4.320 loading class sun/font/SunFontManager$11
Event: 4.320 loading class sun/font/SunFontManager$11 done


Dynamic libraries:
0x00007ff6fcf50000 - 0x00007ff6fcf97000 	C:\Program Files\Java\jdk1.8.0_271\bin\java.exe
0x00007ffebf480000 - 0x00007ffebf670000 	C:\Windows\SYSTEM32\ntdll.dll
0x00007ffebf000000 - 0x00007ffebf0b2000 	C:\Windows\System32\KERNEL32.DLL
0x00007ffebcfa0000 - 0x00007ffebd245000 	C:\Windows\System32\KERNELBASE.dll
0x00007ffebf0c0000 - 0x00007ffebf163000 	C:\Windows\System32\ADVAPI32.dll
0x00007ffebf3a0000 - 0x00007ffebf43e000 	C:\Windows\System32\msvcrt.dll
0x00007ffebd760000 - 0x00007ffebd7f7000 	C:\Windows\System32\sechost.dll
0x00007ffebe340000 - 0x00007ffebe460000 	C:\Windows\System32\RPCRT4.dll
0x00007ffebed30000 - 0x00007ffebeec4000 	C:\Windows\System32\USER32.dll
0x00007ffebc670000 - 0x00007ffebc691000 	C:\Windows\System32\win32u.dll
0x00007ffebddb0000 - 0x00007ffebddd6000 	C:\Windows\System32\GDI32.dll
0x00007ffebd280000 - 0x00007ffebd416000 	C:\Windows\System32\gdi32full.dll
0x00007ffebc5d0000 - 0x00007ffebc66e000 	C:\Windows\System32\msvcp_win.dll
0x00007ffebc3f0000 - 0x00007ffebc4ea000 	C:\Windows\System32\ucrtbase.dll
0x00007ffea7ac0000 - 0x00007ffea7d44000 	C:\Windows\WinSxS\amd64_microsoft.windows.common-controls_6595b64144ccf1df_6.0.18362.1256_none_9e7e379be45e40e2\COMCTL32.dll
0x00007ffebdea0000 - 0x00007ffebe1d6000 	C:\Windows\System32\combase.dll
0x00007ffebc4f0000 - 0x00007ffebc571000 	C:\Windows\System32\bcryptPrimitives.dll
0x00007ffebd8b0000 - 0x00007ffebd8de000 	C:\Windows\System32\IMM32.DLL
0x00007ffeb3770000 - 0x00007ffeb3785000 	C:\Program Files\Java\jdk1.8.0_271\jre\bin\vcruntime140.dll
0x00007ffea4130000 - 0x00007ffea41cb000 	C:\Program Files\Java\jdk1.8.0_271\jre\bin\msvcp140.dll
0x00000000511f0000 - 0x0000000051a5f000 	C:\Program Files\Java\jdk1.8.0_271\jre\bin\server\jvm.dll
0x00007ffebe1e0000 - 0x00007ffebe1e8000 	C:\Windows\System32\PSAPI.DLL
0x00007ffeb2b90000 - 0x00007ffeb2b9a000 	C:\Windows\SYSTEM32\VERSION.dll
0x00007ffeb4340000 - 0x00007ffeb4349000 	C:\Windows\SYSTEM32\WSOCK32.dll
0x00007ffeb3de0000 - 0x00007ffeb3e04000 	C:\Windows\SYSTEM32\WINMM.dll
0x00007ffebeb50000 - 0x00007ffebebbf000 	C:\Windows\System32\WS2_32.dll
0x00007ffeb3db0000 - 0x00007ffeb3ddd000 	C:\Windows\SYSTEM32\winmmbase.dll
0x00007ffebc580000 - 0x00007ffebc5ca000 	C:\Windows\System32\cfgmgr32.dll
0x00007ffebc360000 - 0x00007ffebc371000 	C:\Windows\System32\kernel.appcore.dll
0x00007ffeb3e50000 - 0x00007ffeb3e60000 	C:\Program Files\Java\jdk1.8.0_271\jre\bin\verify.dll
0x00007ffeb1f40000 - 0x00007ffeb1f6b000 	C:\Program Files\Java\jdk1.8.0_271\jre\bin\java.dll
0x00007ffeb1f80000 - 0x00007ffeb1f98000 	C:\Program Files\Java\jdk1.8.0_271\jre\bin\zip.dll
0x00007ffebe460000 - 0x00007ffebeb47000 	C:\Windows\System32\SHELL32.dll
0x00007ffebdde0000 - 0x00007ffebde89000 	C:\Windows\System32\shcore.dll
0x00007ffebc810000 - 0x00007ffebcf91000 	C:\Windows\System32\windows.storage.dll
0x00007ffebc330000 - 0x00007ffebc353000 	C:\Windows\System32\profapi.dll
0x00007ffebc3a0000 - 0x00007ffebc3ea000 	C:\Windows\System32\powrprof.dll
0x00007ffebc320000 - 0x00007ffebc330000 	C:\Windows\System32\UMPDC.dll
0x00007ffebeed0000 - 0x00007ffebef22000 	C:\Windows\System32\shlwapi.dll
0x00007ffebc7f0000 - 0x00007ffebc807000 	C:\Windows\System32\cryptsp.dll
0x00007ffe7a610000 - 0x00007ffe7a7a4000 	C:\Program Files\Java\jdk1.8.0_271\jre\bin\awt.dll
0x00007ffebef30000 - 0x00007ffebeff5000 	C:\Windows\System32\OLEAUT32.dll
0x00007ffeb6f80000 - 0x00007ffeb700f000 	C:\Windows\SYSTEM32\apphelp.dll
0x00007ffeba600000 - 0x00007ffeba62d000 	C:\Windows\system32\DWMAPI.DLL
0x00007ffeb70c0000 - 0x00007ffeb7159000 	C:\Windows\system32\uxtheme.dll
0x00007ffe9c750000 - 0x00007ffe9c8a6000 	C:\Windows\system32\opengl32.dll
0x00007ffea6700000 - 0x00007ffea672c000 	C:\Windows\SYSTEM32\GLU32.dll
0x00007ffebaf60000 - 0x00007ffebaf80000 	C:\Windows\SYSTEM32\dxcore.dll
0x00007ffebf170000 - 0x00007ffebf2a5000 	C:\Windows\System32\MSCTF.dll
0x00007ffe7f0d0000 - 0x00007ffe7f1cb000 	C:\ProgramData\A-Volute\A-Volute.SonicStudio3\Modules\ScheduledModules\x64\A-Volute.SonicStudio3DevProps2.dll
0x00007ffebebd0000 - 0x00007ffebed27000 	C:\Windows\System32\ole32.dll
0x00007ffea81a0000 - 0x00007ffea81d2000 	C:\Program Files\Java\jdk1.8.0_271\jre\bin\jpeg.dll
0x00007ffeb1320000 - 0x00007ffeb133c000 	C:\Program Files\Java\jdk1.8.0_271\jre\bin\net.dll
0x00007ffebbb70000 - 0x00007ffebbbd7000 	C:\Windows\system32\mswsock.dll
0x00007ffebb8c0000 - 0x00007ffebb98b000 	C:\Windows\SYSTEM32\DNSAPI.dll
0x00000282dc9c0000 - 0x00000282dc9c8000 	C:\Windows\System32\NSI.dll
0x00007ffebb880000 - 0x00007ffebb8ba000 	C:\Windows\SYSTEM32\IPHLPAPI.DLL
0x00007ffeb3da0000 - 0x00007ffeb3daa000 	C:\Windows\System32\rasadhlp.dll
0x00007ffeb1dc0000 - 0x00007ffeb1e37000 	C:\Windows\System32\fwpuclnt.dll
0x00007ffebd250000 - 0x00007ffebd276000 	C:\Windows\System32\bcrypt.dll
0x00007ffebb6e0000 - 0x00007ffebb713000 	C:\Windows\system32\rsaenh.dll
0x00007ffebc200000 - 0x00007ffebc225000 	C:\Windows\SYSTEM32\USERENV.dll
0x00007ffebbd40000 - 0x00007ffebbd4c000 	C:\Windows\SYSTEM32\CRYPTBASE.dll
0x00007ffeb1fa0000 - 0x00007ffeb1fb6000 	C:\Windows\SYSTEM32\dhcpcsvc6.DLL
0x00007ffeb2ba0000 - 0x00007ffeb2bbc000 	C:\Windows\SYSTEM32\dhcpcsvc.DLL
0x00007ffeb06c0000 - 0x00007ffeb06d3000 	C:\Program Files\Java\jdk1.8.0_271\jre\bin\nio.dll
0x00007ffeae280000 - 0x00007ffeae2a4000 	C:\Program Files\Java\jdk1.8.0_271\jre\bin\sunec.dll
0x00007ffeb06b0000 - 0x00007ffeb06bd000 	C:\Program Files\Java\jdk1.8.0_271\jre\bin\sunmscapi.dll
0x00007ffebc6a0000 - 0x00007ffebc7e9000 	C:\Windows\System32\CRYPT32.dll
0x00007ffebc380000 - 0x00007ffebc392000 	C:\Windows\System32\MSASN1.dll
0x00007ffebbe40000 - 0x00007ffebbe66000 	C:\Windows\SYSTEM32\ncrypt.dll
0x00007ffebbe00000 - 0x00007ffebbe3b000 	C:\Windows\SYSTEM32\NTASN1.dll
0x00007ffe7d600000 - 0x00007ffe7d616000 	C:\Windows\system32\napinsp.dll
0x00007ffe7d5e0000 - 0x00007ffe7d5fa000 	C:\Windows\system32\pnrpnsp.dll
0x00007ffe979a0000 - 0x00007ffe979ae000 	C:\Windows\System32\winrnr.dll
0x00007ffeb5820000 - 0x00007ffeb583c000 	C:\Windows\system32\NLAapi.dll
0x00007ffeb4b20000 - 0x00007ffeb4b35000 	C:\Windows\system32\wshbth.dll
0x00007ffeae2b0000 - 0x00007ffeae2f9000 	C:\Program Files\Java\jdk1.8.0_271\jre\bin\fontmanager.dll
0x00007ffea96a0000 - 0x00007ffea96e3000 	C:\Program Files\Java\jdk1.8.0_271\jre\bin\t2k.dll

VM Arguments:
jvm_args: -Dfile.encoding=UTF-8 
java_command: liabrarymanagementsystem.Librarian
java_class_path (initial): C:\Users\ASUS\OneDrive\Documents\NetBeansProjects\LiabraryManagementSystem\src\jar\sqljdbc4.jar;C:\Users\ASUS\OneDrive\Documents\NetBeansProjects\LiabraryManagementSystem\src\jar\jcalendar-tz-1.3.3-4.jar;C:\Users\ASUS\OneDrive\Documents\NetBeansProjects\LiabraryManagementSystem\src\jar\rs2xml.jar;C:\Users\ASUS\OneDrive\Documents\NetBeansProjects\LiabraryManagementSystem\src\jar\mysql-connector-java-5.1.49-bin.jar;C:\Users\ASUS\OneDrive\Documents\NetBeansProjects\LiabraryManagementSystem\src\jar\mysql-connector-java-5.1.49.jar;C:\Users\ASUS\OneDrive\Documents\NetBeansProjects\LiabraryManagementSystem\build\classes
Launcher Type: SUN_STANDARD

Environment Variables:
PATH=C:\Program Files (x86)\Common Files\Oracle\Java\javapath;C:\Windows\system32;C:\Windows;C:\Windows\System32\Wbem;C:\Windows\System32\WindowsPowerShell\v1.0\;C:\Windows\System32\OpenSSH\;C:\Program Files (x86)\NVIDIA Corporation\PhysX\Common;C:\Program Files\NVIDIA Corporation\NVIDIA NvDLISR;C:\Program Files (x86)\Microsoft SQL Server\100\Tools\Binn\VSShell\Common7\IDE\;C:\Program Files (x86)\Microsoft SQL Server\100\Tools\Binn\;C:\Program Files\Microsoft SQL Server\100\Tools\Binn\;C:\Program Files (x86)\Microsoft SQL Server\100\DTS\Binn\;C:\Program Files\Microsoft SQL Server\100\DTS\Binn\;%PIXIEHOME%\bin;C:\Users\ASUS\AppData\Local\Microsoft\WindowsApps;
USERNAME=ASUS
OS=Windows_NT
PROCESSOR_IDENTIFIER=Intel64 Family 6 Model 165 Stepping 2, GenuineIntel



---------------  S Y S T E M  ---------------

OS: Windows 10.0 , 64 bit Build 18362 (10.0.18362.1110)

CPU:total 8 (initial active 8) (4 cores per cpu, 2 threads per core) family 6 model 165 stepping 2, cmov, cx8, fxsr, mmx, sse, sse2, sse3, ssse3, sse4.1, sse4.2, popcnt, avx, avx2, aes, clmul, erms, 3dnowpref, lzcnt, ht, tsc, tscinvbit, bmi1, bmi2, adx

Memory: 4k page, physical 8170680k(803448k free), swap 27951584k(2256k free)

vm_info: Java HotSpot(TM) 64-Bit Server VM (25.271-b09) for windows-amd64 JRE (1.8.0_271-b09), built on Sep 16 2020 19:14:59 by "" with MS VC++ 15.9 (VS2017)

time: Wed Jan  6 07:08:23 2021
timezone: Bangladesh Standard Time
elapsed time: 4.325404 seconds (0d 0h 0m 4s)

