#
# There is insufficient memory for the Java Runtime Environment to continue.
# Native memory allocation (malloc) failed to allocate 1048576 bytes for AllocateHeap
# Possible reasons:
#   The system is out of physical RAM or swap space
#   The process is running with CompressedOops enabled, and the Java Heap may be blocking the growth of the native heap
# Possible solutions:
#   Reduce memory load on the system
#   Increase physical memory or swap space
#   Check if swap backing store is full
#   Decrease Java heap size (-Xmx/-Xms)
#   Decrease number of Java threads
#   Decrease Java thread stack sizes (-Xss)
#   Set larger code cache with -XX:ReservedCodeCacheSize=
#   JVM is running with Unscaled Compressed Oops mode in which the Java heap is
#     placed in the first 4GB address space. The Java Heap base address is the
#     maximum limit for the native heap growth. Please use -XX:HeapBaseMinAddress
#     to set the Java Heap base and to place the Java Heap above 4GB virtual address.
# This output file may be truncated or incomplete.
#
#  Out of Memory Error (memory/allocation.inline.hpp:61), pid=5692, tid=0x0000000000002bd4
#
# JRE version:  (8.0_271-b09) (build )
# Java VM: Java HotSpot(TM) 64-Bit Server VM (25.271-b09 mixed mode windows-amd64 compressed oops)
# Failed to write core dump. Minidumps are not enabled by default on client versions of Windows
#

---------------  T H R E A D  ---------------

Current thread (0x000002ae1ce16800):  JavaThread "Unknown thread" [_thread_in_vm, id=11220, stack(0x000000bed4900000,0x000000bed4a00000)]

Stack: [0x000000bed4900000,0x000000bed4a00000]
Native frames: (J=compiled Java code, j=interpreted, Vv=VM code, C=native code)
V  [jvm.dll+0x33f6c9]
V  [jvm.dll+0x286122]
V  [jvm.dll+0x286dcd]
V  [jvm.dll+0x27d805]
V  [jvm.dll+0x1565d]
V  [jvm.dll+0x3d98d8]
V  [jvm.dll+0x3da5ca]
V  [jvm.dll+0x3d6637]
V  [jvm.dll+0x10cfff]
V  [jvm.dll+0x21ab2b]
V  [jvm.dll+0x2494e7]
V  [jvm.dll+0x172a76]
C  [java.exe+0x2312]
C  [java.exe+0x15f54]
C  [KERNEL32.DLL+0x17c24]
C  [ntdll.dll+0x6d4d1]


---------------  P R O C E S S  ---------------

Java Threads: ( => current thread )

Other Threads:

=>0x000002ae1ce16800 (exited) JavaThread "Unknown thread" [_thread_in_vm, id=11220, stack(0x000000bed4900000,0x000000bed4a00000)]

VM state:not at safepoint (normal execution)

VM Mutex/Monitor currently owned by a thread: None

heap address: 0x0000000083400000, size: 1996 MB, Compressed Oops mode: 32-bit
Narrow klass base: 0x0000000000000000, Narrow klass shift: 3
Compressed class space size: 1073741824 Address: 0x0000000100000000

Heap:
 PSYoungGen      total 37888K, used 655K [0x00000000d6700000, 0x00000000d9100000, 0x0000000100000000)
  eden space 32768K, 2% used [0x00000000d6700000,0x00000000d67a3d80,0x00000000d8700000)
  from space 5120K, 0% used [0x00000000d8c00000,0x00000000d8c00000,0x00000000d9100000)
  to   space 5120K, 0% used [0x00000000d8700000,0x00000000d8700000,0x00000000d8c00000)
 ParOldGen       total 86016K, used 0K [0x0000000083400000, 0x0000000088800000, 0x00000000d6700000)
  object space 86016K, 0% used [0x0000000083400000,0x0000000083400000,0x0000000088800000)
 Metaspace       used 776K, capacity 4480K, committed 4480K, reserved 1056768K
  class space    used 76K, capacity 384K, committed 384K, reserved 1048576K

Card table byte_map: [0x000002ae2da40000,0x000002ae2de30000] byte_map_base: 0x000002ae2d626000

Marking Bits: (ParMarkBitMap*) 0x0000000056797fe0
 Begin Bits: [0x000002ae2e0d0000, 0x000002ae30000000)
 End Bits:   [0x000002ae30000000, 0x000002ae31f30000)

Polling page: 0x000002ae1cda0000

CodeCache: size=245760Kb used=328Kb max_used=328Kb free=245431Kb
 bounds [0x000002ae1e680000, 0x000002ae1e8f0000, 0x000002ae2d680000]
 total_blobs=58 nmethods=0 adapters=38
 compilation: enabled

Compilation events (0 events):
No events

GC Heap History (0 events):
No events

Deoptimization events (0 events):
No events

Classes redefined (0 events):
No events

Internal exceptions (0 events):
No events

Events (10 events):
Event: 0.018 loading class java/lang/Short
Event: 0.018 loading class java/lang/Short done
Event: 0.018 loading class java/lang/Integer
Event: 0.018 loading class java/lang/Integer done
Event: 0.018 loading class java/lang/Long
Event: 0.018 loading class java/lang/Long done
Event: 0.018 loading class java/lang/NullPointerException
Event: 0.018 loading class java/lang/NullPointerException done
Event: 0.018 loading class java/lang/ArithmeticException
Event: 0.018 loading class java/lang/ArithmeticException done


Dynamic libraries:
0x00007ff701870000 - 0x00007ff7018b7000 	C:\Program Files\Java\jdk1.8.0_271\bin\java.exe
0x00007ff935a40000 - 0x00007ff935c30000 	C:\Windows\SYSTEM32\ntdll.dll
0x00007ff9346e0000 - 0x00007ff934792000 	C:\Windows\System32\KERNEL32.DLL
0x00007ff933760000 - 0x00007ff933a05000 	C:\Windows\System32\KERNELBASE.dll
0x00007ff934630000 - 0x00007ff9346d3000 	C:\Windows\System32\ADVAPI32.dll
0x00007ff934490000 - 0x00007ff93452e000 	C:\Windows\System32\msvcrt.dll
0x00007ff933f40000 - 0x00007ff933fd7000 	C:\Windows\System32\sechost.dll
0x00007ff935620000 - 0x00007ff935740000 	C:\Windows\System32\RPCRT4.dll
0x00007ff935370000 - 0x00007ff935504000 	C:\Windows\System32\USER32.dll
0x00007ff932c60000 - 0x00007ff932c81000 	C:\Windows\System32\win32u.dll
0x00007ff933af0000 - 0x00007ff933b16000 	C:\Windows\System32\GDI32.dll
0x00007ff932ce0000 - 0x00007ff932e76000 	C:\Windows\System32\gdi32full.dll
0x00007ff9336c0000 - 0x00007ff93375e000 	C:\Windows\System32\msvcp_win.dll
0x00007ff932b00000 - 0x00007ff932bfa000 	C:\Windows\System32\ucrtbase.dll
0x00007ff91e6b0000 - 0x00007ff91e934000 	C:\Windows\WinSxS\amd64_microsoft.windows.common-controls_6595b64144ccf1df_6.0.18362.1256_none_9e7e379be45e40e2\COMCTL32.dll
0x00007ff933bf0000 - 0x00007ff933f26000 	C:\Windows\System32\combase.dll
0x00007ff932ea0000 - 0x00007ff932f21000 	C:\Windows\System32\bcryptPrimitives.dll
0x00007ff933b40000 - 0x00007ff933b6e000 	C:\Windows\System32\IMM32.DLL
0x00007ff8f5aa0000 - 0x00007ff8f5ab5000 	C:\Program Files\Java\jdk1.8.0_271\jre\bin\vcruntime140.dll
0x00007ff8df6e0000 - 0x00007ff8df77b000 	C:\Program Files\Java\jdk1.8.0_271\jre\bin\msvcp140.dll
0x0000000055fa0000 - 0x000000005680f000 	C:\Program Files\Java\jdk1.8.0_271\jre\bin\server\jvm.dll
0x00007ff9343b0000 - 0x00007ff9343b8000 	C:\Windows\System32\PSAPI.DLL
0x00007ff90efa0000 - 0x00007ff90efa9000 	C:\Windows\SYSTEM32\WSOCK32.dll
0x00007ff9285b0000 - 0x00007ff9285ba000 	C:\Windows\SYSTEM32\VERSION.dll
0x00007ff92b5a0000 - 0x00007ff92b5c4000 	C:\Windows\SYSTEM32\WINMM.dll
0x00007ff935300000 - 0x00007ff93536f000 	C:\Windows\System32\WS2_32.dll
0x00007ff92b570000 - 0x00007ff92b59d000 	C:\Windows\SYSTEM32\winmmbase.dll
0x00007ff932c90000 - 0x00007ff932cda000 	C:\Windows\System32\cfgmgr32.dll
0x00007ff9328f0000 - 0x00007ff932901000 	C:\Windows\System32\kernel.appcore.dll
0x00007ff90eea0000 - 0x00007ff90eeb0000 	C:\Program Files\Java\jdk1.8.0_271\jre\bin\verify.dll
0x00007ff8ed1a0000 - 0x00007ff8ed1cb000 	C:\Program Files\Java\jdk1.8.0_271\jre\bin\java.dll
0x00007ff8ed130000 - 0x00007ff8ed148000 	C:\Program Files\Java\jdk1.8.0_271\jre\bin\zip.dll
0x00007ff9311e0000 - 0x00007ff9313d4000 	C:\Windows\SYSTEM32\dbghelp.dll

VM Arguments:
jvm_args: -Dfile.encoding=UTF-8 
java_command: liabrarymanagementsystem.Librarian
java_class_path (initial): E:\Study\Project 7 - Library Management System-20201213T154647Z-001\Project 7 - Library Management System\Jar\jcalendar-tz-1.3.3-4.jar;E:\Study\Project 7 - Library Management System-20201213T154647Z-001\Project 7 - Library Management System\Jar\rs2xml.jar;C:\Users\ASUS\OneDrive\Documents\NetBeansProjects\LiabraryManagementSystem\build\classes
Launcher Type: SUN_STANDARD

Environment Variables:
PATH=C:\Program Files (x86)\Common Files\Oracle\Java\javapath;C:\Windows\system32;C:\Windows;C:\Windows\System32\Wbem;C:\Windows\System32\WindowsPowerShell\v1.0\;C:\Windows\System32\OpenSSH\;C:\Program Files (x86)\NVIDIA Corporation\PhysX\Common;C:\Program Files\NVIDIA Corporation\NVIDIA NvDLISR;C:\Program Files (x86)\Microsoft SQL Server\100\Tools\Binn\VSShell\Common7\IDE\;C:\Program Files (x86)\Microsoft SQL Server\100\Tools\Binn\;C:\Program Files\Microsoft SQL Server\100\Tools\Binn\;C:\Program Files (x86)\Microsoft SQL Server\100\DTS\Binn\;C:\Program Files\Microsoft SQL Server\100\DTS\Binn\;%PIXIEHOME%\bin;C:\Users\ASUS\AppData\Local\Microsoft\WindowsApps;
USERNAME=ASUS
OS=Windows_NT
PROCESSOR_IDENTIFIER=Intel64 Family 6 Model 165 Stepping 2, GenuineIntel



---------------  S Y S T E M  ---------------

OS: Windows 10.0 , 64 bit Build 18362 (10.0.18362.1110)

CPU:total 8 (initial active 8) (4 cores per cpu, 2 threads per core) family 6 model 165 stepping 2, cmov, cx8, fxsr, mmx, sse, sse2, sse3, ssse3, sse4.1, sse4.2, popcnt, avx, avx2, aes, clmul, erms, 3dnowpref, lzcnt, ht, tsc, tscinvbit, bmi1, bmi2, adx

Memory: 4k page, physical 8170680k(1158080k free), swap 27951584k(5804k free)

vm_info: Java HotSpot(TM) 64-Bit Server VM (25.271-b09) for windows-amd64 JRE (1.8.0_271-b09), built on Sep 16 2020 19:14:59 by "" with MS VC++ 15.9 (VS2017)

time: Sun Dec 27 17:38:47 2020
timezone: Bangladesh Standard Time
elapsed time: 0.026923 seconds (0d 0h 0m 0s)

