#
# There is insufficient memory for the Java Runtime Environment to continue.
# Native memory allocation (malloc) failed to allocate 32784 bytes for Chunk::new
# Possible reasons:
#   The system is out of physical RAM or swap space
#   The process is running with CompressedOops enabled, and the Java Heap may be blocking the growth of the native heap
# Possible solutions:
#   Reduce memory load on the system
#   Increase physical memory or swap space
#   Check if swap backing store is full
#   Decrease Java heap size (-Xmx/-Xms)
#   Decrease number of Java threads
#   Decrease Java thread stack sizes (-Xss)
#   Set larger code cache with -XX:ReservedCodeCacheSize=
#   JVM is running with Unscaled Compressed Oops mode in which the Java heap is
#     placed in the first 4GB address space. The Java Heap base address is the
#     maximum limit for the native heap growth. Please use -XX:HeapBaseMinAddress
#     to set the Java Heap base and to place the Java Heap above 4GB virtual address.
# This output file may be truncated or incomplete.
#
#  Out of Memory Error (allocation.cpp:389), pid=2148, tid=0x00000000000016d4
#
# JRE version: Java(TM) SE Runtime Environment (8.0_271-b09) (build 1.8.0_271-b09)
# Java VM: Java HotSpot(TM) 64-Bit Server VM (25.271-b09 mixed mode windows-amd64 compressed oops)
# Failed to write core dump. Minidumps are not enabled by default on client versions of Windows
#

---------------  T H R E A D  ---------------

Current thread (0x0000022580d1c000):  JavaThread "C2 CompilerThread0" daemon [_thread_in_native, id=5844, stack(0x000000fb6d500000,0x000000fb6d600000)]

Stack: [0x000000fb6d500000,0x000000fb6d600000]
Native frames: (J=compiled Java code, j=interpreted, Vv=VM code, C=native code)
V  [jvm.dll+0x33f6c9]
V  [jvm.dll+0x286122]
V  [jvm.dll+0x286dcd]
V  [jvm.dll+0x27d805]
V  [jvm.dll+0xe574c]
V  [jvm.dll+0xe5f4c]
V  [jvm.dll+0x4ebe4e]
V  [jvm.dll+0x4ec88b]
V  [jvm.dll+0x44f7db]
V  [jvm.dll+0x43aef7]
V  [jvm.dll+0xbc3eb]
V  [jvm.dll+0xbaa4b]
V  [jvm.dll+0x24e7c2]
V  [jvm.dll+0x2a2dcc]
C  [ucrtbase.dll+0x210b2]
C  [KERNEL32.DLL+0x17c24]
C  [ntdll.dll+0x6d4d1]


Current CompileTask:
C2:    435  346       4       java.awt.image.AreaAveragingScaleFilter::accumPixels (551 bytes)


---------------  P R O C E S S  ---------------

Java Threads: ( => current thread )
  0x0000022582661800 JavaThread "Image Fetcher 0" daemon [_thread_in_Java, id=8932, stack(0x000000fb6de00000,0x000000fb6df00000)]
  0x00000225824a6000 JavaThread "AWT-Windows" daemon [_thread_in_native, id=6376, stack(0x000000fb6dd00000,0x000000fb6de00000)]
  0x000002258249d800 JavaThread "AWT-Shutdown" [_thread_blocked, id=18080, stack(0x000000fb6dc00000,0x000000fb6dd00000)]
  0x0000022582499800 JavaThread "Java2D Disposer" daemon [_thread_blocked, id=1748, stack(0x000000fb6db00000,0x000000fb6dc00000)]
  0x0000022580d9c800 JavaThread "Service Thread" daemon [_thread_blocked, id=12944, stack(0x000000fb6d900000,0x000000fb6da00000)]
  0x0000022580d32000 JavaThread "C1 CompilerThread3" daemon [_thread_blocked, id=10488, stack(0x000000fb6d800000,0x000000fb6d900000)]
  0x0000022580d2d000 JavaThread "C2 CompilerThread2" daemon [_thread_blocked, id=18596, stack(0x000000fb6d700000,0x000000fb6d800000)]
  0x0000022580d1e000 JavaThread "C2 CompilerThread1" daemon [_thread_blocked, id=24060, stack(0x000000fb6d600000,0x000000fb6d700000)]
=>0x0000022580d1c000 JavaThread "C2 CompilerThread0" daemon [_thread_in_native, id=5844, stack(0x000000fb6d500000,0x000000fb6d600000)]
  0x0000022580d1b000 JavaThread "Attach Listener" daemon [_thread_blocked, id=6176, stack(0x000000fb6d400000,0x000000fb6d500000)]
  0x0000022580d1a000 JavaThread "Signal Dispatcher" daemon [_thread_blocked, id=18600, stack(0x000000fb6d300000,0x000000fb6d400000)]
  0x0000022580cf6800 JavaThread "Finalizer" daemon [_thread_blocked, id=20356, stack(0x000000fb6d200000,0x000000fb6d300000)]
  0x00000225800f9800 JavaThread "Reference Handler" daemon [_thread_blocked, id=1128, stack(0x000000fb6d100000,0x000000fb6d200000)]
  0x00000225ea105000 JavaThread "main" [_thread_blocked, id=26032, stack(0x000000fb6c700000,0x000000fb6c800000)]

Other Threads:
  0x0000022580cc3800 VMThread [stack: 0x000000fb6d000000,0x000000fb6d100000] [id=24048]
  0x0000022582100800 WatcherThread [stack: 0x000000fb6da00000,0x000000fb6db00000] [id=15416]

VM state:not at safepoint (normal execution)

VM Mutex/Monitor currently owned by a thread: None

heap address: 0x0000000083400000, size: 1996 MB, Compressed Oops mode: 32-bit
Narrow klass base: 0x0000000000000000, Narrow klass shift: 3
Compressed class space size: 1073741824 Address: 0x0000000100000000

Heap:
 PSYoungGen      total 37888K, used 27947K [0x00000000d6700000, 0x00000000d9100000, 0x0000000100000000)
  eden space 32768K, 85% used [0x00000000d6700000,0x00000000d824af90,0x00000000d8700000)
  from space 5120K, 0% used [0x00000000d8700000,0x00000000d8700000,0x00000000d8c00000)
  to   space 5120K, 0% used [0x00000000d8c00000,0x00000000d8c00000,0x00000000d9100000)
 ParOldGen       total 86016K, used 24678K [0x0000000083400000, 0x0000000088800000, 0x00000000d6700000)
  object space 86016K, 28% used [0x0000000083400000,0x0000000084c19900,0x0000000088800000)
 Metaspace       used 7291K, capacity 7482K, committed 7680K, reserved 1056768K
  class space    used 859K, capacity 935K, committed 1024K, reserved 1048576K

Card table byte_map: [0x00000225faec0000,0x00000225fb2b0000] byte_map_base: 0x00000225faaa6000

Marking Bits: (ParMarkBitMap*) 0x0000000055bd7fe0
 Begin Bits: [0x00000225fb550000, 0x00000225fd480000)
 End Bits:   [0x00000225fd480000, 0x00000225ff3b0000)

Polling page: 0x00000225ea0b0000

CodeCache: size=245760Kb used=1837Kb max_used=1846Kb free=243922Kb
 bounds [0x00000225ebb00000, 0x00000225ebd70000, 0x00000225fab00000]
 total_blobs=716 nmethods=345 adapters=284
 compilation: enabled

Compilation events (10 events):
Event: 0.407 Thread 0x0000022580d32000 nmethod 341 0x00000225ebcc0e10 code [0x00000225ebcc1080, 0x00000225ebcc21a0]
Event: 0.408 Thread 0x0000022580d1e000  342 %     4       java.awt.image.AreaAveragingScaleFilter::accumPixels @ 161 (551 bytes)
Event: 0.418 Thread 0x0000022580d32000  343  s    3       sun.awt.image.InputStreamImageSource::doneDecoding (25 bytes)
Event: 0.418 Thread 0x0000022580d32000 nmethod 343 0x00000225ebcc0810 code [0x00000225ebcc0980, 0x00000225ebcc0d10]
Event: 0.418 Thread 0x0000022580d32000  344       3       sun.awt.image.InputStreamImageSource::latchConsumers (6 bytes)
Event: 0.418 Thread 0x0000022580d32000 nmethod 344 0x00000225ebcc6a50 code [0x00000225ebcc6bc0, 0x00000225ebcc7050]
Event: 0.418 Thread 0x0000022580d32000  345       3       sun.awt.image.ImageDecoder::setPixels (58 bytes)
Event: 0.419 Thread 0x0000022580d32000 nmethod 345 0x00000225ebcc5c90 code [0x00000225ebcc5e40, 0x00000225ebcc66b0]
Event: 0.423 Thread 0x0000022580d1e000 nmethod 342% 0x00000225ebccbc10 code [0x00000225ebccbe20, 0x00000225ebccd6e8]
Event: 0.423 Thread 0x0000022580d1c000  346       4       java.awt.image.AreaAveragingScaleFilter::accumPixels (551 bytes)

GC Heap History (4 events):
Event: 0.280 GC heap before
{Heap before GC invocations=1 (full 0):
 PSYoungGen      total 37888K, used 32768K [0x00000000d6700000, 0x00000000d9100000, 0x0000000100000000)
  eden space 32768K, 100% used [0x00000000d6700000,0x00000000d8700000,0x00000000d8700000)
  from space 5120K, 0% used [0x00000000d8c00000,0x00000000d8c00000,0x00000000d9100000)
  to   space 5120K, 0% used [0x00000000d8700000,0x00000000d8700000,0x00000000d8c00000)
 ParOldGen       total 86016K, used 0K [0x0000000083400000, 0x0000000088800000, 0x00000000d6700000)
  object space 86016K, 0% used [0x0000000083400000,0x0000000083400000,0x0000000088800000)
 Metaspace       used 7261K, capacity 7482K, committed 7680K, reserved 1056768K
  class space    used 857K, capacity 935K, committed 1024K, reserved 1048576K
Event: 0.300 GC heap after
Heap after GC invocations=1 (full 0):
 PSYoungGen      total 37888K, used 1280K [0x00000000d6700000, 0x00000000d9100000, 0x0000000100000000)
  eden space 32768K, 0% used [0x00000000d6700000,0x00000000d6700000,0x00000000d8700000)
  from space 5120K, 25% used [0x00000000d8700000,0x00000000d8840000,0x00000000d8c00000)
  to   space 5120K, 0% used [0x00000000d8c00000,0x00000000d8c00000,0x00000000d9100000)
 ParOldGen       total 86016K, used 70285K [0x0000000083400000, 0x0000000088800000, 0x00000000d6700000)
  object space 86016K, 81% used [0x0000000083400000,0x00000000878a3590,0x0000000088800000)
 Metaspace       used 7261K, capacity 7482K, committed 7680K, reserved 1056768K
  class space    used 857K, capacity 935K, committed 1024K, reserved 1048576K
}
Event: 0.300 GC heap before
{Heap before GC invocations=2 (full 1):
 PSYoungGen      total 37888K, used 1280K [0x00000000d6700000, 0x00000000d9100000, 0x0000000100000000)
  eden space 32768K, 0% used [0x00000000d6700000,0x00000000d6700000,0x00000000d8700000)
  from space 5120K, 25% used [0x00000000d8700000,0x00000000d8840000,0x00000000d8c00000)
  to   space 5120K, 0% used [0x00000000d8c00000,0x00000000d8c00000,0x00000000d9100000)
 ParOldGen       total 86016K, used 70285K [0x0000000083400000, 0x0000000088800000, 0x00000000d6700000)
  object space 86016K, 81% used [0x0000000083400000,0x00000000878a3590,0x0000000088800000)
 Metaspace       used 7261K, capacity 7482K, committed 7680K, reserved 1056768K
  class space    used 857K, capacity 935K, committed 1024K, reserved 1048576K
Event: 0.308 GC heap after
Heap after GC invocations=2 (full 1):
 PSYoungGen      total 37888K, used 0K [0x00000000d6700000, 0x00000000d9100000, 0x0000000100000000)
  eden space 32768K, 0% used [0x00000000d6700000,0x00000000d6700000,0x00000000d8700000)
  from space 5120K, 0% used [0x00000000d8700000,0x00000000d8700000,0x00000000d8c00000)
  to   space 5120K, 0% used [0x00000000d8c00000,0x00000000d8c00000,0x00000000d9100000)
 ParOldGen       total 86016K, used 24678K [0x0000000083400000, 0x0000000088800000, 0x00000000d6700000)
  object space 86016K, 28% used [0x0000000083400000,0x0000000084c19900,0x0000000088800000)
 Metaspace       used 7261K, capacity 7482K, committed 7680K, reserved 1056768K
  class space    used 857K, capacity 935K, committed 1024K, reserved 1048576K
}

Deoptimization events (1 events):
Event: 0.397 Thread 0x0000022582661800 Uncommon trap: reason=unstable_if action=reinterpret pc=0x00000225ebcc41dc method=sun.awt.image.ImageRepresentation.convertToRGB()V @ 145

Classes redefined (0 events):
No events

Internal exceptions (10 events):
Event: 0.021 Thread 0x00000225ea105000 Exception <a 'java/lang/NoSuchMethodError': Method sun.misc.Unsafe.defineClass(Ljava/lang/String;[BII)Ljava/lang/Class; name or signature does not match> (0x00000000d6707cc0) thrown at [C:\jenkins\workspace\8-2-build-windows-amd64-cygwin\jdk8u271\605\hots
Event: 0.021 Thread 0x00000225ea105000 Exception <a 'java/lang/NoSuchMethodError': Method sun.misc.Unsafe.prefetchRead(Ljava/lang/Object;J)V name or signature does not match> (0x00000000d6707fa8) thrown at [C:\jenkins\workspace\8-2-build-windows-amd64-cygwin\jdk8u271\605\hotspot\src\share\vm\p
Event: 0.076 Thread 0x00000225ea105000 Exception <a 'java/security/PrivilegedActionException'> (0x00000000d686feb0) thrown at [C:\jenkins\workspace\8-2-build-windows-amd64-cygwin\jdk8u271\605\hotspot\src\share\vm\prims\jvm.cpp, line 1512]
Event: 0.076 Thread 0x00000225ea105000 Exception <a 'java/security/PrivilegedActionException'> (0x00000000d68700c0) thrown at [C:\jenkins\workspace\8-2-build-windows-amd64-cygwin\jdk8u271\605\hotspot\src\share\vm\prims\jvm.cpp, line 1512]
Event: 0.078 Thread 0x00000225ea105000 Exception <a 'java/security/PrivilegedActionException'> (0x00000000d6873fd0) thrown at [C:\jenkins\workspace\8-2-build-windows-amd64-cygwin\jdk8u271\605\hotspot\src\share\vm\prims\jvm.cpp, line 1512]
Event: 0.078 Thread 0x00000225ea105000 Exception <a 'java/security/PrivilegedActionException'> (0x00000000d68741e0) thrown at [C:\jenkins\workspace\8-2-build-windows-amd64-cygwin\jdk8u271\605\hotspot\src\share\vm\prims\jvm.cpp, line 1512]
Event: 0.082 Thread 0x00000225ea105000 Exception <a 'java/io/FileNotFoundException'> (0x00000000d6876130) thrown at [C:\jenkins\workspace\8-2-build-windows-amd64-cygwin\jdk8u271\605\hotspot\src\share\vm\prims\jni.cpp, line 710]
Event: 0.117 Thread 0x00000225ea105000 Exception <a 'java/lang/NoSuchFieldError': method resolution failed> (0x00000000d6947c18) thrown at [C:\jenkins\workspace\8-2-build-windows-amd64-cygwin\jdk8u271\605\hotspot\src\share\vm\prims\methodHandles.cpp, line 1169]
Event: 0.120 Thread 0x00000225ea105000 Exception <a 'java/lang/NoSuchFieldError': method resolution failed> (0x00000000d6954fe8) thrown at [C:\jenkins\workspace\8-2-build-windows-amd64-cygwin\jdk8u271\605\hotspot\src\share\vm\prims\methodHandles.cpp, line 1169]
Event: 0.157 Thread 0x00000225ea105000 Exception <a 'java/io/FileNotFoundException'> (0x00000000d69ef468) thrown at [C:\jenkins\workspace\8-2-build-windows-amd64-cygwin\jdk8u271\605\hotspot\src\share\vm\prims\jni.cpp, line 710]

Events (10 events):
Event: 0.360 Executing VM operation: Deoptimize done
Event: 0.360 loading class java/awt/image/ReplicateScaleFilter done
Event: 0.360 loading class java/awt/image/AreaAveragingScaleFilter done
Event: 0.360 loading class java/awt/image/FilteredImageSource
Event: 0.360 loading class java/awt/image/FilteredImageSource done
Event: 0.397 Thread 0x0000022582661800 Uncommon trap: trap_request=0xffffff65 fr.pc=0x00000225ebcc41dc
Event: 0.397 Thread 0x0000022582661800 DEOPT PACKING pc=0x00000225ebcc41dc sp=0x000000fb6defe1f0
Event: 0.397 Thread 0x0000022582661800 DEOPT UNPACKING pc=0x00000225ebb45843 sp=0x000000fb6defe1b0 mode 2
Event: 0.423 Thread 0x0000022582661800 DEOPT PACKING pc=0x00000225ebcc2043 sp=0x000000fb6defe3d0
Event: 0.423 Thread 0x0000022582661800 DEOPT UNPACKING pc=0x00000225ebb47898 sp=0x000000fb6defe118 mode 0


Dynamic libraries:
0x00007ff7b0c90000 - 0x00007ff7b0cd7000 	C:\Program Files\Java\jdk1.8.0_271\bin\java.exe
0x00007ff935a40000 - 0x00007ff935c30000 	C:\Windows\SYSTEM32\ntdll.dll
0x00007ff9346e0000 - 0x00007ff934792000 	C:\Windows\System32\KERNEL32.DLL
0x00007ff933760000 - 0x00007ff933a05000 	C:\Windows\System32\KERNELBASE.dll
0x00007ff934630000 - 0x00007ff9346d3000 	C:\Windows\System32\ADVAPI32.dll
0x00007ff934490000 - 0x00007ff93452e000 	C:\Windows\System32\msvcrt.dll
0x00007ff933f40000 - 0x00007ff933fd7000 	C:\Windows\System32\sechost.dll
0x00007ff935620000 - 0x00007ff935740000 	C:\Windows\System32\RPCRT4.dll
0x00007ff935370000 - 0x00007ff935504000 	C:\Windows\System32\USER32.dll
0x00007ff932c60000 - 0x00007ff932c81000 	C:\Windows\System32\win32u.dll
0x00007ff933af0000 - 0x00007ff933b16000 	C:\Windows\System32\GDI32.dll
0x00007ff932ce0000 - 0x00007ff932e76000 	C:\Windows\System32\gdi32full.dll
0x00007ff9336c0000 - 0x00007ff93375e000 	C:\Windows\System32\msvcp_win.dll
0x00007ff932b00000 - 0x00007ff932bfa000 	C:\Windows\System32\ucrtbase.dll
0x00007ff91e6b0000 - 0x00007ff91e934000 	C:\Windows\WinSxS\amd64_microsoft.windows.common-controls_6595b64144ccf1df_6.0.18362.1256_none_9e7e379be45e40e2\COMCTL32.dll
0x00007ff933bf0000 - 0x00007ff933f26000 	C:\Windows\System32\combase.dll
0x00007ff932ea0000 - 0x00007ff932f21000 	C:\Windows\System32\bcryptPrimitives.dll
0x00007ff933b40000 - 0x00007ff933b6e000 	C:\Windows\System32\IMM32.DLL
0x00007ff922ef0000 - 0x00007ff922f05000 	C:\Program Files\Java\jdk1.8.0_271\jre\bin\vcruntime140.dll
0x00007ff8fb1d0000 - 0x00007ff8fb26b000 	C:\Program Files\Java\jdk1.8.0_271\jre\bin\msvcp140.dll
0x00000000553e0000 - 0x0000000055c4f000 	C:\Program Files\Java\jdk1.8.0_271\jre\bin\server\jvm.dll
0x00007ff9343b0000 - 0x00007ff9343b8000 	C:\Windows\System32\PSAPI.DLL
0x00007ff9231e0000 - 0x00007ff9231e9000 	C:\Windows\SYSTEM32\WSOCK32.dll
0x00007ff9285b0000 - 0x00007ff9285ba000 	C:\Windows\SYSTEM32\VERSION.dll
0x00007ff92b5a0000 - 0x00007ff92b5c4000 	C:\Windows\SYSTEM32\WINMM.dll
0x00007ff935300000 - 0x00007ff93536f000 	C:\Windows\System32\WS2_32.dll
0x00007ff92b570000 - 0x00007ff92b59d000 	C:\Windows\SYSTEM32\winmmbase.dll
0x00007ff932c90000 - 0x00007ff932cda000 	C:\Windows\System32\cfgmgr32.dll
0x00007ff9328f0000 - 0x00007ff932901000 	C:\Windows\System32\kernel.appcore.dll
0x00007ff922ee0000 - 0x00007ff922ef0000 	C:\Program Files\Java\jdk1.8.0_271\jre\bin\verify.dll
0x00007ff922820000 - 0x00007ff92284b000 	C:\Program Files\Java\jdk1.8.0_271\jre\bin\java.dll
0x00007ff922ac0000 - 0x00007ff922ad8000 	C:\Program Files\Java\jdk1.8.0_271\jre\bin\zip.dll
0x00007ff934c10000 - 0x00007ff9352f7000 	C:\Windows\System32\SHELL32.dll
0x00007ff935570000 - 0x00007ff935619000 	C:\Windows\System32\shcore.dll
0x00007ff932f30000 - 0x00007ff9336b1000 	C:\Windows\System32\windows.storage.dll
0x00007ff932980000 - 0x00007ff9329a3000 	C:\Windows\System32\profapi.dll
0x00007ff932910000 - 0x00007ff93295a000 	C:\Windows\System32\powrprof.dll
0x00007ff9328e0000 - 0x00007ff9328f0000 	C:\Windows\System32\UMPDC.dll
0x00007ff935510000 - 0x00007ff935562000 	C:\Windows\System32\shlwapi.dll
0x00007ff932e80000 - 0x00007ff932e97000 	C:\Windows\System32\cryptsp.dll
0x00007ff8f1680000 - 0x00007ff8f1814000 	C:\Program Files\Java\jdk1.8.0_271\jre\bin\awt.dll
0x00007ff9343c0000 - 0x00007ff934485000 	C:\Windows\System32\OLEAUT32.dll
0x00007ff92d550000 - 0x00007ff92d5df000 	C:\Windows\SYSTEM32\apphelp.dll
0x00007ff930bc0000 - 0x00007ff930bed000 	C:\Windows\system32\DWMAPI.DLL
0x00007ff92d710000 - 0x00007ff92d7a9000 	C:\Windows\system32\uxtheme.dll
0x00007ff90abc0000 - 0x00007ff90ad16000 	C:\Windows\system32\opengl32.dll
0x00007ff91ed00000 - 0x00007ff91ed2c000 	C:\Windows\SYSTEM32\GLU32.dll
0x00007ff931520000 - 0x00007ff931540000 	C:\Windows\SYSTEM32\dxcore.dll
0x00007ff934110000 - 0x00007ff934245000 	C:\Windows\System32\MSCTF.dll
0x00007ff8f2cb0000 - 0x00007ff8f2dab000 	C:\ProgramData\A-Volute\A-Volute.SonicStudio3\Modules\ScheduledModules\x64\A-Volute.SonicStudio3DevProps2.dll
0x00007ff934250000 - 0x00007ff9343a7000 	C:\Windows\System32\ole32.dll
0x00007ff913540000 - 0x00007ff913572000 	C:\Program Files\Java\jdk1.8.0_271\jre\bin\jpeg.dll
0x00007ff9311e0000 - 0x00007ff9313d4000 	C:\Windows\SYSTEM32\dbghelp.dll

VM Arguments:
jvm_args: -Dfile.encoding=UTF-8 
java_command: liabrarymanagementsystem.DeleteMembership
java_class_path (initial): C:\Users\ASUS\OneDrive\Documents\NetBeansProjects\LiabraryManagementSystem\src\jar\sqljdbc4.jar;C:\Users\ASUS\OneDrive\Documents\NetBeansProjects\LiabraryManagementSystem\src\jar\jcalendar-tz-1.3.3-4.jar;C:\Users\ASUS\OneDrive\Documents\NetBeansProjects\LiabraryManagementSystem\src\jar\rs2xml.jar;C:\Users\ASUS\OneDrive\Documents\NetBeansProjects\LiabraryManagementSystem\src\jar\mysql-connector-java-5.1.49-bin.jar;C:\Users\ASUS\OneDrive\Documents\NetBeansProjects\LiabraryManagementSystem\src\jar\mysql-connector-java-5.1.49.jar;C:\Users\ASUS\OneDrive\Documents\NetBeansProjects\LiabraryManagementSystem\build\classes
Launcher Type: SUN_STANDARD

Environment Variables:
PATH=C:\Program Files (x86)\Common Files\Oracle\Java\javapath;C:\Windows\system32;C:\Windows;C:\Windows\System32\Wbem;C:\Windows\System32\WindowsPowerShell\v1.0\;C:\Windows\System32\OpenSSH\;C:\Program Files (x86)\NVIDIA Corporation\PhysX\Common;C:\Program Files\NVIDIA Corporation\NVIDIA NvDLISR;C:\Program Files (x86)\Microsoft SQL Server\100\Tools\Binn\VSShell\Common7\IDE\;C:\Program Files (x86)\Microsoft SQL Server\100\Tools\Binn\;C:\Program Files\Microsoft SQL Server\100\Tools\Binn\;C:\Program Files (x86)\Microsoft SQL Server\100\DTS\Binn\;C:\Program Files\Microsoft SQL Server\100\DTS\Binn\;%PIXIEHOME%\bin;C:\Users\ASUS\AppData\Local\Microsoft\WindowsApps;
USERNAME=ASUS
OS=Windows_NT
PROCESSOR_IDENTIFIER=Intel64 Family 6 Model 165 Stepping 2, GenuineIntel



---------------  S Y S T E M  ---------------

OS: Windows 10.0 , 64 bit Build 18362 (10.0.18362.1110)

CPU:total 8 (initial active 8) (4 cores per cpu, 2 threads per core) family 6 model 165 stepping 2, cmov, cx8, fxsr, mmx, sse, sse2, sse3, ssse3, sse4.1, sse4.2, popcnt, avx, avx2, aes, clmul, erms, 3dnowpref, lzcnt, ht, tsc, tscinvbit, bmi1, bmi2, adx

Memory: 4k page, physical 8170680k(395672k free), swap 27951584k(3608k free)

vm_info: Java HotSpot(TM) 64-Bit Server VM (25.271-b09) for windows-amd64 JRE (1.8.0_271-b09), built on Sep 16 2020 19:14:59 by "" with MS VC++ 15.9 (VS2017)

time: Tue Dec 29 20:15:30 2020
timezone: Bangladesh Standard Time
elapsed time: 0.438194 seconds (0d 0h 0m 0s)

