#
# There is insufficient memory for the Java Runtime Environment to continue.
# Native memory allocation (malloc) failed to allocate 239376 bytes for Chunk::new
# Possible reasons:
#   The system is out of physical RAM or swap space
#   The process is running with CompressedOops enabled, and the Java Heap may be blocking the growth of the native heap
# Possible solutions:
#   Reduce memory load on the system
#   Increase physical memory or swap space
#   Check if swap backing store is full
#   Decrease Java heap size (-Xmx/-Xms)
#   Decrease number of Java threads
#   Decrease Java thread stack sizes (-Xss)
#   Set larger code cache with -XX:ReservedCodeCacheSize=
#   JVM is running with Unscaled Compressed Oops mode in which the Java heap is
#     placed in the first 4GB address space. The Java Heap base address is the
#     maximum limit for the native heap growth. Please use -XX:HeapBaseMinAddress
#     to set the Java Heap base and to place the Java Heap above 4GB virtual address.
# This output file may be truncated or incomplete.
#
#  Out of Memory Error (allocation.cpp:389), pid=22972, tid=0x00000000000049d0
#
# JRE version: Java(TM) SE Runtime Environment (8.0_271-b09) (build 1.8.0_271-b09)
# Java VM: Java HotSpot(TM) 64-Bit Server VM (25.271-b09 mixed mode windows-amd64 compressed oops)
# Failed to write core dump. Minidumps are not enabled by default on client versions of Windows
#

---------------  T H R E A D  ---------------

Current thread (0x000001d6950fe000):  JavaThread "C2 CompilerThread2" daemon [_thread_in_native, id=18896, stack(0x000000b709c00000,0x000000b709d00000)]

Stack: [0x000000b709c00000,0x000000b709d00000]
Native frames: (J=compiled Java code, j=interpreted, Vv=VM code, C=native code)
V  [jvm.dll+0x33f6c9]
V  [jvm.dll+0x286122]
V  [jvm.dll+0x286dcd]
V  [jvm.dll+0x27d805]
V  [jvm.dll+0xe574c]
V  [jvm.dll+0xe5f4c]
V  [jvm.dll+0x480043]
V  [jvm.dll+0x447de8]
V  [jvm.dll+0x450c25]
V  [jvm.dll+0x44ffe5]
V  [jvm.dll+0x43aef7]
V  [jvm.dll+0xbc3eb]
V  [jvm.dll+0xbaa4b]
V  [jvm.dll+0x24e7c2]
V  [jvm.dll+0x2a2dcc]
C  [ucrtbase.dll+0x210b2]
C  [KERNEL32.DLL+0x17c24]
C  [ntdll.dll+0x6d4d1]


Current CompileTask:
C2:    348  341 %     4       java.awt.image.AreaAveragingScaleFilter::accumPixels @ 161 (551 bytes)


---------------  P R O C E S S  ---------------

Java Threads: ( => current thread )
  0x000001d6fe435000 JavaThread "DestroyJavaVM" [_thread_blocked, id=19516, stack(0x000000b708c00000,0x000000b708d00000)]
  0x000001d697b3c000 JavaThread "Image Fetcher 1" daemon [_thread_blocked, id=17508, stack(0x000000b70a400000,0x000000b70a500000)]
  0x000001d697a55000 JavaThread "Image Fetcher 0" daemon [_thread_blocked, id=13024, stack(0x000000b70a300000,0x000000b70a400000)]
  0x000001d69683d000 JavaThread "AWT-Windows" daemon [_thread_in_native, id=15196, stack(0x000000b70a200000,0x000000b70a300000)]
  0x000001d696837800 JavaThread "AWT-Shutdown" [_thread_blocked, id=19256, stack(0x000000b70a100000,0x000000b70a200000)]
  0x000001d696834800 JavaThread "Java2D Disposer" daemon [_thread_blocked, id=8140, stack(0x000000b70a000000,0x000000b70a100000)]
  0x000001d69513e000 JavaThread "Service Thread" daemon [_thread_blocked, id=6156, stack(0x000000b709e00000,0x000000b709f00000)]
  0x000001d695105000 JavaThread "C1 CompilerThread3" daemon [_thread_in_native, id=1088, stack(0x000000b709d00000,0x000000b709e00000)]
=>0x000001d6950fe000 JavaThread "C2 CompilerThread2" daemon [_thread_in_native, id=18896, stack(0x000000b709c00000,0x000000b709d00000)]
  0x000001d6950b8000 JavaThread "C2 CompilerThread1" daemon [_thread_blocked, id=21452, stack(0x000000b709b00000,0x000000b709c00000)]
  0x000001d6950b5800 JavaThread "C2 CompilerThread0" daemon [_thread_in_native, id=3688, stack(0x000000b709a00000,0x000000b709b00000)]
  0x000001d6950b4800 JavaThread "Attach Listener" daemon [_thread_blocked, id=14156, stack(0x000000b709900000,0x000000b709a00000)]
  0x000001d6950b4000 JavaThread "Signal Dispatcher" daemon [_thread_blocked, id=8736, stack(0x000000b709800000,0x000000b709900000)]
  0x000001d6ffe99000 JavaThread "Finalizer" daemon [_thread_blocked, id=21456, stack(0x000000b709700000,0x000000b709800000)]
  0x000001d695089800 JavaThread "Reference Handler" daemon [_thread_blocked, id=26400, stack(0x000000b709600000,0x000000b709700000)]

Other Threads:
  0x000001d695063800 VMThread [stack: 0x000000b709500000,0x000000b709600000] [id=26072]
  0x000001d695135000 WatcherThread [stack: 0x000000b709f00000,0x000000b70a000000] [id=7760]

VM state:not at safepoint (normal execution)

VM Mutex/Monitor currently owned by a thread: None

OutOfMemory and StackOverflow Exception counts:
OutOfMemoryError java_heap_errors=2

heap address: 0x0000000083400000, size: 1996 MB, Compressed Oops mode: 32-bit
Narrow klass base: 0x0000000000000000, Narrow klass shift: 3
Compressed class space size: 1073741824 Address: 0x0000000100000000

Heap:
 PSYoungGen      total 37888K, used 8228K [0x00000000d6700000, 0x00000000d9100000, 0x0000000100000000)
  eden space 32768K, 25% used [0x00000000d6700000,0x00000000d6f090b0,0x00000000d8700000)
  from space 5120K, 0% used [0x00000000d8c00000,0x00000000d8c00000,0x00000000d9100000)
  to   space 5120K, 0% used [0x00000000d8700000,0x00000000d8700000,0x00000000d8c00000)
 ParOldGen       total 86016K, used 0K [0x0000000083400000, 0x0000000088800000, 0x00000000d6700000)
  object space 86016K, 0% used [0x0000000083400000,0x0000000083400000,0x0000000088800000)
 Metaspace       used 7929K, capacity 8080K, committed 8320K, reserved 1058816K
  class space    used 937K, capacity 1032K, committed 1152K, reserved 1048576K

Card table byte_map: [0x000001d68f3c0000,0x000001d68f7b0000] byte_map_base: 0x000001d68efa6000

Marking Bits: (ParMarkBitMap*) 0x0000000056797fe0
 Begin Bits: [0x000001d68fa50000, 0x000001d691980000)
 End Bits:   [0x000001d691980000, 0x000001d6938b0000)

Polling page: 0x000001d6ffd40000

CodeCache: size=245760Kb used=1956Kb max_used=1956Kb free=243803Kb
 bounds [0x000001d680000000, 0x000001d680270000, 0x000001d68f000000]
 total_blobs=728 nmethods=351 adapters=290
 compilation: enabled

Compilation events (10 events):
Event: 0.325 Thread 0x000001d695105000  344       3       java.io.BufferedInputStream::fill (233 bytes)
Event: 0.325 Thread 0x000001d6950b8000 nmethod 342 0x000001d6801d3490 code [0x000001d6801d35c0, 0x000001d6801d3678]
Event: 0.326 Thread 0x000001d695105000 nmethod 344 0x000001d6801d8ed0 code [0x000001d6801d9140, 0x000001d6801da040]
Event: 0.326 Thread 0x000001d695105000  345   !   3       java.util.zip.InflaterInputStream::read (138 bytes)
Event: 0.327 Thread 0x000001d695105000 nmethod 345 0x000001d6801df950 code [0x000001d6801dfbc0, 0x000001d6801e0c70]
Event: 0.327 Thread 0x000001d695105000  346       3       java.util.zip.InflaterInputStream::available (15 bytes)
Event: 0.327 Thread 0x000001d695105000 nmethod 346 0x000001d6801df3d0 code [0x000001d6801df540, 0x000001d6801df850]
Event: 0.327 Thread 0x000001d695105000  347       3       java.awt.image.AreaAveragingScaleFilter::setPixels (45 bytes)
Event: 0.327 Thread 0x000001d695105000 nmethod 347 0x000001d6801d8a10 code [0x000001d6801d8b80, 0x000001d6801d8de0]
Event: 0.336 Thread 0x000001d695105000  348       3       sun.reflect.ClassFileAssembler::emitByte (11 bytes)

GC Heap History (0 events):
No events

Deoptimization events (2 events):
Event: 0.323 Thread 0x000001d697a55000 Uncommon trap: reason=unstable_if action=reinterpret pc=0x000001d6801d1974 method=java.lang.Math.round(F)I @ 23
Event: 0.335 Thread 0x000001d697a55000 Uncommon trap: reason=unstable_if action=reinterpret pc=0x000001d6801e59c0 method=sun.awt.image.PNGImageDecoder.produceImage()V @ 867

Classes redefined (0 events):
No events

Internal exceptions (10 events):
Event: 0.116 Thread 0x000001d6fe435000 Exception <a 'java/security/PrivilegedActionException'> (0x00000000d6861be8) thrown at [C:\jenkins\workspace\8-2-build-windows-amd64-cygwin\jdk8u271\605\hotspot\src\share\vm\prims\jvm.cpp, line 1512]
Event: 0.116 Thread 0x000001d6fe435000 Exception <a 'java/security/PrivilegedActionException'> (0x00000000d6861df8) thrown at [C:\jenkins\workspace\8-2-build-windows-amd64-cygwin\jdk8u271\605\hotspot\src\share\vm\prims\jvm.cpp, line 1512]
Event: 0.117 Thread 0x000001d6fe435000 Exception <a 'java/security/PrivilegedActionException'> (0x00000000d6865d08) thrown at [C:\jenkins\workspace\8-2-build-windows-amd64-cygwin\jdk8u271\605\hotspot\src\share\vm\prims\jvm.cpp, line 1512]
Event: 0.117 Thread 0x000001d6fe435000 Exception <a 'java/security/PrivilegedActionException'> (0x00000000d6865f18) thrown at [C:\jenkins\workspace\8-2-build-windows-amd64-cygwin\jdk8u271\605\hotspot\src\share\vm\prims\jvm.cpp, line 1512]
Event: 0.119 Thread 0x000001d6fe435000 Exception <a 'java/io/FileNotFoundException'> (0x00000000d6867e68) thrown at [C:\jenkins\workspace\8-2-build-windows-amd64-cygwin\jdk8u271\605\hotspot\src\share\vm\prims\jni.cpp, line 710]
Event: 0.143 Thread 0x000001d6fe435000 Exception <a 'java/lang/NoSuchFieldError': method resolution failed> (0x00000000d6938b88) thrown at [C:\jenkins\workspace\8-2-build-windows-amd64-cygwin\jdk8u271\605\hotspot\src\share\vm\prims\methodHandles.cpp, line 1169]
Event: 0.145 Thread 0x000001d6fe435000 Exception <a 'java/lang/NoSuchFieldError': method resolution failed> (0x00000000d6945f58) thrown at [C:\jenkins\workspace\8-2-build-windows-amd64-cygwin\jdk8u271\605\hotspot\src\share\vm\prims\methodHandles.cpp, line 1169]
Event: 0.174 Thread 0x000001d6fe435000 Exception <a 'java/io/FileNotFoundException'> (0x00000000d69dff78) thrown at [C:\jenkins\workspace\8-2-build-windows-amd64-cygwin\jdk8u271\605\hotspot\src\share\vm\prims\jni.cpp, line 710]
Event: 0.260 Thread 0x000001d697a55000 Exception <a 'sun/awt/image/ImageFormatException': Insufficient memory (case 4)> (0x00000000d6b92620) thrown at [C:\jenkins\workspace\8-2-build-windows-amd64-cygwin\jdk8u271\605\hotspot\src\share\vm\prims\jni.cpp, line 737]
Event: 0.262 Thread 0x000001d697a55000 Exception <a 'sun/awt/image/ImageFormatException': Insufficient memory (case 4)> (0x00000000d6b9a518) thrown at [C:\jenkins\workspace\8-2-build-windows-amd64-cygwin\jdk8u271\605\hotspot\src\share\vm\prims\jni.cpp, line 737]

Events (10 events):
Event: 0.336 loading class sun/reflect/ByteVectorFactory
Event: 0.336 loading class sun/reflect/ByteVectorFactory done
Event: 0.336 loading class sun/reflect/ByteVectorImpl
Event: 0.336 loading class sun/reflect/ByteVector
Event: 0.336 loading class sun/reflect/ByteVector done
Event: 0.336 loading class sun/reflect/ByteVectorImpl done
Event: 0.336 loading class sun/reflect/ClassFileAssembler
Event: 0.336 loading class sun/reflect/ClassFileAssembler done
Event: 0.336 loading class sun/reflect/UTF8
Event: 0.336 loading class sun/reflect/UTF8 done


Dynamic libraries:
0x00007ff701870000 - 0x00007ff7018b7000 	C:\Program Files\Java\jdk1.8.0_271\bin\java.exe
0x00007ff935a40000 - 0x00007ff935c30000 	C:\Windows\SYSTEM32\ntdll.dll
0x00007ff9346e0000 - 0x00007ff934792000 	C:\Windows\System32\KERNEL32.DLL
0x00007ff933760000 - 0x00007ff933a05000 	C:\Windows\System32\KERNELBASE.dll
0x00007ff934630000 - 0x00007ff9346d3000 	C:\Windows\System32\ADVAPI32.dll
0x00007ff934490000 - 0x00007ff93452e000 	C:\Windows\System32\msvcrt.dll
0x00007ff933f40000 - 0x00007ff933fd7000 	C:\Windows\System32\sechost.dll
0x00007ff935620000 - 0x00007ff935740000 	C:\Windows\System32\RPCRT4.dll
0x00007ff935370000 - 0x00007ff935504000 	C:\Windows\System32\USER32.dll
0x00007ff932c60000 - 0x00007ff932c81000 	C:\Windows\System32\win32u.dll
0x00007ff933af0000 - 0x00007ff933b16000 	C:\Windows\System32\GDI32.dll
0x00007ff932ce0000 - 0x00007ff932e76000 	C:\Windows\System32\gdi32full.dll
0x00007ff9336c0000 - 0x00007ff93375e000 	C:\Windows\System32\msvcp_win.dll
0x00007ff932b00000 - 0x00007ff932bfa000 	C:\Windows\System32\ucrtbase.dll
0x00007ff91e6b0000 - 0x00007ff91e934000 	C:\Windows\WinSxS\amd64_microsoft.windows.common-controls_6595b64144ccf1df_6.0.18362.1256_none_9e7e379be45e40e2\COMCTL32.dll
0x00007ff933bf0000 - 0x00007ff933f26000 	C:\Windows\System32\combase.dll
0x00007ff932ea0000 - 0x00007ff932f21000 	C:\Windows\System32\bcryptPrimitives.dll
0x00007ff933b40000 - 0x00007ff933b6e000 	C:\Windows\System32\IMM32.DLL
0x00007ff9279a0000 - 0x00007ff9279b5000 	C:\Program Files\Java\jdk1.8.0_271\jre\bin\vcruntime140.dll
0x00007ff8f09c0000 - 0x00007ff8f0a5b000 	C:\Program Files\Java\jdk1.8.0_271\jre\bin\msvcp140.dll
0x0000000055fa0000 - 0x000000005680f000 	C:\Program Files\Java\jdk1.8.0_271\jre\bin\server\jvm.dll
0x00007ff9343b0000 - 0x00007ff9343b8000 	C:\Windows\System32\PSAPI.DLL
0x00007ff92b710000 - 0x00007ff92b719000 	C:\Windows\SYSTEM32\WSOCK32.dll
0x00007ff92b5a0000 - 0x00007ff92b5c4000 	C:\Windows\SYSTEM32\WINMM.dll
0x00007ff9285b0000 - 0x00007ff9285ba000 	C:\Windows\SYSTEM32\VERSION.dll
0x00007ff935300000 - 0x00007ff93536f000 	C:\Windows\System32\WS2_32.dll
0x00007ff92b570000 - 0x00007ff92b59d000 	C:\Windows\SYSTEM32\winmmbase.dll
0x00007ff932c90000 - 0x00007ff932cda000 	C:\Windows\System32\cfgmgr32.dll
0x00007ff9328f0000 - 0x00007ff932901000 	C:\Windows\System32\kernel.appcore.dll
0x00007ff927990000 - 0x00007ff9279a0000 	C:\Program Files\Java\jdk1.8.0_271\jre\bin\verify.dll
0x00007ff91b7d0000 - 0x00007ff91b7fb000 	C:\Program Files\Java\jdk1.8.0_271\jre\bin\java.dll
0x00007ff920f10000 - 0x00007ff920f28000 	C:\Program Files\Java\jdk1.8.0_271\jre\bin\zip.dll
0x00007ff934c10000 - 0x00007ff9352f7000 	C:\Windows\System32\SHELL32.dll
0x00007ff935570000 - 0x00007ff935619000 	C:\Windows\System32\shcore.dll
0x00007ff932f30000 - 0x00007ff9336b1000 	C:\Windows\System32\windows.storage.dll
0x00007ff932980000 - 0x00007ff9329a3000 	C:\Windows\System32\profapi.dll
0x00007ff932910000 - 0x00007ff93295a000 	C:\Windows\System32\powrprof.dll
0x00007ff9328e0000 - 0x00007ff9328f0000 	C:\Windows\System32\UMPDC.dll
0x00007ff935510000 - 0x00007ff935562000 	C:\Windows\System32\shlwapi.dll
0x00007ff932e80000 - 0x00007ff932e97000 	C:\Windows\System32\cryptsp.dll
0x00007ff8ece70000 - 0x00007ff8ed004000 	C:\Program Files\Java\jdk1.8.0_271\jre\bin\awt.dll
0x00007ff9343c0000 - 0x00007ff934485000 	C:\Windows\System32\OLEAUT32.dll
0x00007ff92d550000 - 0x00007ff92d5df000 	C:\Windows\SYSTEM32\apphelp.dll
0x00007ff930bc0000 - 0x00007ff930bed000 	C:\Windows\system32\DWMAPI.DLL
0x00007ff92d710000 - 0x00007ff92d7a9000 	C:\Windows\system32\uxtheme.dll
0x00007ff90ae00000 - 0x00007ff90af56000 	C:\Windows\system32\opengl32.dll
0x00007ff91dca0000 - 0x00007ff91dccc000 	C:\Windows\SYSTEM32\GLU32.dll
0x00007ff931520000 - 0x00007ff931540000 	C:\Windows\SYSTEM32\dxcore.dll
0x00007ff934110000 - 0x00007ff934245000 	C:\Windows\System32\MSCTF.dll
0x00007ff91b9f0000 - 0x00007ff91baeb000 	C:\ProgramData\A-Volute\A-Volute.SonicStudio3\Modules\ScheduledModules\x64\A-Volute.SonicStudio3DevProps2.dll
0x00007ff934250000 - 0x00007ff9343a7000 	C:\Windows\System32\ole32.dll
0x00007ff8f2cc0000 - 0x00007ff8f2cf2000 	C:\Program Files\Java\jdk1.8.0_271\jre\bin\jpeg.dll
0x00007ff9311e0000 - 0x00007ff9313d4000 	C:\Windows\SYSTEM32\dbghelp.dll

VM Arguments:
jvm_args: -Dfile.encoding=UTF-8 
java_command: liabrarymanagementsystem.AddAuthenticator
java_class_path (initial): C:\Users\ASUS\OneDrive\Documents\NetBeansProjects\LiabraryManagementSystem\src\jar\sqljdbc4.jar;C:\Users\ASUS\OneDrive\Documents\NetBeansProjects\LiabraryManagementSystem\src\jar\jcalendar-tz-1.3.3-4.jar;C:\Users\ASUS\OneDrive\Documents\NetBeansProjects\LiabraryManagementSystem\src\jar\rs2xml.jar;C:\Users\ASUS\OneDrive\Documents\NetBeansProjects\LiabraryManagementSystem\src\jar\mysql-connector-java-5.1.49-bin.jar;C:\Users\ASUS\OneDrive\Documents\NetBeansProjects\LiabraryManagementSystem\src\jar\mysql-connector-java-5.1.49.jar;C:\Users\ASUS\OneDrive\Documents\NetBeansProjects\LiabraryManagementSystem\build\classes
Launcher Type: SUN_STANDARD

Environment Variables:
PATH=C:\Program Files (x86)\Common Files\Oracle\Java\javapath;C:\Windows\system32;C:\Windows;C:\Windows\System32\Wbem;C:\Windows\System32\WindowsPowerShell\v1.0\;C:\Windows\System32\OpenSSH\;C:\Program Files (x86)\NVIDIA Corporation\PhysX\Common;C:\Program Files\NVIDIA Corporation\NVIDIA NvDLISR;C:\Program Files (x86)\Microsoft SQL Server\100\Tools\Binn\VSShell\Common7\IDE\;C:\Program Files (x86)\Microsoft SQL Server\100\Tools\Binn\;C:\Program Files\Microsoft SQL Server\100\Tools\Binn\;C:\Program Files (x86)\Microsoft SQL Server\100\DTS\Binn\;C:\Program Files\Microsoft SQL Server\100\DTS\Binn\;%PIXIEHOME%\bin;C:\Users\ASUS\AppData\Local\Microsoft\WindowsApps;
USERNAME=ASUS
OS=Windows_NT
PROCESSOR_IDENTIFIER=Intel64 Family 6 Model 165 Stepping 2, GenuineIntel



---------------  S Y S T E M  ---------------

OS: Windows 10.0 , 64 bit Build 18362 (10.0.18362.1110)

CPU:total 8 (initial active 8) (4 cores per cpu, 2 threads per core) family 6 model 165 stepping 2, cmov, cx8, fxsr, mmx, sse, sse2, sse3, ssse3, sse4.1, sse4.2, popcnt, avx, avx2, aes, clmul, erms, 3dnowpref, lzcnt, ht, tsc, tscinvbit, bmi1, bmi2, adx

Memory: 4k page, physical 8170680k(610640k free), swap 27951584k(864k free)

vm_info: Java HotSpot(TM) 64-Bit Server VM (25.271-b09) for windows-amd64 JRE (1.8.0_271-b09), built on Sep 16 2020 19:14:59 by "" with MS VC++ 15.9 (VS2017)

time: Mon Dec 28 04:37:14 2020
timezone: Bangladesh Standard Time
elapsed time: 0.351173 seconds (0d 0h 0m 0s)

