#
# There is insufficient memory for the Java Runtime Environment to continue.
# Native memory allocation (malloc) failed to allocate 167536 bytes for Chunk::new
# Possible reasons:
#   The system is out of physical RAM or swap space
#   The process is running with CompressedOops enabled, and the Java Heap may be blocking the growth of the native heap
# Possible solutions:
#   Reduce memory load on the system
#   Increase physical memory or swap space
#   Check if swap backing store is full
#   Decrease Java heap size (-Xmx/-Xms)
#   Decrease number of Java threads
#   Decrease Java thread stack sizes (-Xss)
#   Set larger code cache with -XX:ReservedCodeCacheSize=
#   JVM is running with Unscaled Compressed Oops mode in which the Java heap is
#     placed in the first 4GB address space. The Java Heap base address is the
#     maximum limit for the native heap growth. Please use -XX:HeapBaseMinAddress
#     to set the Java Heap base and to place the Java Heap above 4GB virtual address.
# This output file may be truncated or incomplete.
#
#  Out of Memory Error (allocation.cpp:389), pid=23436, tid=0x00000000000059dc
#
# JRE version: Java(TM) SE Runtime Environment (8.0_271-b09) (build 1.8.0_271-b09)
# Java VM: Java HotSpot(TM) 64-Bit Server VM (25.271-b09 mixed mode windows-amd64 compressed oops)
# Failed to write core dump. Minidumps are not enabled by default on client versions of Windows
#

---------------  T H R E A D  ---------------

Current thread (0x000001aaff8d1800):  JavaThread "C2 CompilerThread0" daemon [_thread_in_native, id=23004, stack(0x000000a141b00000,0x000000a141c00000)]

Stack: [0x000000a141b00000,0x000000a141c00000]
Native frames: (J=compiled Java code, j=interpreted, Vv=VM code, C=native code)
V  [jvm.dll+0x33f6c9]
V  [jvm.dll+0x286122]
V  [jvm.dll+0x286dcd]
V  [jvm.dll+0x27d805]
V  [jvm.dll+0xe574c]
V  [jvm.dll+0xe5f4c]
V  [jvm.dll+0x4c2c48]
V  [jvm.dll+0x4c5acd]
V  [jvm.dll+0x450a2e]
V  [jvm.dll+0x44ffe5]
V  [jvm.dll+0x43aef7]
V  [jvm.dll+0xbc3eb]
V  [jvm.dll+0xbaa4b]
V  [jvm.dll+0x24e7c2]
V  [jvm.dll+0x2a2dcc]
C  [ucrtbase.dll+0x210b2]
C  [KERNEL32.DLL+0x17c24]
C  [ntdll.dll+0x6d4d1]


Current CompileTask:
C2:   5467 2632       4       sun.font.TrueTypeFont::initAllNames (177 bytes)


---------------  P R O C E S S  ---------------

Java Threads: ( => current thread )
  0x000001aaff8e0000 JavaThread "DestroyJavaVM" [_thread_blocked, id=14372, stack(0x000000a140d00000,0x000000a140e00000)]
  0x000001aaff8dc000 JavaThread "AWT-EventQueue-0" [_thread_blocked, id=16920, stack(0x000000a142800000,0x000000a142900000)]
  0x000001aa85739000 JavaThread "AWT-Shutdown" [_thread_blocked, id=20192, stack(0x000000a142200000,0x000000a142300000)]
  0x000001aa854ea800 JavaThread "mysql-cj-abandoned-connection-cleanup" daemon [_thread_blocked, id=5600, stack(0x000000a142600000,0x000000a142700000)]
  0x000001aa851b6800 JavaThread "Image Fetcher 1" daemon [_thread_blocked, id=16260, stack(0x000000a142500000,0x000000a142600000)]
  0x000001aa84edf000 JavaThread "AWT-Windows" daemon [_thread_in_native, id=7336, stack(0x000000a142300000,0x000000a142400000)]
  0x000001aa84ed3800 JavaThread "Java2D Disposer" daemon [_thread_blocked, id=12092, stack(0x000000a142100000,0x000000a142200000)]
  0x000001aa84b28800 JavaThread "Service Thread" daemon [_thread_blocked, id=18812, stack(0x000000a141f00000,0x000000a142000000)]
  0x000001aaff8da800 JavaThread "C1 CompilerThread3" daemon [_thread_blocked, id=22636, stack(0x000000a141e00000,0x000000a141f00000)]
  0x000001aaff8da000 JavaThread "C2 CompilerThread2" daemon [_thread_blocked, id=1840, stack(0x000000a141d00000,0x000000a141e00000)]
  0x000001aaff8d3800 JavaThread "C2 CompilerThread1" daemon [_thread_blocked, id=22084, stack(0x000000a141c00000,0x000000a141d00000)]
=>0x000001aaff8d1800 JavaThread "C2 CompilerThread0" daemon [_thread_in_native, id=23004, stack(0x000000a141b00000,0x000000a141c00000)]
  0x000001aaff8d0800 JavaThread "Attach Listener" daemon [_thread_blocked, id=12560, stack(0x000000a141a00000,0x000000a141b00000)]
  0x000001aaff8cf800 JavaThread "Signal Dispatcher" daemon [_thread_blocked, id=24620, stack(0x000000a141900000,0x000000a141a00000)]
  0x000001aafecae800 JavaThread "Finalizer" daemon [_thread_blocked, id=18816, stack(0x000000a141800000,0x000000a141900000)]
  0x000001aafecad000 JavaThread "Reference Handler" daemon [_thread_blocked, id=23256, stack(0x000000a141700000,0x000000a141800000)]

Other Threads:
  0x000001aaff874000 VMThread [stack: 0x000000a141600000,0x000000a141700000] [id=5364]
  0x000001aaff94a800 WatcherThread [stack: 0x000000a142000000,0x000000a142100000] [id=17448]

VM state:not at safepoint (normal execution)

VM Mutex/Monitor currently owned by a thread: None

OutOfMemory and StackOverflow Exception counts:
OutOfMemoryError java_heap_errors=1

heap address: 0x0000000083400000, size: 1996 MB, Compressed Oops mode: 32-bit
Narrow klass base: 0x0000000000000000, Narrow klass shift: 3
Compressed class space size: 1073741824 Address: 0x0000000100000000

Heap:
 PSYoungGen      total 70656K, used 62101K [0x00000000d6700000, 0x00000000db100000, 0x0000000100000000)
  eden space 65536K, 94% used [0x00000000d6700000,0x00000000da3a55f8,0x00000000da700000)
  from space 5120K, 0% used [0x00000000dac00000,0x00000000dac00000,0x00000000db100000)
  to   space 5120K, 0% used [0x00000000da700000,0x00000000da700000,0x00000000dac00000)
 ParOldGen       total 86016K, used 69352K [0x0000000083400000, 0x0000000088800000, 0x00000000d6700000)
  object space 86016K, 80% used [0x0000000083400000,0x00000000877ba060,0x0000000088800000)
 Metaspace       used 20879K, capacity 21180K, committed 21376K, reserved 1069056K
  class space    used 2594K, capacity 2668K, committed 2688K, reserved 1048576K

Card table byte_map: [0x000001aafd900000,0x000001aafdcf0000] byte_map_base: 0x000001aafd4e6000

Marking Bits: (ParMarkBitMap*) 0x00000000519e7fe0
 Begin Bits: [0x000001aa80000000, 0x000001aa81f30000)
 End Bits:   [0x000001aa81f30000, 0x000001aa83e60000)

Polling page: 0x000001aaecef0000

CodeCache: size=245760Kb used=7767Kb max_used=8732Kb free=237993Kb
 bounds [0x000001aaee540000, 0x000001aaeedd0000, 0x000001aafd540000]
 total_blobs=2975 nmethods=2396 adapters=491
 compilation: enabled

Compilation events (10 events):
Event: 5.419 Thread 0x000001aaff8da800 2727       1       java.awt.image.Raster::getHeight (5 bytes)
Event: 5.419 Thread 0x000001aaff8da800 nmethod 2727 0x000001aaee831fd0 code [0x000001aaee832120, 0x000001aaee832238]
Event: 5.419 Thread 0x000001aaff8da800 2728   !   3       sun.swing.SwingUtilities2::getLeftSideBearing (178 bytes)
Event: 5.420 Thread 0x000001aaff8da800 nmethod 2728 0x000001aaee6d0950 code [0x000001aaee6d0b60, 0x000001aaee6d1670]
Event: 5.420 Thread 0x000001aaff8da800 2729  s    3       sun.awt.image.ToolkitImage::getImageRep (37 bytes)
Event: 5.420 Thread 0x000001aaff8da800 nmethod 2729 0x000001aaee65fdd0 code [0x000001aaee65ff80, 0x000001aaee660710]
Event: 5.425 Thread 0x000001aaff8da800 2730       3       sun.awt.AWTAutoShutdown::notifyToolkitThreadBusy (8 bytes)
Event: 5.425 Thread 0x000001aaff8da800 nmethod 2730 0x000001aaee8336d0 code [0x000001aaee833840, 0x000001aaee833a10]
Event: 5.425 Thread 0x000001aaff8da800 2731       3       sun.awt.AWTAutoShutdown::notifyToolkitThreadFree (8 bytes)
Event: 5.425 Thread 0x000001aaff8da800 nmethod 2731 0x000001aaee64fa90 code [0x000001aaee64fc00, 0x000001aaee64fdd0]

GC Heap History (10 events):
Event: 4.176 GC heap before
{Heap before GC invocations=14 (full 10):
 PSYoungGen      total 70656K, used 65536K [0x00000000d6700000, 0x00000000db100000, 0x0000000100000000)
  eden space 65536K, 100% used [0x00000000d6700000,0x00000000da700000,0x00000000da700000)
  from space 5120K, 0% used [0x00000000dac00000,0x00000000dac00000,0x00000000db100000)
  to   space 5120K, 0% used [0x00000000da700000,0x00000000da700000,0x00000000dac00000)
 ParOldGen       total 86016K, used 69421K [0x0000000083400000, 0x0000000088800000, 0x00000000d6700000)
  object space 86016K, 80% used [0x0000000083400000,0x00000000877cb548,0x0000000088800000)
 Metaspace       used 18926K, capacity 19192K, committed 19712K, reserved 1067008K
  class space    used 2367K, capacity 2456K, committed 2560K, reserved 1048576K
Event: 4.190 GC heap after
Heap after GC invocations=14 (full 10):
 PSYoungGen      total 70656K, used 40728K [0x00000000d6700000, 0x00000000db100000, 0x0000000100000000)
  eden space 65536K, 62% used [0x00000000d6700000,0x00000000d8ec6060,0x00000000da700000)
  from space 5120K, 0% used [0x00000000dac00000,0x00000000dac00000,0x00000000db100000)
  to   space 5120K, 0% used [0x00000000da700000,0x00000000da700000,0x00000000dac00000)
 ParOldGen       total 86016K, used 69414K [0x0000000083400000, 0x0000000088800000, 0x00000000d6700000)
  object space 86016K, 80% used [0x0000000083400000,0x00000000877c9840,0x0000000088800000)
 Metaspace       used 18926K, capacity 19192K, committed 19712K, reserved 1067008K
  class space    used 2367K, capacity 2456K, committed 2560K, reserved 1048576K
}
Event: 4.758 GC heap before
{Heap before GC invocations=15 (full 11):
 PSYoungGen      total 70656K, used 65536K [0x00000000d6700000, 0x00000000db100000, 0x0000000100000000)
  eden space 65536K, 100% used [0x00000000d6700000,0x00000000da700000,0x00000000da700000)
  from space 5120K, 0% used [0x00000000dac00000,0x00000000dac00000,0x00000000db100000)
  to   space 5120K, 0% used [0x00000000da700000,0x00000000da700000,0x00000000dac00000)
 ParOldGen       total 86016K, used 69414K [0x0000000083400000, 0x0000000088800000, 0x00000000d6700000)
  object space 86016K, 80% used [0x0000000083400000,0x00000000877c9840,0x0000000088800000)
 Metaspace       used 18950K, capacity 19192K, committed 19712K, reserved 1067008K
  class space    used 2367K, capacity 2456K, committed 2560K, reserved 1048576K
Event: 4.780 GC heap after
Heap after GC invocations=15 (full 11):
 PSYoungGen      total 70656K, used 43535K [0x00000000d6700000, 0x00000000db100000, 0x0000000100000000)
  eden space 65536K, 66% used [0x00000000d6700000,0x00000000d9183fe8,0x00000000da700000)
  from space 5120K, 0% used [0x00000000dac00000,0x00000000dac00000,0x00000000db100000)
  to   space 5120K, 0% used [0x00000000da700000,0x00000000da700000,0x00000000dac00000)
 ParOldGen       total 86016K, used 69393K [0x0000000083400000, 0x0000000088800000, 0x00000000d6700000)
  object space 86016K, 80% used [0x0000000083400000,0x00000000877c4428,0x0000000088800000)
 Metaspace       used 18950K, capacity 19192K, committed 19712K, reserved 1067008K
  class space    used 2367K, capacity 2456K, committed 2560K, reserved 1048576K
}
Event: 5.027 GC heap before
{Heap before GC invocations=16 (full 12):
 PSYoungGen      total 70656K, used 65536K [0x00000000d6700000, 0x00000000db100000, 0x0000000100000000)
  eden space 65536K, 100% used [0x00000000d6700000,0x00000000da700000,0x00000000da700000)
  from space 5120K, 0% used [0x00000000dac00000,0x00000000dac00000,0x00000000db100000)
  to   space 5120K, 0% used [0x00000000da700000,0x00000000da700000,0x00000000dac00000)
 ParOldGen       total 86016K, used 69393K [0x0000000083400000, 0x0000000088800000, 0x00000000d6700000)
  object space 86016K, 80% used [0x0000000083400000,0x00000000877c4428,0x0000000088800000)
 Metaspace       used 19304K, capacity 19568K, committed 19968K, reserved 1067008K
  class space    used 2418K, capacity 2500K, committed 2560K, reserved 1048576K
Event: 5.069 GC heap after
Heap after GC invocations=16 (full 12):
 PSYoungGen      total 70656K, used 52003K [0x00000000d6700000, 0x00000000db100000, 0x0000000100000000)
  eden space 65536K, 79% used [0x00000000d6700000,0x00000000d99c8ce0,0x00000000da700000)
  from space 5120K, 0% used [0x00000000dac00000,0x00000000dac00000,0x00000000db100000)
  to   space 5120K, 0% used [0x00000000da700000,0x00000000da700000,0x00000000dac00000)
 ParOldGen       total 86016K, used 69387K [0x0000000083400000, 0x0000000088800000, 0x00000000d6700000)
  object space 86016K, 80% used [0x0000000083400000,0x00000000877c2d28,0x0000000088800000)
 Metaspace       used 19304K, capacity 19568K, committed 19968K, reserved 1067008K
  class space    used 2418K, capacity 2500K, committed 2560K, reserved 1048576K
}
Event: 5.142 GC heap before
{Heap before GC invocations=17 (full 13):
 PSYoungGen      total 70656K, used 65536K [0x00000000d6700000, 0x00000000db100000, 0x0000000100000000)
  eden space 65536K, 100% used [0x00000000d6700000,0x00000000da700000,0x00000000da700000)
  from space 5120K, 0% used [0x00000000dac00000,0x00000000dac00000,0x00000000db100000)
  to   space 5120K, 0% used [0x00000000da700000,0x00000000da700000,0x00000000dac00000)
 ParOldGen       total 86016K, used 69387K [0x0000000083400000, 0x0000000088800000, 0x00000000d6700000)
  object space 86016K, 80% used [0x0000000083400000,0x00000000877c2d28,0x0000000088800000)
 Metaspace       used 19350K, capacity 19580K, committed 19968K, reserved 1067008K
  class space    used 2420K, capacity 2502K, committed 2560K, reserved 1048576K
Event: 5.167 GC heap after
Heap after GC invocations=17 (full 13):
 PSYoungGen      total 70656K, used 55198K [0x00000000d6700000, 0x00000000db100000, 0x0000000100000000)
  eden space 65536K, 84% used [0x00000000d6700000,0x00000000d9ce7ae8,0x00000000da700000)
  from space 5120K, 0% used [0x00000000dac00000,0x00000000dac00000,0x00000000db100000)
  to   space 5120K, 0% used [0x00000000da700000,0x00000000da700000,0x00000000dac00000)
 ParOldGen       total 86016K, used 69387K [0x0000000083400000, 0x0000000088800000, 0x00000000d6700000)
  object space 86016K, 80% used [0x0000000083400000,0x00000000877c2ce8,0x0000000088800000)
 Metaspace       used 19350K, capacity 19580K, committed 19968K, reserved 1067008K
  class space    used 2420K, capacity 2502K, committed 2560K, reserved 1048576K
}
Event: 5.270 GC heap before
{Heap before GC invocations=18 (full 14):
 PSYoungGen      total 70656K, used 65523K [0x00000000d6700000, 0x00000000db100000, 0x0000000100000000)
  eden space 65536K, 99% used [0x00000000d6700000,0x00000000da6fcfa0,0x00000000da700000)
  from space 5120K, 0% used [0x00000000dac00000,0x00000000dac00000,0x00000000db100000)
  to   space 5120K, 0% used [0x00000000da700000,0x00000000da700000,0x00000000dac00000)
 ParOldGen       total 86016K, used 69387K [0x0000000083400000, 0x0000000088800000, 0x00000000d6700000)
  object space 86016K, 80% used [0x0000000083400000,0x00000000877c2ce8,0x0000000088800000)
 Metaspace       used 19525K, capacity 19784K, committed 20224K, reserved 1067008K
  class space    used 2424K, capacity 2504K, committed 2560K, reserved 1048576K
Event: 5.306 GC heap after
Heap after GC invocations=18 (full 14):
 PSYoungGen      total 70656K, used 56455K [0x00000000d6700000, 0x00000000db100000, 0x0000000100000000)
  eden space 65536K, 86% used [0x00000000d6700000,0x00000000d9e21d58,0x00000000da700000)
  from space 5120K, 0% used [0x00000000dac00000,0x00000000dac00000,0x00000000db100000)
  to   space 5120K, 0% used [0x00000000da700000,0x00000000da700000,0x00000000dac00000)
 ParOldGen       total 86016K, used 69352K [0x0000000083400000, 0x0000000088800000, 0x00000000d6700000)
  object space 86016K, 80% used [0x0000000083400000,0x00000000877ba060,0x0000000088800000)
 Metaspace       used 19525K, capacity 19784K, committed 20224K, reserved 1067008K
  class space    used 2424K, capacity 2504K, committed 2560K, reserved 1048576K
}

Deoptimization events (10 events):
Event: 5.368 Thread 0x000001aaecc78000 Uncommon trap: reason=unstable_if action=reinterpret pc=0x000001aaeebbbb34 method=javax.swing.RepaintManager.addDirtyRegion0(Ljava/awt/Container;IIII)V @ 69
Event: 5.368 Thread 0x000001aaecc78000 Uncommon trap: reason=unstable_if action=reinterpret pc=0x000001aaeec3dc14 method=javax.swing.RepaintManager.addDirtyRegion0(Ljava/awt/Container;IIII)V @ 69
Event: 5.368 Thread 0x000001aaecc78000 Uncommon trap: reason=unstable_if action=reinterpret pc=0x000001aaeec3ba30 method=javax.swing.RepaintManager.addDirtyRegion0(Ljava/awt/Container;IIII)V @ 69
Event: 5.382 Thread 0x000001aaecc78000 Uncommon trap: reason=unstable_if action=reinterpret pc=0x000001aaee8c00d4 method=java.awt.Component.isValid()Z @ 11
Event: 5.385 Thread 0x000001aaecc78000 Uncommon trap: reason=unstable_if action=reinterpret pc=0x000001aaeecbe01c method=java.awt.Component.getFont_NoClientCode()Ljava/awt/Font; @ 17
Event: 5.389 Thread 0x000001aaff8dc000 Uncommon trap: reason=class_check action=maybe_recompile pc=0x000001aaeed13660 method=java.awt.EventQueue.coalesceEvent(Ljava/awt/AWTEvent;I)Z @ 32
Event: 5.395 Thread 0x000001aa84edf000 Uncommon trap: reason=class_check action=maybe_recompile pc=0x000001aaeed13660 method=java.awt.EventQueue.coalesceEvent(Ljava/awt/AWTEvent;I)Z @ 32
Event: 5.395 Thread 0x000001aaff8dc000 Uncommon trap: reason=unstable_if action=reinterpret pc=0x000001aaeeaf2864 method=sun.awt.SunToolkit.getAppContext(Ljava/lang/Object;)Lsun/awt/AppContext; @ 4
Event: 5.395 Thread 0x000001aaecc78000 Uncommon trap: reason=class_check action=maybe_recompile pc=0x000001aaeed13660 method=java.awt.EventQueue.coalesceEvent(Ljava/awt/AWTEvent;I)Z @ 32
Event: 5.397 Thread 0x000001aaff8e0000 Uncommon trap: reason=unstable_if action=reinterpret pc=0x000001aaeedc5d78 method=java.security.AccessControlContext.optimize()Ljava/security/AccessControlContext; @ 49

Classes redefined (0 events):
No events

Internal exceptions (10 events):
Event: 0.090 Thread 0x000001aaecc78000 Exception <a 'java/lang/NoSuchFieldError': method resolution failed> (0x00000000d69a5c48) thrown at [C:\jenkins\workspace\8-2-build-windows-amd64-cygwin\jdk8u271\605\hotspot\src\share\vm\prims\methodHandles.cpp, line 1169]
Event: 0.091 Thread 0x000001aaecc78000 Exception <a 'java/lang/NoSuchFieldError': method resolution failed> (0x00000000d69b3018) thrown at [C:\jenkins\workspace\8-2-build-windows-amd64-cygwin\jdk8u271\605\hotspot\src\share\vm\prims\methodHandles.cpp, line 1169]
Event: 0.114 Thread 0x000001aaecc78000 Exception <a 'java/io/FileNotFoundException'> (0x00000000d6a4cc20) thrown at [C:\jenkins\workspace\8-2-build-windows-amd64-cygwin\jdk8u271\605\hotspot\src\share\vm\prims\jni.cpp, line 710]
Event: 0.357 Thread 0x000001aa84f09800 Implicit null exception at 0x000001aaee7026bd to 0x000001aaee702811
Event: 2.662 Thread 0x000001aa84f09800 Exception <a 'java/lang/OutOfMemoryError'> (0x0000000083ba7230) thrown at [C:\jenkins\workspace\8-2-build-windows-amd64-cygwin\jdk8u271\605\hotspot\src\share\vm\gc_interface/collectedHeap.inline.hpp, line 159]
Event: 3.092 Thread 0x000001aaecc78000 Implicit null exception at 0x000001aaeeb7057e to 0x000001aaeeb70a9d
Event: 3.092 Thread 0x000001aaecc78000 Implicit null exception at 0x000001aaeeb10b5b to 0x000001aaeeb10f55
Event: 3.605 Thread 0x000001aa851b6800 Exception <a 'sun/awt/image/ImageFormatException': Insufficient memory (case 4)> (0x00000000d9648840) thrown at [C:\jenkins\workspace\8-2-build-windows-amd64-cygwin\jdk8u271\605\hotspot\src\share\vm\prims\jni.cpp, line 737]
Event: 5.335 Thread 0x000001aaecc78000 Implicit null exception at 0x000001aaeecaa4b9 to 0x000001aaeecaada9
Event: 5.397 Thread 0x000001aaff8e0000 Implicit null exception at 0x000001aaeedc54a4 to 0x000001aaeedc5d61

Events (10 events):
Event: 5.424 loading class sun/awt/im/CompositionAreaHandler
Event: 5.424 loading class sun/awt/im/CompositionAreaHandler done
Event: 5.424 loading class java/text/AttributedString
Event: 5.424 loading class java/text/AttributedString done
Event: 5.424 loading class java/text/AttributedString$AttributedStringIterator
Event: 5.424 loading class java/text/AttributedCharacterIterator
Event: 5.425 loading class java/text/AttributedCharacterIterator done
Event: 5.425 loading class java/text/AttributedString$AttributedStringIterator done
Event: 5.425 loading class java/awt/TextComponent
Event: 5.425 loading class java/awt/TextComponent done


Dynamic libraries:
0x00007ff6fcf50000 - 0x00007ff6fcf97000 	C:\Program Files\Java\jdk1.8.0_271\bin\java.exe
0x00007ffebf480000 - 0x00007ffebf670000 	C:\Windows\SYSTEM32\ntdll.dll
0x00007ffebf000000 - 0x00007ffebf0b2000 	C:\Windows\System32\KERNEL32.DLL
0x00007ffebcfa0000 - 0x00007ffebd245000 	C:\Windows\System32\KERNELBASE.dll
0x00007ffebf0c0000 - 0x00007ffebf163000 	C:\Windows\System32\ADVAPI32.dll
0x00007ffebf3a0000 - 0x00007ffebf43e000 	C:\Windows\System32\msvcrt.dll
0x00007ffebd760000 - 0x00007ffebd7f7000 	C:\Windows\System32\sechost.dll
0x00007ffebe340000 - 0x00007ffebe460000 	C:\Windows\System32\RPCRT4.dll
0x00007ffebed30000 - 0x00007ffebeec4000 	C:\Windows\System32\USER32.dll
0x00007ffebc670000 - 0x00007ffebc691000 	C:\Windows\System32\win32u.dll
0x00007ffebddb0000 - 0x00007ffebddd6000 	C:\Windows\System32\GDI32.dll
0x00007ffebd280000 - 0x00007ffebd416000 	C:\Windows\System32\gdi32full.dll
0x00007ffebc5d0000 - 0x00007ffebc66e000 	C:\Windows\System32\msvcp_win.dll
0x00007ffebc3f0000 - 0x00007ffebc4ea000 	C:\Windows\System32\ucrtbase.dll
0x00007ffea7ac0000 - 0x00007ffea7d44000 	C:\Windows\WinSxS\amd64_microsoft.windows.common-controls_6595b64144ccf1df_6.0.18362.1256_none_9e7e379be45e40e2\COMCTL32.dll
0x00007ffebdea0000 - 0x00007ffebe1d6000 	C:\Windows\System32\combase.dll
0x00007ffebc4f0000 - 0x00007ffebc571000 	C:\Windows\System32\bcryptPrimitives.dll
0x00007ffebd8b0000 - 0x00007ffebd8de000 	C:\Windows\System32\IMM32.DLL
0x00007ffeb3770000 - 0x00007ffeb3785000 	C:\Program Files\Java\jdk1.8.0_271\jre\bin\vcruntime140.dll
0x00007ffea4130000 - 0x00007ffea41cb000 	C:\Program Files\Java\jdk1.8.0_271\jre\bin\msvcp140.dll
0x00000000511f0000 - 0x0000000051a5f000 	C:\Program Files\Java\jdk1.8.0_271\jre\bin\server\jvm.dll
0x00007ffebe1e0000 - 0x00007ffebe1e8000 	C:\Windows\System32\PSAPI.DLL
0x00007ffeb4340000 - 0x00007ffeb4349000 	C:\Windows\SYSTEM32\WSOCK32.dll
0x00007ffeb3de0000 - 0x00007ffeb3e04000 	C:\Windows\SYSTEM32\WINMM.dll
0x00007ffebeb50000 - 0x00007ffebebbf000 	C:\Windows\System32\WS2_32.dll
0x00007ffeb2b90000 - 0x00007ffeb2b9a000 	C:\Windows\SYSTEM32\VERSION.dll
0x00007ffeb3db0000 - 0x00007ffeb3ddd000 	C:\Windows\SYSTEM32\winmmbase.dll
0x00007ffebc580000 - 0x00007ffebc5ca000 	C:\Windows\System32\cfgmgr32.dll
0x00007ffebc360000 - 0x00007ffebc371000 	C:\Windows\System32\kernel.appcore.dll
0x00007ffeb3e50000 - 0x00007ffeb3e60000 	C:\Program Files\Java\jdk1.8.0_271\jre\bin\verify.dll
0x00007ffeb1f40000 - 0x00007ffeb1f6b000 	C:\Program Files\Java\jdk1.8.0_271\jre\bin\java.dll
0x00007ffeb1f80000 - 0x00007ffeb1f98000 	C:\Program Files\Java\jdk1.8.0_271\jre\bin\zip.dll
0x00007ffebe460000 - 0x00007ffebeb47000 	C:\Windows\System32\SHELL32.dll
0x00007ffebdde0000 - 0x00007ffebde89000 	C:\Windows\System32\shcore.dll
0x00007ffebc810000 - 0x00007ffebcf91000 	C:\Windows\System32\windows.storage.dll
0x00007ffebc330000 - 0x00007ffebc353000 	C:\Windows\System32\profapi.dll
0x00007ffebc3a0000 - 0x00007ffebc3ea000 	C:\Windows\System32\powrprof.dll
0x00007ffebc320000 - 0x00007ffebc330000 	C:\Windows\System32\UMPDC.dll
0x00007ffebeed0000 - 0x00007ffebef22000 	C:\Windows\System32\shlwapi.dll
0x00007ffebc7f0000 - 0x00007ffebc807000 	C:\Windows\System32\cryptsp.dll
0x00007ffe7a610000 - 0x00007ffe7a7a4000 	C:\Program Files\Java\jdk1.8.0_271\jre\bin\awt.dll
0x00007ffebef30000 - 0x00007ffebeff5000 	C:\Windows\System32\OLEAUT32.dll
0x00007ffeb6f80000 - 0x00007ffeb700f000 	C:\Windows\SYSTEM32\apphelp.dll
0x00007ffeba600000 - 0x00007ffeba62d000 	C:\Windows\system32\DWMAPI.DLL
0x00007ffeb70c0000 - 0x00007ffeb7159000 	C:\Windows\system32\uxtheme.dll
0x00007ffe9c750000 - 0x00007ffe9c8a6000 	C:\Windows\system32\opengl32.dll
0x00007ffea6700000 - 0x00007ffea672c000 	C:\Windows\SYSTEM32\GLU32.dll
0x00007ffebaf60000 - 0x00007ffebaf80000 	C:\Windows\SYSTEM32\dxcore.dll
0x00007ffebf170000 - 0x00007ffebf2a5000 	C:\Windows\System32\MSCTF.dll
0x00007ffe7f0d0000 - 0x00007ffe7f1cb000 	C:\ProgramData\A-Volute\A-Volute.SonicStudio3\Modules\ScheduledModules\x64\A-Volute.SonicStudio3DevProps2.dll
0x00007ffebebd0000 - 0x00007ffebed27000 	C:\Windows\System32\ole32.dll
0x00007ffea81a0000 - 0x00007ffea81d2000 	C:\Program Files\Java\jdk1.8.0_271\jre\bin\jpeg.dll
0x00007ffeb1320000 - 0x00007ffeb133c000 	C:\Program Files\Java\jdk1.8.0_271\jre\bin\net.dll
0x00007ffebbb70000 - 0x00007ffebbbd7000 	C:\Windows\system32\mswsock.dll
0x00007ffebb8c0000 - 0x00007ffebb98b000 	C:\Windows\SYSTEM32\DNSAPI.dll
0x000001aa859e0000 - 0x000001aa859e8000 	C:\Windows\System32\NSI.dll
0x00007ffebb880000 - 0x00007ffebb8ba000 	C:\Windows\SYSTEM32\IPHLPAPI.DLL
0x00007ffeb3da0000 - 0x00007ffeb3daa000 	C:\Windows\System32\rasadhlp.dll
0x00007ffeb1dc0000 - 0x00007ffeb1e37000 	C:\Windows\System32\fwpuclnt.dll
0x00007ffebd250000 - 0x00007ffebd276000 	C:\Windows\System32\bcrypt.dll
0x00007ffebb6e0000 - 0x00007ffebb713000 	C:\Windows\system32\rsaenh.dll
0x00007ffebc200000 - 0x00007ffebc225000 	C:\Windows\SYSTEM32\USERENV.dll
0x00007ffebbd40000 - 0x00007ffebbd4c000 	C:\Windows\SYSTEM32\CRYPTBASE.dll
0x00007ffeb1fa0000 - 0x00007ffeb1fb6000 	C:\Windows\SYSTEM32\dhcpcsvc6.DLL
0x00007ffeb2ba0000 - 0x00007ffeb2bbc000 	C:\Windows\SYSTEM32\dhcpcsvc.DLL
0x00007ffeb06c0000 - 0x00007ffeb06d3000 	C:\Program Files\Java\jdk1.8.0_271\jre\bin\nio.dll
0x00007ffeae280000 - 0x00007ffeae2a4000 	C:\Program Files\Java\jdk1.8.0_271\jre\bin\sunec.dll
0x00007ffeb06b0000 - 0x00007ffeb06bd000 	C:\Program Files\Java\jdk1.8.0_271\jre\bin\sunmscapi.dll
0x00007ffebc6a0000 - 0x00007ffebc7e9000 	C:\Windows\System32\CRYPT32.dll
0x00007ffebc380000 - 0x00007ffebc392000 	C:\Windows\System32\MSASN1.dll
0x00007ffebbe40000 - 0x00007ffebbe66000 	C:\Windows\SYSTEM32\ncrypt.dll
0x00007ffebbe00000 - 0x00007ffebbe3b000 	C:\Windows\SYSTEM32\NTASN1.dll
0x00007ffe7d600000 - 0x00007ffe7d616000 	C:\Windows\system32\napinsp.dll
0x00007ffe7d5e0000 - 0x00007ffe7d5fa000 	C:\Windows\system32\pnrpnsp.dll
0x00007ffe979a0000 - 0x00007ffe979ae000 	C:\Windows\System32\winrnr.dll
0x00007ffeb5820000 - 0x00007ffeb583c000 	C:\Windows\system32\NLAapi.dll
0x00007ffeb4b20000 - 0x00007ffeb4b35000 	C:\Windows\system32\wshbth.dll
0x00007ffeae2b0000 - 0x00007ffeae2f9000 	C:\Program Files\Java\jdk1.8.0_271\jre\bin\fontmanager.dll
0x00007ffea96a0000 - 0x00007ffea96e3000 	C:\Program Files\Java\jdk1.8.0_271\jre\bin\t2k.dll
0x00007ffebd800000 - 0x00007ffebd8a2000 	C:\Windows\System32\clbcatq.dll
0x00007ffeb29e0000 - 0x00007ffeb2b8f000 	C:\Windows\SYSTEM32\WindowsCodecs.dll
0x00007ffea3440000 - 0x00007ffea347a000 	C:\Windows\system32\dataexchange.dll
0x00007ffeb6160000 - 0x00007ffeb63bb000 	C:\Windows\system32\d3d11.dll
0x00007ffeb6820000 - 0x00007ffeb69fd000 	C:\Windows\system32\dcomp.dll
0x00007ffebaff0000 - 0x00007ffebb0db000 	C:\Windows\system32\dxgi.dll
0x00007ffeba370000 - 0x00007ffeba5d2000 	C:\Windows\system32\twinapi.appcore.dll
0x00007ffeba7b0000 - 0x00007ffeba7d9000 	C:\Windows\system32\RMCLIENT.dll
0x00007ffeadd90000 - 0x00007ffeade2e000 	C:\Windows\System32\TextInputFramework.dll
0x00007ffeb2bd0000 - 0x00007ffeb2efa000 	C:\Windows\System32\CoreUIComponents.dll
0x00007ffeb6d70000 - 0x00007ffeb6e44000 	C:\Windows\System32\CoreMessaging.dll
0x00007ffebb360000 - 0x00007ffebb391000 	C:\Windows\SYSTEM32\ntmarta.dll
0x00007ffeb4ba0000 - 0x00007ffeb4cf3000 	C:\Windows\SYSTEM32\wintypes.dll
0x00007ffeaaab0000 - 0x00007ffeaad57000 	C:\Windows\System32\iertutil.dll
0x00007ffebaa90000 - 0x00007ffebac84000 	C:\Windows\SYSTEM32\dbghelp.dll

VM Arguments:
jvm_args: -Dfile.encoding=UTF-8 
java_command: liabrarymanagementsystem.Librarian
java_class_path (initial): C:\Users\ASUS\OneDrive\Documents\NetBeansProjects\LiabraryManagementSystem\src\jar\sqljdbc4.jar;C:\Users\ASUS\OneDrive\Documents\NetBeansProjects\LiabraryManagementSystem\src\jar\jcalendar-tz-1.3.3-4.jar;C:\Users\ASUS\OneDrive\Documents\NetBeansProjects\LiabraryManagementSystem\src\jar\rs2xml.jar;C:\Users\ASUS\OneDrive\Documents\NetBeansProjects\LiabraryManagementSystem\src\jar\mysql-connector-java-5.1.49-bin.jar;C:\Users\ASUS\OneDrive\Documents\NetBeansProjects\LiabraryManagementSystem\src\jar\mysql-connector-java-5.1.49.jar;C:\Users\ASUS\OneDrive\Documents\NetBeansProjects\LiabraryManagementSystem\build\classes
Launcher Type: SUN_STANDARD

Environment Variables:
PATH=C:\Program Files (x86)\Common Files\Oracle\Java\javapath;C:\Windows\system32;C:\Windows;C:\Windows\System32\Wbem;C:\Windows\System32\WindowsPowerShell\v1.0\;C:\Windows\System32\OpenSSH\;C:\Program Files (x86)\NVIDIA Corporation\PhysX\Common;C:\Program Files\NVIDIA Corporation\NVIDIA NvDLISR;C:\Program Files (x86)\Microsoft SQL Server\100\Tools\Binn\VSShell\Common7\IDE\;C:\Program Files (x86)\Microsoft SQL Server\100\Tools\Binn\;C:\Program Files\Microsoft SQL Server\100\Tools\Binn\;C:\Program Files (x86)\Microsoft SQL Server\100\DTS\Binn\;C:\Program Files\Microsoft SQL Server\100\DTS\Binn\;%PIXIEHOME%\bin;C:\Users\ASUS\AppData\Local\Microsoft\WindowsApps;
USERNAME=ASUS
OS=Windows_NT
PROCESSOR_IDENTIFIER=Intel64 Family 6 Model 165 Stepping 2, GenuineIntel



---------------  S Y S T E M  ---------------

OS: Windows 10.0 , 64 bit Build 18362 (10.0.18362.1110)

CPU:total 8 (initial active 8) (4 cores per cpu, 2 threads per core) family 6 model 165 stepping 2, cmov, cx8, fxsr, mmx, sse, sse2, sse3, ssse3, sse4.1, sse4.2, popcnt, avx, avx2, aes, clmul, erms, 3dnowpref, lzcnt, ht, tsc, tscinvbit, bmi1, bmi2, adx

Memory: 4k page, physical 8170680k(794688k free), swap 27951584k(1604k free)

vm_info: Java HotSpot(TM) 64-Bit Server VM (25.271-b09) for windows-amd64 JRE (1.8.0_271-b09), built on Sep 16 2020 19:14:59 by "" with MS VC++ 15.9 (VS2017)

time: Wed Jan  6 07:08:34 2021
timezone: Bangladesh Standard Time
elapsed time: 5.470878 seconds (0d 0h 0m 5s)

