#
# There is insufficient memory for the Java Runtime Environment to continue.
# Native memory allocation (malloc) failed to allocate 117376 bytes for Chunk::new
# Possible reasons:
#   The system is out of physical RAM or swap space
#   The process is running with CompressedOops enabled, and the Java Heap may be blocking the growth of the native heap
# Possible solutions:
#   Reduce memory load on the system
#   Increase physical memory or swap space
#   Check if swap backing store is full
#   Decrease Java heap size (-Xmx/-Xms)
#   Decrease number of Java threads
#   Decrease Java thread stack sizes (-Xss)
#   Set larger code cache with -XX:ReservedCodeCacheSize=
#   JVM is running with Unscaled Compressed Oops mode in which the Java heap is
#     placed in the first 4GB address space. The Java Heap base address is the
#     maximum limit for the native heap growth. Please use -XX:HeapBaseMinAddress
#     to set the Java Heap base and to place the Java Heap above 4GB virtual address.
# This output file may be truncated or incomplete.
#
#  Out of Memory Error (allocation.cpp:389), pid=6008, tid=0x00000000000047ac
#
# JRE version: Java(TM) SE Runtime Environment (8.0_271-b09) (build 1.8.0_271-b09)
# Java VM: Java HotSpot(TM) 64-Bit Server VM (25.271-b09 mixed mode windows-amd64 compressed oops)
# Failed to write core dump. Minidumps are not enabled by default on client versions of Windows
#

---------------  T H R E A D  ---------------

Current thread (0x000002cd177b5800):  JavaThread "C2 CompilerThread1" daemon [_thread_in_native, id=18348, stack(0x000000fe24a00000,0x000000fe24b00000)]

Stack: [0x000000fe24a00000,0x000000fe24b00000]
Native frames: (J=compiled Java code, j=interpreted, Vv=VM code, C=native code)
V  [jvm.dll+0x33f6c9]


Current CompileTask:
C2:    187  298       4       sun.awt.image.PNGImageDecoder::filterRow (459 bytes)


---------------  P R O C E S S  ---------------

Java Threads: ( => current thread )
  0x000002cd18f70000 JavaThread "Image Fetcher 0" daemon [_thread_in_Java, id=13400, stack(0x000000fe25200000,0x000000fe25300000)]
  0x000002cd18f10800 JavaThread "AWT-Windows" daemon [_thread_in_native, id=2172, stack(0x000000fe25100000,0x000000fe25200000)]
  0x000002cd18f0f800 JavaThread "AWT-Shutdown" [_thread_blocked, id=22136, stack(0x000000fe25000000,0x000000fe25100000)]
  0x000002cd18f5b000 JavaThread "Java2D Disposer" daemon [_thread_blocked, id=1960, stack(0x000000fe24f00000,0x000000fe25000000)]
  0x000002cd18b98800 JavaThread "Service Thread" daemon [_thread_blocked, id=4696, stack(0x000000fe24d00000,0x000000fe24e00000)]
  0x000002cd177ca000 JavaThread "C1 CompilerThread3" daemon [_thread_in_native, id=18244, stack(0x000000fe24c00000,0x000000fe24d00000)]
  0x000002cd177c3800 JavaThread "C2 CompilerThread2" daemon [_thread_blocked, id=18316, stack(0x000000fe24b00000,0x000000fe24c00000)]
=>0x000002cd177b5800 JavaThread "C2 CompilerThread1" daemon [_thread_in_native, id=18348, stack(0x000000fe24a00000,0x000000fe24b00000)]
  0x000002cd177b3000 JavaThread "C2 CompilerThread0" daemon [_thread_blocked, id=25456, stack(0x000000fe24900000,0x000000fe24a00000)]
  0x000002cd177b1800 JavaThread "Attach Listener" daemon [_thread_blocked, id=17448, stack(0x000000fe24800000,0x000000fe24900000)]
  0x000002cd177b0800 JavaThread "Signal Dispatcher" daemon [_thread_blocked, id=15600, stack(0x000000fe24700000,0x000000fe24800000)]
  0x000002cd16b9c800 JavaThread "Finalizer" daemon [_thread_blocked, id=15236, stack(0x000000fe24600000,0x000000fe24700000)]
  0x000002cd16b95000 JavaThread "Reference Handler" daemon [_thread_blocked, id=3452, stack(0x000000fe24500000,0x000000fe24600000)]
  0x000002cd00bd6000 JavaThread "main" [_thread_blocked, id=9636, stack(0x000000fe23b00000,0x000000fe23c00000)]

Other Threads:
  0x000002cd17765000 VMThread [stack: 0x000000fe24400000,0x000000fe24500000] [id=15740]
  0x000002cd17839800 WatcherThread [stack: 0x000000fe24e00000,0x000000fe24f00000] [id=13892]

VM state:not at safepoint (normal execution)

VM Mutex/Monitor currently owned by a thread: None

heap address: 0x0000000083400000, size: 1996 MB, Compressed Oops mode: 32-bit
Narrow klass base: 0x0000000000000000, Narrow klass shift: 3
Compressed class space size: 1073741824 Address: 0x0000000100000000

Heap:
 PSYoungGen      total 37888K, used 6924K [0x00000000d6700000, 0x00000000d9100000, 0x0000000100000000)
  eden space 32768K, 21% used [0x00000000d6700000,0x00000000d6dc31e8,0x00000000d8700000)
  from space 5120K, 0% used [0x00000000d8c00000,0x00000000d8c00000,0x00000000d9100000)
  to   space 5120K, 0% used [0x00000000d8700000,0x00000000d8700000,0x00000000d8c00000)
 ParOldGen       total 86016K, used 0K [0x0000000083400000, 0x0000000088800000, 0x00000000d6700000)
  object space 86016K, 0% used [0x0000000083400000,0x0000000083400000,0x0000000088800000)
 Metaspace       used 6775K, capacity 6958K, committed 7040K, reserved 1056768K
  class space    used 774K, capacity 871K, committed 896K, reserved 1048576K

Card table byte_map: [0x000002cd11990000,0x000002cd11d80000] byte_map_base: 0x000002cd11576000

Marking Bits: (ParMarkBitMap*) 0x00000000519e7fe0
 Begin Bits: [0x000002cd12020000, 0x000002cd13f50000)
 End Bits:   [0x000002cd13f50000, 0x000002cd15e80000)

Polling page: 0x000002cd00b90000

CodeCache: size=245760Kb used=1749Kb max_used=1749Kb free=244010Kb
 bounds [0x000002cd025d0000, 0x000002cd02840000, 0x000002cd115d0000]
 total_blobs=661 nmethods=296 adapters=278
 compilation: enabled

Compilation events (10 events):
Event: 0.181 Thread 0x000002cd177ca000 nmethod 291 0x000002cd02771a50 code [0x000002cd02771bc0, 0x000002cd02771df8]
Event: 0.182 Thread 0x000002cd177ca000  292  s    3       java.io.BufferedInputStream::read (49 bytes)
Event: 0.182 Thread 0x000002cd177ca000 nmethod 292 0x000002cd02771ed0 code [0x000002cd02772060, 0x000002cd027725c0]
Event: 0.182 Thread 0x000002cd177ca000  293       3       java.io.BufferedInputStream::read1 (108 bytes)
Event: 0.182 Thread 0x000002cd177ca000 nmethod 293 0x000002cd027727d0 code [0x000002cd027729e0, 0x000002cd027732e0]
Event: 0.182 Thread 0x000002cd177ca000  294 % !   3       sun.awt.image.PNGImageDecoder::produceImage @ 960 (1916 bytes)
Event: 0.183 Thread 0x000002cd177c3800 nmethod 289% 0x000002cd02776650 code [0x000002cd027767a0, 0x000002cd02776b18]
Event: 0.183 Thread 0x000002cd177b3000  296 %     4       sun.awt.image.PNGImageDecoder::filterRow @ 79 (459 bytes)
Event: 0.185 Thread 0x000002cd177b3000 nmethod 296% 0x000002cd02776d10 code [0x000002cd02776e60, 0x000002cd027770b8]
Event: 0.185 Thread 0x000002cd177b5800  298       4       sun.awt.image.PNGImageDecoder::filterRow (459 bytes)

GC Heap History (0 events):
No events

Deoptimization events (0 events):
No events

Classes redefined (0 events):
No events

Internal exceptions (10 events):
Event: 0.022 Thread 0x000002cd00bd6000 Exception <a 'java/lang/NoSuchMethodError': Method sun.misc.Unsafe.defineClass(Ljava/lang/String;[BII)Ljava/lang/Class; name or signature does not match> (0x00000000d6707cc0) thrown at [C:\jenkins\workspace\8-2-build-windows-amd64-cygwin\jdk8u271\605\hots
Event: 0.022 Thread 0x000002cd00bd6000 Exception <a 'java/lang/NoSuchMethodError': Method sun.misc.Unsafe.prefetchRead(Ljava/lang/Object;J)V name or signature does not match> (0x00000000d6707fa8) thrown at [C:\jenkins\workspace\8-2-build-windows-amd64-cygwin\jdk8u271\605\hotspot\src\share\vm\p
Event: 0.062 Thread 0x000002cd00bd6000 Exception <a 'java/security/PrivilegedActionException'> (0x00000000d685de38) thrown at [C:\jenkins\workspace\8-2-build-windows-amd64-cygwin\jdk8u271\605\hotspot\src\share\vm\prims\jvm.cpp, line 1512]
Event: 0.062 Thread 0x000002cd00bd6000 Exception <a 'java/security/PrivilegedActionException'> (0x00000000d685e048) thrown at [C:\jenkins\workspace\8-2-build-windows-amd64-cygwin\jdk8u271\605\hotspot\src\share\vm\prims\jvm.cpp, line 1512]
Event: 0.062 Thread 0x000002cd00bd6000 Exception <a 'java/security/PrivilegedActionException'> (0x00000000d6861f58) thrown at [C:\jenkins\workspace\8-2-build-windows-amd64-cygwin\jdk8u271\605\hotspot\src\share\vm\prims\jvm.cpp, line 1512]
Event: 0.062 Thread 0x000002cd00bd6000 Exception <a 'java/security/PrivilegedActionException'> (0x00000000d6862168) thrown at [C:\jenkins\workspace\8-2-build-windows-amd64-cygwin\jdk8u271\605\hotspot\src\share\vm\prims\jvm.cpp, line 1512]
Event: 0.065 Thread 0x000002cd00bd6000 Exception <a 'java/io/FileNotFoundException'> (0x00000000d68640b8) thrown at [C:\jenkins\workspace\8-2-build-windows-amd64-cygwin\jdk8u271\605\hotspot\src\share\vm\prims\jni.cpp, line 710]
Event: 0.088 Thread 0x000002cd00bd6000 Exception <a 'java/lang/NoSuchFieldError': method resolution failed> (0x00000000d69354e0) thrown at [C:\jenkins\workspace\8-2-build-windows-amd64-cygwin\jdk8u271\605\hotspot\src\share\vm\prims\methodHandles.cpp, line 1169]
Event: 0.089 Thread 0x000002cd00bd6000 Exception <a 'java/lang/NoSuchFieldError': method resolution failed> (0x00000000d69428b0) thrown at [C:\jenkins\workspace\8-2-build-windows-amd64-cygwin\jdk8u271\605\hotspot\src\share\vm\prims\methodHandles.cpp, line 1169]
Event: 0.163 Thread 0x000002cd00bd6000 Exception <a 'java/io/FileNotFoundException'> (0x00000000d69e5190) thrown at [C:\jenkins\workspace\8-2-build-windows-amd64-cygwin\jdk8u271\605\hotspot\src\share\vm\prims\jni.cpp, line 710]

Events (10 events):
Event: 0.185 Thread 0x000002cd18f70000 DEOPT PACKING pc=0x000002cd02762cfb sp=0x000000fe252fefb0
Event: 0.185 Thread 0x000002cd18f70000 DEOPT UNPACKING pc=0x000002cd02617898 sp=0x000000fe252fecd8 mode 0
Event: 0.185 Thread 0x000002cd18f70000 DEOPT PACKING pc=0x000002cd02762cfb sp=0x000000fe252fefb0
Event: 0.185 Thread 0x000002cd18f70000 DEOPT UNPACKING pc=0x000002cd02617898 sp=0x000000fe252fecd8 mode 0
Event: 0.186 Thread 0x000002cd18f70000 DEOPT PACKING pc=0x000002cd02762cfb sp=0x000000fe252fefb0
Event: 0.186 Thread 0x000002cd18f70000 DEOPT UNPACKING pc=0x000002cd02617898 sp=0x000000fe252fecd8 mode 0
Event: 0.186 Thread 0x000002cd18f70000 DEOPT PACKING pc=0x000002cd02762cfb sp=0x000000fe252fefb0
Event: 0.186 Thread 0x000002cd18f70000 DEOPT UNPACKING pc=0x000002cd02617898 sp=0x000000fe252fecd8 mode 0
Event: 0.186 Thread 0x000002cd18f70000 DEOPT PACKING pc=0x000002cd02762cfb sp=0x000000fe252fefb0
Event: 0.186 Thread 0x000002cd18f70000 DEOPT UNPACKING pc=0x000002cd02617898 sp=0x000000fe252fecd8 mode 0


Dynamic libraries:
0x00007ff6fcf50000 - 0x00007ff6fcf97000 	C:\Program Files\Java\jdk1.8.0_271\bin\java.exe
0x00007ffebf480000 - 0x00007ffebf670000 	C:\Windows\SYSTEM32\ntdll.dll
0x00007ffebf000000 - 0x00007ffebf0b2000 	C:\Windows\System32\KERNEL32.DLL
0x00007ffebcfa0000 - 0x00007ffebd245000 	C:\Windows\System32\KERNELBASE.dll
0x00007ffebf0c0000 - 0x00007ffebf163000 	C:\Windows\System32\ADVAPI32.dll
0x00007ffebf3a0000 - 0x00007ffebf43e000 	C:\Windows\System32\msvcrt.dll
0x00007ffebd760000 - 0x00007ffebd7f7000 	C:\Windows\System32\sechost.dll
0x00007ffebe340000 - 0x00007ffebe460000 	C:\Windows\System32\RPCRT4.dll
0x00007ffebed30000 - 0x00007ffebeec4000 	C:\Windows\System32\USER32.dll
0x00007ffebc670000 - 0x00007ffebc691000 	C:\Windows\System32\win32u.dll
0x00007ffebddb0000 - 0x00007ffebddd6000 	C:\Windows\System32\GDI32.dll
0x00007ffebd280000 - 0x00007ffebd416000 	C:\Windows\System32\gdi32full.dll
0x00007ffebc5d0000 - 0x00007ffebc66e000 	C:\Windows\System32\msvcp_win.dll
0x00007ffebc3f0000 - 0x00007ffebc4ea000 	C:\Windows\System32\ucrtbase.dll
0x00007ffea7ac0000 - 0x00007ffea7d44000 	C:\Windows\WinSxS\amd64_microsoft.windows.common-controls_6595b64144ccf1df_6.0.18362.1256_none_9e7e379be45e40e2\COMCTL32.dll
0x00007ffebdea0000 - 0x00007ffebe1d6000 	C:\Windows\System32\combase.dll
0x00007ffebc4f0000 - 0x00007ffebc571000 	C:\Windows\System32\bcryptPrimitives.dll
0x00007ffebd8b0000 - 0x00007ffebd8de000 	C:\Windows\System32\IMM32.DLL
0x00007ffeb3770000 - 0x00007ffeb3785000 	C:\Program Files\Java\jdk1.8.0_271\jre\bin\vcruntime140.dll
0x00007ffea4130000 - 0x00007ffea41cb000 	C:\Program Files\Java\jdk1.8.0_271\jre\bin\msvcp140.dll
0x00000000511f0000 - 0x0000000051a5f000 	C:\Program Files\Java\jdk1.8.0_271\jre\bin\server\jvm.dll
0x00007ffebe1e0000 - 0x00007ffebe1e8000 	C:\Windows\System32\PSAPI.DLL
0x00007ffeb4340000 - 0x00007ffeb4349000 	C:\Windows\SYSTEM32\WSOCK32.dll
0x00007ffeb2b90000 - 0x00007ffeb2b9a000 	C:\Windows\SYSTEM32\VERSION.dll
0x00007ffebeb50000 - 0x00007ffebebbf000 	C:\Windows\System32\WS2_32.dll
0x00007ffeb3de0000 - 0x00007ffeb3e04000 	C:\Windows\SYSTEM32\WINMM.dll
0x00007ffeb3db0000 - 0x00007ffeb3ddd000 	C:\Windows\SYSTEM32\winmmbase.dll
0x00007ffebc580000 - 0x00007ffebc5ca000 	C:\Windows\System32\cfgmgr32.dll
0x00007ffebc360000 - 0x00007ffebc371000 	C:\Windows\System32\kernel.appcore.dll
0x00007ffeb3e50000 - 0x00007ffeb3e60000 	C:\Program Files\Java\jdk1.8.0_271\jre\bin\verify.dll
0x00007ffeb1f40000 - 0x00007ffeb1f6b000 	C:\Program Files\Java\jdk1.8.0_271\jre\bin\java.dll
0x00007ffeb1f80000 - 0x00007ffeb1f98000 	C:\Program Files\Java\jdk1.8.0_271\jre\bin\zip.dll
0x00007ffebe460000 - 0x00007ffebeb47000 	C:\Windows\System32\SHELL32.dll
0x00007ffebdde0000 - 0x00007ffebde89000 	C:\Windows\System32\shcore.dll
0x00007ffebc810000 - 0x00007ffebcf91000 	C:\Windows\System32\windows.storage.dll
0x00007ffebc330000 - 0x00007ffebc353000 	C:\Windows\System32\profapi.dll
0x00007ffebc3a0000 - 0x00007ffebc3ea000 	C:\Windows\System32\powrprof.dll
0x00007ffebc320000 - 0x00007ffebc330000 	C:\Windows\System32\UMPDC.dll
0x00007ffebeed0000 - 0x00007ffebef22000 	C:\Windows\System32\shlwapi.dll
0x00007ffebc7f0000 - 0x00007ffebc807000 	C:\Windows\System32\cryptsp.dll
0x00007ffe7a610000 - 0x00007ffe7a7a4000 	C:\Program Files\Java\jdk1.8.0_271\jre\bin\awt.dll
0x00007ffebef30000 - 0x00007ffebeff5000 	C:\Windows\System32\OLEAUT32.dll
0x00007ffeb6f80000 - 0x00007ffeb700f000 	C:\Windows\SYSTEM32\apphelp.dll
0x00007ffeb70c0000 - 0x00007ffeb7159000 	C:\Windows\system32\uxtheme.dll
0x00007ffebf170000 - 0x00007ffebf2a5000 	C:\Windows\System32\MSCTF.dll
0x00007ffe7f0d0000 - 0x00007ffe7f1cb000 	C:\ProgramData\A-Volute\A-Volute.SonicStudio3\Modules\ScheduledModules\x64\A-Volute.SonicStudio3DevProps2.dll
0x00007ffebebd0000 - 0x00007ffebed27000 	C:\Windows\System32\ole32.dll
0x00007ffeba600000 - 0x00007ffeba62d000 	C:\Windows\system32\DWMAPI.DLL

VM Arguments:
jvm_args: -Dfile.encoding=UTF-8 
java_command: liabrarymanagementsystem.LibrarianHome1
java_class_path (initial): C:\Users\ASUS\OneDrive\Documents\NetBeansProjects\LiabraryManagementSystem\src\jar\sqljdbc4.jar;C:\Users\ASUS\OneDrive\Documents\NetBeansProjects\LiabraryManagementSystem\src\jar\jcalendar-tz-1.3.3-4.jar;C:\Users\ASUS\OneDrive\Documents\NetBeansProjects\LiabraryManagementSystem\src\jar\rs2xml.jar;C:\Users\ASUS\OneDrive\Documents\NetBeansProjects\LiabraryManagementSystem\src\jar\mysql-connector-java-5.1.49-bin.jar;C:\Users\ASUS\OneDrive\Documents\NetBeansProjects\LiabraryManagementSystem\src\jar\mysql-connector-java-5.1.49.jar;C:\Users\ASUS\OneDrive\Documents\NetBeansProjects\LiabraryManagementSystem\build\classes
Launcher Type: SUN_STANDARD

Environment Variables:
PATH=C:\Program Files (x86)\Common Files\Oracle\Java\javapath;C:\Windows\system32;C:\Windows;C:\Windows\System32\Wbem;C:\Windows\System32\WindowsPowerShell\v1.0\;C:\Windows\System32\OpenSSH\;C:\Program Files (x86)\NVIDIA Corporation\PhysX\Common;C:\Program Files\NVIDIA Corporation\NVIDIA NvDLISR;C:\Program Files (x86)\Microsoft SQL Server\100\Tools\Binn\VSShell\Common7\IDE\;C:\Program Files (x86)\Microsoft SQL Server\100\Tools\Binn\;C:\Program Files\Microsoft SQL Server\100\Tools\Binn\;C:\Program Files (x86)\Microsoft SQL Server\100\DTS\Binn\;C:\Program Files\Microsoft SQL Server\100\DTS\Binn\;%PIXIEHOME%\bin;C:\Users\ASUS\AppData\Local\Microsoft\WindowsApps;
USERNAME=ASUS
OS=Windows_NT
PROCESSOR_IDENTIFIER=Intel64 Family 6 Model 165 Stepping 2, GenuineIntel



---------------  S Y S T E M  ---------------

OS: Windows 10.0 , 64 bit Build 18362 (10.0.18362.1110)

CPU:total 8 (initial active 8) (4 cores per cpu, 2 threads per core) family 6 model 165 stepping 2, cmov, cx8, fxsr, mmx, sse, sse2, sse3, ssse3, sse4.1, sse4.2, popcnt, avx, avx2, aes, clmul, erms, 3dnowpref, lzcnt, ht, tsc, tscinvbit, bmi1, bmi2, adx

Memory: 4k page, physical 8170680k(883340k free), swap 27951584k(4124k free)

vm_info: Java HotSpot(TM) 64-Bit Server VM (25.271-b09) for windows-amd64 JRE (1.8.0_271-b09), built on Sep 16 2020 19:14:59 by "" with MS VC++ 15.9 (VS2017)

time: Wed Jan  6 08:19:29 2021
timezone: Bangladesh Standard Time
elapsed time: 0.189865 seconds (0d 0h 0m 0s)

