#
# There is insufficient memory for the Java Runtime Environment to continue.
# Native memory allocation (malloc) failed to allocate 32784 bytes for Chunk::new
# Possible reasons:
#   The system is out of physical RAM or swap space
#   The process is running with CompressedOops enabled, and the Java Heap may be blocking the growth of the native heap
# Possible solutions:
#   Reduce memory load on the system
#   Increase physical memory or swap space
#   Check if swap backing store is full
#   Decrease Java heap size (-Xmx/-Xms)
#   Decrease number of Java threads
#   Decrease Java thread stack sizes (-Xss)
#   Set larger code cache with -XX:ReservedCodeCacheSize=
#   JVM is running with Unscaled Compressed Oops mode in which the Java heap is
#     placed in the first 4GB address space. The Java Heap base address is the
#     maximum limit for the native heap growth. Please use -XX:HeapBaseMinAddress
#     to set the Java Heap base and to place the Java Heap above 4GB virtual address.
# This output file may be truncated or incomplete.
#
#  Out of Memory Error (allocation.cpp:389), pid=1652, tid=0x0000000000001104
#
# JRE version: Java(TM) SE Runtime Environment (8.0_271-b09) (build 1.8.0_271-b09)
# Java VM: Java HotSpot(TM) 64-Bit Server VM (25.271-b09 mixed mode windows-amd64 compressed oops)
# Failed to write core dump. Minidumps are not enabled by default on client versions of Windows
#

---------------  T H R E A D  ---------------

Current thread (0x000001b631978000):  JavaThread "C2 CompilerThread0" daemon [_thread_in_native, id=4356, stack(0x0000005ba1400000,0x0000005ba1500000)]

Stack: [0x0000005ba1400000,0x0000005ba1500000]
Native frames: (J=compiled Java code, j=interpreted, Vv=VM code, C=native code)
V  [jvm.dll+0x33f6c9]
V  [jvm.dll+0x286122]
V  [jvm.dll+0x286dcd]
V  [jvm.dll+0x27d805]
V  [jvm.dll+0xe574c]
V  [jvm.dll+0xe5f4c]
V  [jvm.dll+0xe5a9d]
V  [jvm.dll+0x4d62cf]
V  [jvm.dll+0x49e2a3]
V  [jvm.dll+0x452bf1]
V  [jvm.dll+0x44feb4]
V  [jvm.dll+0x43aef7]
V  [jvm.dll+0xbc3eb]
V  [jvm.dll+0xbaa4b]
V  [jvm.dll+0x24e7c2]
V  [jvm.dll+0x2a2dcc]
C  [ucrtbase.dll+0x210b2]
C  [KERNEL32.DLL+0x17c24]
C  [ntdll.dll+0x6d4d1]


Current CompileTask:
C2:   1086  862       4       sun.awt.SunToolkit::isInstanceOf (71 bytes)


---------------  P R O C E S S  ---------------

Java Threads: ( => current thread )
  0x000001b633110800 JavaThread "AWT-EventQueue-0" [_thread_blocked, id=23328, stack(0x0000005ba1f00000,0x0000005ba2000000)]
  0x000001b634171000 JavaThread "Image Fetcher 1" daemon [_thread_in_native, id=14296, stack(0x0000005ba1e00000,0x0000005ba1f00000)]
  0x000001b6330cd800 JavaThread "Image Fetcher 0" daemon [_thread_blocked, id=3016, stack(0x0000005ba1d00000,0x0000005ba1e00000)]
  0x000001b6330a1000 JavaThread "AWT-Windows" daemon [_thread_in_native, id=20336, stack(0x0000005ba1c00000,0x0000005ba1d00000)]
  0x000001b63309a800 JavaThread "AWT-Shutdown" [_thread_blocked, id=13676, stack(0x0000005ba1b00000,0x0000005ba1c00000)]
  0x000001b633097000 JavaThread "Java2D Disposer" daemon [_thread_blocked, id=21564, stack(0x0000005ba1a00000,0x0000005ba1b00000)]
  0x000001b632d58800 JavaThread "Service Thread" daemon [_thread_blocked, id=21224, stack(0x0000005ba1800000,0x0000005ba1900000)]
  0x000001b631980800 JavaThread "C1 CompilerThread3" daemon [_thread_blocked, id=4868, stack(0x0000005ba1700000,0x0000005ba1800000)]
  0x000001b63197d000 JavaThread "C2 CompilerThread2" daemon [_thread_in_native, id=20792, stack(0x0000005ba1600000,0x0000005ba1700000)]
  0x000001b63197a000 JavaThread "C2 CompilerThread1" daemon [_thread_in_native, id=26308, stack(0x0000005ba1500000,0x0000005ba1600000)]
=>0x000001b631978000 JavaThread "C2 CompilerThread0" daemon [_thread_in_native, id=4356, stack(0x0000005ba1400000,0x0000005ba1500000)]
  0x000001b631977000 JavaThread "Attach Listener" daemon [_thread_blocked, id=8816, stack(0x0000005ba1300000,0x0000005ba1400000)]
  0x000001b631976800 JavaThread "Signal Dispatcher" daemon [_thread_blocked, id=25312, stack(0x0000005ba1200000,0x0000005ba1300000)]
  0x000001b61b0fd800 JavaThread "Finalizer" daemon [_thread_blocked, id=12836, stack(0x0000005ba1100000,0x0000005ba1200000)]
  0x000001b61b0f6800 JavaThread "Reference Handler" daemon [_thread_blocked, id=11600, stack(0x0000005ba1000000,0x0000005ba1100000)]
  0x000001b61aeb5800 JavaThread "main" [_thread_blocked, id=20888, stack(0x0000005ba0600000,0x0000005ba0700000)]

Other Threads:
  0x000001b631924000 VMThread [stack: 0x0000005ba0f00000,0x0000005ba1000000] [id=24900]
  0x000001b6319fa000 WatcherThread [stack: 0x0000005ba1900000,0x0000005ba1a00000] [id=10832]

VM state:not at safepoint (normal execution)

VM Mutex/Monitor currently owned by a thread: None

heap address: 0x0000000083400000, size: 1996 MB, Compressed Oops mode: 32-bit
Narrow klass base: 0x0000000000000000, Narrow klass shift: 3
Compressed class space size: 1073741824 Address: 0x0000000100000000

Heap:
 PSYoungGen      total 37888K, used 31127K [0x00000000d6700000, 0x00000000d9100000, 0x0000000100000000)
  eden space 32768K, 94% used [0x00000000d6700000,0x00000000d8565f68,0x00000000d8700000)
  from space 5120K, 0% used [0x00000000d8700000,0x00000000d8700000,0x00000000d8c00000)
  to   space 5120K, 0% used [0x00000000d8c00000,0x00000000d8c00000,0x00000000d9100000)
 ParOldGen       total 86016K, used 58670K [0x0000000083400000, 0x0000000088800000, 0x00000000d6700000)
  object space 86016K, 68% used [0x0000000083400000,0x0000000086d4b9b0,0x0000000088800000)
 Metaspace       used 11625K, capacity 11884K, committed 12160K, reserved 1060864K
  class space    used 1559K, capacity 1646K, committed 1664K, reserved 1048576K

Card table byte_map: [0x000001b62bc70000,0x000001b62c060000] byte_map_base: 0x000001b62b856000

Marking Bits: (ParMarkBitMap*) 0x0000000056797fe0
 Begin Bits: [0x000001b62c300000, 0x000001b62e230000)
 End Bits:   [0x000001b62e230000, 0x000001b630160000)

Polling page: 0x000001b61afa0000

CodeCache: size=245760Kb used=3514Kb max_used=3514Kb free=242245Kb
 bounds [0x000001b61c8b0000, 0x000001b61cc30000, 0x000001b62b8b0000]
 total_blobs=1339 nmethods=899 adapters=352
 compilation: enabled

Compilation events (10 events):
Event: 1.069 Thread 0x000001b631980800  887       3       java.lang.Integer::getChars (131 bytes)
Event: 1.069 Thread 0x000001b631980800 nmethod 887 0x000001b61cc02e90 code [0x000001b61cc03020, 0x000001b61cc03498]
Event: 1.069 Thread 0x000001b631980800  883       3       java.util.concurrent.locks.LockSupport::setBlocker (12 bytes)
Event: 1.069 Thread 0x000001b631980800 nmethod 883 0x000001b61cc00310 code [0x000001b61cc00460, 0x000001b61cc005b8]
Event: 1.069 Thread 0x000001b631980800  875       3       javax.swing.UIManager::getInsets (8 bytes)
Event: 1.069 Thread 0x000001b631980800 nmethod 875 0x000001b61cc025d0 code [0x000001b61cc02780, 0x000001b61cc02cf0]
Event: 1.069 Thread 0x000001b631980800  885       3       java.util.Calendar::compareTo (9 bytes)
Event: 1.070 Thread 0x000001b631980800 nmethod 885 0x000001b61cc03f50 code [0x000001b61cc04160, 0x000001b61cc04f00]
Event: 1.070 Thread 0x000001b631980800  888       3       java.util.GregorianCalendar::computeTime (970 bytes)
Event: 1.072 Thread 0x000001b63197d000 nmethod 807% 0x000001b61cc0a7d0 code [0x000001b61cc0aa40, 0x000001b61cc0d1c0]

GC Heap History (4 events):
Event: 0.321 GC heap before
{Heap before GC invocations=1 (full 0):
 PSYoungGen      total 37888K, used 32768K [0x00000000d6700000, 0x00000000d9100000, 0x0000000100000000)
  eden space 32768K, 100% used [0x00000000d6700000,0x00000000d8700000,0x00000000d8700000)
  from space 5120K, 0% used [0x00000000d8c00000,0x00000000d8c00000,0x00000000d9100000)
  to   space 5120K, 0% used [0x00000000d8700000,0x00000000d8700000,0x00000000d8c00000)
 ParOldGen       total 86016K, used 0K [0x0000000083400000, 0x0000000088800000, 0x00000000d6700000)
  object space 86016K, 0% used [0x0000000083400000,0x0000000083400000,0x0000000088800000)
 Metaspace       used 7464K, capacity 7674K, committed 7936K, reserved 1056768K
  class space    used 928K, capacity 999K, committed 1024K, reserved 1048576K
Event: 0.332 GC heap after
Heap after GC invocations=1 (full 0):
 PSYoungGen      total 37888K, used 4301K [0x00000000d6700000, 0x00000000d9100000, 0x0000000100000000)
  eden space 32768K, 0% used [0x00000000d6700000,0x00000000d6700000,0x00000000d8700000)
  from space 5120K, 84% used [0x00000000d8700000,0x00000000d8b33620,0x00000000d8c00000)
  to   space 5120K, 0% used [0x00000000d8c00000,0x00000000d8c00000,0x00000000d9100000)
 ParOldGen       total 86016K, used 36968K [0x0000000083400000, 0x0000000088800000, 0x00000000d6700000)
  object space 86016K, 42% used [0x0000000083400000,0x000000008581a110,0x0000000088800000)
 Metaspace       used 7464K, capacity 7674K, committed 7936K, reserved 1056768K
  class space    used 928K, capacity 999K, committed 1024K, reserved 1048576K
}
Event: 0.675 GC heap before
{Heap before GC invocations=2 (full 1):
 PSYoungGen      total 37888K, used 37069K [0x00000000d6700000, 0x00000000d9100000, 0x0000000100000000)
  eden space 32768K, 100% used [0x00000000d6700000,0x00000000d8700000,0x00000000d8700000)
  from space 5120K, 84% used [0x00000000d8700000,0x00000000d8b33620,0x00000000d8c00000)
  to   space 5120K, 0% used [0x00000000d8c00000,0x00000000d8c00000,0x00000000d9100000)
 ParOldGen       total 86016K, used 77696K [0x0000000083400000, 0x0000000088800000, 0x00000000d6700000)
  object space 86016K, 90% used [0x0000000083400000,0x0000000087fe0020,0x0000000088800000)
 Metaspace       used 11542K, capacity 11756K, committed 11904K, reserved 1058816K
  class space    used 1558K, capacity 1646K, committed 1664K, reserved 1048576K
Event: 0.697 GC heap after
Heap after GC invocations=2 (full 1):
 PSYoungGen      total 37888K, used 0K [0x00000000d6700000, 0x00000000d9100000, 0x0000000100000000)
  eden space 32768K, 0% used [0x00000000d6700000,0x00000000d6700000,0x00000000d8700000)
  from space 5120K, 0% used [0x00000000d8700000,0x00000000d8700000,0x00000000d8c00000)
  to   space 5120K, 0% used [0x00000000d8c00000,0x00000000d8c00000,0x00000000d9100000)
 ParOldGen       total 86016K, used 58670K [0x0000000083400000, 0x0000000088800000, 0x00000000d6700000)
  object space 86016K, 68% used [0x0000000083400000,0x0000000086d4b9b0,0x0000000088800000)
 Metaspace       used 11542K, capacity 11756K, committed 11904K, reserved 1058816K
  class space    used 1558K, capacity 1646K, committed 1664K, reserved 1048576K
}

Deoptimization events (10 events):
Event: 0.346 Thread 0x000001b6330cd800 Uncommon trap: reason=unstable_if action=reinterpret pc=0x000001b61ca6cea4 method=java.awt.image.AreaAveragingScaleFilter.calcRow()[I @ 16
Event: 0.346 Thread 0x000001b6330cd800 Uncommon trap: reason=unstable_if action=reinterpret pc=0x000001b61ca67b6c method=sun.awt.image.IntegerInterleavedRaster.getDataElements(IILjava/lang/Object;)Ljava/lang/Object; @ 43
Event: 0.451 Thread 0x000001b6330cd800 Uncommon trap: reason=unstable_if action=reinterpret pc=0x000001b61ca76558 method=sun.awt.image.ImageRepresentation.getOpaqueRGBImage()Ljava/awt/image/BufferedImage; @ 57
Event: 0.475 Thread 0x000001b6330cd800 Uncommon trap: reason=unstable_if action=reinterpret pc=0x000001b61ca9a3e4 method=sun.awt.image.ImageRepresentation.getOpaqueRGBImage()Ljava/awt/image/BufferedImage; @ 71
Event: 0.476 Thread 0x000001b6330cd800 Uncommon trap: reason=unstable_if action=reinterpret pc=0x000001b61ca93e58 method=java.awt.image.DirectColorModel.getAlpha(I)I @ 4
Event: 0.476 Thread 0x000001b6330cd800 Uncommon trap: reason=unstable_if action=reinterpret pc=0x000001b61ca69a14 method=java.awt.image.DirectColorModel.getAlpha(I)I @ 4
Event: 0.476 Thread 0x000001b6330cd800 Uncommon trap: reason=unstable_if action=reinterpret pc=0x000001b61ca64c60 method=java.awt.image.DirectColorModel.getAlpha(I)I @ 4
Event: 0.476 Thread 0x000001b6330cd800 Uncommon trap: reason=unstable_if action=reinterpret pc=0x000001b61ca78b70 method=java.awt.image.DirectColorModel.getAlpha(I)I @ 4
Event: 0.476 Thread 0x000001b6330cd800 Uncommon trap: reason=unstable_if action=reinterpret pc=0x000001b61ca83dc8 method=java.awt.image.AreaAveragingScaleFilter.calcRow()[I @ 79
Event: 0.477 Thread 0x000001b6330cd800 Uncommon trap: reason=unstable_if action=reinterpret pc=0x000001b61ca7dbd0 method=java.lang.Math.round(F)I @ 23

Classes redefined (0 events):
No events

Internal exceptions (10 events):
Event: 0.068 Thread 0x000001b61aeb5800 Exception <a 'java/security/PrivilegedActionException'> (0x00000000d6873078) thrown at [C:\jenkins\workspace\8-2-build-windows-amd64-cygwin\jdk8u271\605\hotspot\src\share\vm\prims\jvm.cpp, line 1512]
Event: 0.068 Thread 0x000001b61aeb5800 Exception <a 'java/security/PrivilegedActionException'> (0x00000000d6873288) thrown at [C:\jenkins\workspace\8-2-build-windows-amd64-cygwin\jdk8u271\605\hotspot\src\share\vm\prims\jvm.cpp, line 1512]
Event: 0.070 Thread 0x000001b61aeb5800 Exception <a 'java/io/FileNotFoundException'> (0x00000000d6875378) thrown at [C:\jenkins\workspace\8-2-build-windows-amd64-cygwin\jdk8u271\605\hotspot\src\share\vm\prims\jni.cpp, line 710]
Event: 0.092 Thread 0x000001b61aeb5800 Exception <a 'java/lang/NoSuchFieldError': method resolution failed> (0x00000000d6946b20) thrown at [C:\jenkins\workspace\8-2-build-windows-amd64-cygwin\jdk8u271\605\hotspot\src\share\vm\prims\methodHandles.cpp, line 1169]
Event: 0.093 Thread 0x000001b61aeb5800 Exception <a 'java/lang/NoSuchFieldError': method resolution failed> (0x00000000d6953ef0) thrown at [C:\jenkins\workspace\8-2-build-windows-amd64-cygwin\jdk8u271\605\hotspot\src\share\vm\prims\methodHandles.cpp, line 1169]
Event: 0.117 Thread 0x000001b61aeb5800 Exception <a 'java/io/FileNotFoundException'> (0x00000000d69eddc8) thrown at [C:\jenkins\workspace\8-2-build-windows-amd64-cygwin\jdk8u271\605\hotspot\src\share\vm\prims\jni.cpp, line 710]
Event: 0.346 Thread 0x000001b6330cd800 Implicit null exception at 0x000001b61ca6c940 to 0x000001b61ca6ce8d
Event: 0.346 Thread 0x000001b6330cd800 Implicit null exception at 0x000001b61ca679fd to 0x000001b61ca67b51
Event: 0.495 Thread 0x000001b634171000 Exception <a 'sun/awt/image/ImageFormatException': Insufficient memory (case 4)> (0x00000000d7146ac0) thrown at [C:\jenkins\workspace\8-2-build-windows-amd64-cygwin\jdk8u271\605\hotspot\src\share\vm\prims\jni.cpp, line 737]
Event: 0.496 Thread 0x000001b6330cd800 Exception <a 'sun/awt/image/ImageFormatException': Insufficient memory (case 4)> (0x00000000d70f2088) thrown at [C:\jenkins\workspace\8-2-build-windows-amd64-cygwin\jdk8u271\605\hotspot\src\share\vm\prims\jni.cpp, line 737]

Events (10 events):
Event: 0.813 Thread 0x000001b634171000 DEOPT PACKING pc=0x000001b61caa3b03 sp=0x0000005ba1efdfa0
Event: 0.813 Thread 0x000001b634171000 DEOPT UNPACKING pc=0x000001b61c8f7898 sp=0x0000005ba1efdca0 mode 0
Event: 0.813 Thread 0x000001b634171000 DEOPT PACKING pc=0x000001b61caa3b03 sp=0x0000005ba1efdfa0
Event: 0.813 Thread 0x000001b634171000 DEOPT UNPACKING pc=0x000001b61c8f7898 sp=0x0000005ba1efdca0 mode 0
Event: 0.814 Thread 0x000001b634171000 DEOPT PACKING pc=0x000001b61caa3b03 sp=0x0000005ba1efdfa0
Event: 0.814 Thread 0x000001b634171000 DEOPT UNPACKING pc=0x000001b61c8f7898 sp=0x0000005ba1efdca0 mode 0
Event: 0.814 Thread 0x000001b634171000 DEOPT PACKING pc=0x000001b61caa3b03 sp=0x0000005ba1efdfa0
Event: 0.814 Thread 0x000001b634171000 DEOPT UNPACKING pc=0x000001b61c8f7898 sp=0x0000005ba1efdca0 mode 0
Event: 1.049 Thread 0x000001b6330cd800 DEOPT PACKING pc=0x000001b61caa1770 sp=0x0000005ba1dfeac0
Event: 1.049 Thread 0x000001b6330cd800 DEOPT UNPACKING pc=0x000001b61c8f7898 sp=0x0000005ba1dfe7e8 mode 0


Dynamic libraries:
0x00007ff701870000 - 0x00007ff7018b7000 	C:\Program Files\Java\jdk1.8.0_271\bin\java.exe
0x00007ff935a40000 - 0x00007ff935c30000 	C:\Windows\SYSTEM32\ntdll.dll
0x00007ff9346e0000 - 0x00007ff934792000 	C:\Windows\System32\KERNEL32.DLL
0x00007ff933760000 - 0x00007ff933a05000 	C:\Windows\System32\KERNELBASE.dll
0x00007ff934630000 - 0x00007ff9346d3000 	C:\Windows\System32\ADVAPI32.dll
0x00007ff934490000 - 0x00007ff93452e000 	C:\Windows\System32\msvcrt.dll
0x00007ff933f40000 - 0x00007ff933fd7000 	C:\Windows\System32\sechost.dll
0x00007ff935620000 - 0x00007ff935740000 	C:\Windows\System32\RPCRT4.dll
0x00007ff935370000 - 0x00007ff935504000 	C:\Windows\System32\USER32.dll
0x00007ff932c60000 - 0x00007ff932c81000 	C:\Windows\System32\win32u.dll
0x00007ff933af0000 - 0x00007ff933b16000 	C:\Windows\System32\GDI32.dll
0x00007ff932ce0000 - 0x00007ff932e76000 	C:\Windows\System32\gdi32full.dll
0x00007ff9336c0000 - 0x00007ff93375e000 	C:\Windows\System32\msvcp_win.dll
0x00007ff932b00000 - 0x00007ff932bfa000 	C:\Windows\System32\ucrtbase.dll
0x00007ff91e6b0000 - 0x00007ff91e934000 	C:\Windows\WinSxS\amd64_microsoft.windows.common-controls_6595b64144ccf1df_6.0.18362.1256_none_9e7e379be45e40e2\COMCTL32.dll
0x00007ff933bf0000 - 0x00007ff933f26000 	C:\Windows\System32\combase.dll
0x00007ff932ea0000 - 0x00007ff932f21000 	C:\Windows\System32\bcryptPrimitives.dll
0x00007ff933b40000 - 0x00007ff933b6e000 	C:\Windows\System32\IMM32.DLL
0x00007ff8f5aa0000 - 0x00007ff8f5ab5000 	C:\Program Files\Java\jdk1.8.0_271\jre\bin\vcruntime140.dll
0x00007ff8df6e0000 - 0x00007ff8df77b000 	C:\Program Files\Java\jdk1.8.0_271\jre\bin\msvcp140.dll
0x0000000055fa0000 - 0x000000005680f000 	C:\Program Files\Java\jdk1.8.0_271\jre\bin\server\jvm.dll
0x00007ff9343b0000 - 0x00007ff9343b8000 	C:\Windows\System32\PSAPI.DLL
0x00007ff92b5a0000 - 0x00007ff92b5c4000 	C:\Windows\SYSTEM32\WINMM.dll
0x00007ff9285b0000 - 0x00007ff9285ba000 	C:\Windows\SYSTEM32\VERSION.dll
0x00007ff90efa0000 - 0x00007ff90efa9000 	C:\Windows\SYSTEM32\WSOCK32.dll
0x00007ff935300000 - 0x00007ff93536f000 	C:\Windows\System32\WS2_32.dll
0x00007ff92b570000 - 0x00007ff92b59d000 	C:\Windows\SYSTEM32\winmmbase.dll
0x00007ff932c90000 - 0x00007ff932cda000 	C:\Windows\System32\cfgmgr32.dll
0x00007ff9328f0000 - 0x00007ff932901000 	C:\Windows\System32\kernel.appcore.dll
0x00007ff90eea0000 - 0x00007ff90eeb0000 	C:\Program Files\Java\jdk1.8.0_271\jre\bin\verify.dll
0x00007ff8ed1a0000 - 0x00007ff8ed1cb000 	C:\Program Files\Java\jdk1.8.0_271\jre\bin\java.dll
0x00007ff8ed130000 - 0x00007ff8ed148000 	C:\Program Files\Java\jdk1.8.0_271\jre\bin\zip.dll
0x00007ff934c10000 - 0x00007ff9352f7000 	C:\Windows\System32\SHELL32.dll
0x00007ff935570000 - 0x00007ff935619000 	C:\Windows\System32\shcore.dll
0x00007ff932f30000 - 0x00007ff9336b1000 	C:\Windows\System32\windows.storage.dll
0x00007ff932980000 - 0x00007ff9329a3000 	C:\Windows\System32\profapi.dll
0x00007ff932910000 - 0x00007ff93295a000 	C:\Windows\System32\powrprof.dll
0x00007ff9328e0000 - 0x00007ff9328f0000 	C:\Windows\System32\UMPDC.dll
0x00007ff935510000 - 0x00007ff935562000 	C:\Windows\System32\shlwapi.dll
0x00007ff932e80000 - 0x00007ff932e97000 	C:\Windows\System32\cryptsp.dll
0x00007ff8c9a70000 - 0x00007ff8c9c04000 	C:\Program Files\Java\jdk1.8.0_271\jre\bin\awt.dll
0x00007ff9343c0000 - 0x00007ff934485000 	C:\Windows\System32\OLEAUT32.dll
0x00007ff92d550000 - 0x00007ff92d5df000 	C:\Windows\SYSTEM32\apphelp.dll
0x00007ff930bc0000 - 0x00007ff930bed000 	C:\Windows\system32\DWMAPI.DLL
0x00007ff92d710000 - 0x00007ff92d7a9000 	C:\Windows\system32\uxtheme.dll
0x00007ff90ae00000 - 0x00007ff90af56000 	C:\Windows\system32\opengl32.dll
0x00007ff91dca0000 - 0x00007ff91dccc000 	C:\Windows\SYSTEM32\GLU32.dll
0x00007ff931520000 - 0x00007ff931540000 	C:\Windows\SYSTEM32\dxcore.dll
0x00007ff934110000 - 0x00007ff934245000 	C:\Windows\System32\MSCTF.dll
0x00007ff91b9f0000 - 0x00007ff91baeb000 	C:\ProgramData\A-Volute\A-Volute.SonicStudio3\Modules\ScheduledModules\x64\A-Volute.SonicStudio3DevProps2.dll
0x00007ff934250000 - 0x00007ff9343a7000 	C:\Windows\System32\ole32.dll
0x00007ff8f07e0000 - 0x00007ff8f0812000 	C:\Program Files\Java\jdk1.8.0_271\jre\bin\jpeg.dll
0x00007ff8ead90000 - 0x00007ff8eadd9000 	C:\Program Files\Java\jdk1.8.0_271\jre\bin\fontmanager.dll
0x00007ff8ece70000 - 0x00007ff8ece8c000 	C:\Program Files\Java\jdk1.8.0_271\jre\bin\net.dll
0x00007ff932130000 - 0x00007ff932197000 	C:\Windows\system32\mswsock.dll
0x00007ff8ec320000 - 0x00007ff8ec333000 	C:\Program Files\Java\jdk1.8.0_271\jre\bin\nio.dll
0x00007ff8ea090000 - 0x00007ff8ea0d3000 	C:\Program Files\Java\jdk1.8.0_271\jre\bin\t2k.dll
0x00007ff9311e0000 - 0x00007ff9313d4000 	C:\Windows\SYSTEM32\dbghelp.dll

VM Arguments:
jvm_args: -Dfile.encoding=UTF-8 
java_command: liabrarymanagementsystem.Librarian
java_class_path (initial): E:\Study\Project 7 - Library Management System-20201213T154647Z-001\Project 7 - Library Management System\Jar\jcalendar-tz-1.3.3-4.jar;E:\Study\Project 7 - Library Management System-20201213T154647Z-001\Project 7 - Library Management System\Jar\rs2xml.jar;C:\Users\ASUS\OneDrive\Documents\NetBeansProjects\LiabraryManagementSystem\build\classes
Launcher Type: SUN_STANDARD

Environment Variables:
PATH=C:\Program Files (x86)\Common Files\Oracle\Java\javapath;C:\Windows\system32;C:\Windows;C:\Windows\System32\Wbem;C:\Windows\System32\WindowsPowerShell\v1.0\;C:\Windows\System32\OpenSSH\;C:\Program Files (x86)\NVIDIA Corporation\PhysX\Common;C:\Program Files\NVIDIA Corporation\NVIDIA NvDLISR;C:\Program Files (x86)\Microsoft SQL Server\100\Tools\Binn\VSShell\Common7\IDE\;C:\Program Files (x86)\Microsoft SQL Server\100\Tools\Binn\;C:\Program Files\Microsoft SQL Server\100\Tools\Binn\;C:\Program Files (x86)\Microsoft SQL Server\100\DTS\Binn\;C:\Program Files\Microsoft SQL Server\100\DTS\Binn\;%PIXIEHOME%\bin;C:\Users\ASUS\AppData\Local\Microsoft\WindowsApps;
USERNAME=ASUS
OS=Windows_NT
PROCESSOR_IDENTIFIER=Intel64 Family 6 Model 165 Stepping 2, GenuineIntel



---------------  S Y S T E M  ---------------

OS: Windows 10.0 , 64 bit Build 18362 (10.0.18362.1110)

CPU:total 8 (initial active 8) (4 cores per cpu, 2 threads per core) family 6 model 165 stepping 2, cmov, cx8, fxsr, mmx, sse, sse2, sse3, ssse3, sse4.1, sse4.2, popcnt, avx, avx2, aes, clmul, erms, 3dnowpref, lzcnt, ht, tsc, tscinvbit, bmi1, bmi2, adx

Memory: 4k page, physical 8170680k(1154612k free), swap 27951584k(2964k free)

vm_info: Java HotSpot(TM) 64-Bit Server VM (25.271-b09) for windows-amd64 JRE (1.8.0_271-b09), built on Sep 16 2020 19:14:59 by "" with MS VC++ 15.9 (VS2017)

time: Sun Dec 27 17:38:00 2020
timezone: Bangladesh Standard Time
elapsed time: 1.088937 seconds (0d 0h 0m 1s)

