#
# There is insufficient memory for the Java Runtime Environment to continue.
# Native memory allocation (malloc) failed to allocate 257840 bytes for Chunk::new
# Possible reasons:
#   The system is out of physical RAM or swap space
#   The process is running with CompressedOops enabled, and the Java Heap may be blocking the growth of the native heap
# Possible solutions:
#   Reduce memory load on the system
#   Increase physical memory or swap space
#   Check if swap backing store is full
#   Decrease Java heap size (-Xmx/-Xms)
#   Decrease number of Java threads
#   Decrease Java thread stack sizes (-Xss)
#   Set larger code cache with -XX:ReservedCodeCacheSize=
#   JVM is running with Unscaled Compressed Oops mode in which the Java heap is
#     placed in the first 4GB address space. The Java Heap base address is the
#     maximum limit for the native heap growth. Please use -XX:HeapBaseMinAddress
#     to set the Java Heap base and to place the Java Heap above 4GB virtual address.
# This output file may be truncated or incomplete.
#
#  Out of Memory Error (allocation.cpp:389), pid=17068, tid=0x0000000000005e90
#
# JRE version: Java(TM) SE Runtime Environment (8.0_271-b09) (build 1.8.0_271-b09)
# Java VM: Java HotSpot(TM) 64-Bit Server VM (25.271-b09 mixed mode windows-amd64 compressed oops)
# Failed to write core dump. Minidumps are not enabled by default on client versions of Windows
#

---------------  T H R E A D  ---------------

Current thread (0x00000231fe099000):  JavaThread "C2 CompilerThread0" daemon [_thread_in_native, id=24208, stack(0x000000ce46b00000,0x000000ce46c00000)]

Stack: [0x000000ce46b00000,0x000000ce46c00000]
Native frames: (J=compiled Java code, j=interpreted, Vv=VM code, C=native code)
V  [jvm.dll+0x33f6c9]
V  [jvm.dll+0x286122]
V  [jvm.dll+0x286dcd]
V  [jvm.dll+0x27d805]
V  [jvm.dll+0xe574c]
V  [jvm.dll+0xe5f4c]
V  [jvm.dll+0x480095]
V  [jvm.dll+0x447c30]
V  [jvm.dll+0x450c25]
V  [jvm.dll+0x44ffe5]
V  [jvm.dll+0x43aef7]
V  [jvm.dll+0xbc3eb]
V  [jvm.dll+0xbaa4b]
V  [jvm.dll+0x24e7c2]
V  [jvm.dll+0x2a2dcc]
C  [ucrtbase.dll+0x210b2]
C  [KERNEL32.DLL+0x17c24]
C  [ntdll.dll+0x6d4d1]


Current CompileTask:
C2:   1048 1183 %     4       sun.security.util.AbstractAlgorithmConstraints::checkAlgorithm @ 98 (140 bytes)


---------------  P R O C E S S  ---------------

Java Threads: ( => current thread )
  0x000002318f368800 JavaThread "mysql-cj-abandoned-connection-cleanup" daemon [_thread_blocked, id=24188, stack(0x000000ce47600000,0x000000ce47700000)]
  0x000002318f205000 JavaThread "Image Fetcher 1" daemon [_thread_blocked, id=8384, stack(0x000000ce47500000,0x000000ce47600000)]
  0x000002318f094800 JavaThread "Image Fetcher 0" daemon [_thread_blocked, id=10224, stack(0x000000ce47400000,0x000000ce47500000)]
  0x000002318f01f800 JavaThread "AWT-Windows" daemon [_thread_in_native, id=10372, stack(0x000000ce47300000,0x000000ce47400000)]
  0x000002318f070800 JavaThread "AWT-Shutdown" [_thread_blocked, id=15920, stack(0x000000ce47200000,0x000000ce47300000)]
  0x000002318f06f800 JavaThread "Java2D Disposer" daemon [_thread_blocked, id=16728, stack(0x000000ce47100000,0x000000ce47200000)]
  0x00000231ff468800 JavaThread "Service Thread" daemon [_thread_blocked, id=16856, stack(0x000000ce46f00000,0x000000ce47000000)]
  0x00000231fe0ad800 JavaThread "C1 CompilerThread3" daemon [_thread_blocked, id=20880, stack(0x000000ce46e00000,0x000000ce46f00000)]
  0x00000231fe09e800 JavaThread "C2 CompilerThread2" daemon [_thread_blocked, id=15668, stack(0x000000ce46d00000,0x000000ce46e00000)]
  0x00000231fe09b800 JavaThread "C2 CompilerThread1" daemon [_thread_blocked, id=8540, stack(0x000000ce46c00000,0x000000ce46d00000)]
=>0x00000231fe099000 JavaThread "C2 CompilerThread0" daemon [_thread_in_native, id=24208, stack(0x000000ce46b00000,0x000000ce46c00000)]
  0x00000231fe097800 JavaThread "Attach Listener" daemon [_thread_blocked, id=13852, stack(0x000000ce46a00000,0x000000ce46b00000)]
  0x00000231fe096800 JavaThread "Signal Dispatcher" daemon [_thread_blocked, id=9704, stack(0x000000ce46900000,0x000000ce46a00000)]
  0x00000231fd46c800 JavaThread "Finalizer" daemon [_thread_blocked, id=21160, stack(0x000000ce46800000,0x000000ce46900000)]
  0x00000231fe069000 JavaThread "Reference Handler" daemon [_thread_blocked, id=18480, stack(0x000000ce46700000,0x000000ce46800000)]
  0x00000231f6567000 JavaThread "main" [_thread_in_native, id=17576, stack(0x000000ce45d00000,0x000000ce45e00000)]

Other Threads:
  0x00000231fe043000 VMThread [stack: 0x000000ce46600000,0x000000ce46700000] [id=1620]
  0x00000231ff47c800 WatcherThread [stack: 0x000000ce47000000,0x000000ce47100000] [id=6876]

VM state:not at safepoint (normal execution)

VM Mutex/Monitor currently owned by a thread: None

heap address: 0x0000000083400000, size: 1996 MB, Compressed Oops mode: 32-bit
Narrow klass base: 0x0000000000000000, Narrow klass shift: 3
Compressed class space size: 1073741824 Address: 0x0000000100000000

Heap:
 PSYoungGen      total 37888K, used 1607K [0x00000000d6700000, 0x00000000d9100000, 0x0000000100000000)
  eden space 32768K, 4% used [0x00000000d6700000,0x00000000d6891e50,0x00000000d8700000)
  from space 5120K, 0% used [0x00000000d8c00000,0x00000000d8c00000,0x00000000d9100000)
  to   space 5120K, 0% used [0x00000000d8700000,0x00000000d8700000,0x00000000d8c00000)
 ParOldGen       total 86016K, used 15869K [0x0000000083400000, 0x0000000088800000, 0x00000000d6700000)
  object space 86016K, 18% used [0x0000000083400000,0x000000008437f5b0,0x0000000088800000)
 Metaspace       used 13928K, capacity 14226K, committed 14336K, reserved 1069056K
  class space    used 1679K, capacity 1789K, committed 1792K, reserved 1048576K

Card table byte_map: [0x00000231f8260000,0x00000231f8650000] byte_map_base: 0x00000231f7e46000

Marking Bits: (ParMarkBitMap*) 0x00000000519e7fe0
 Begin Bits: [0x00000231f88f0000, 0x00000231fa820000)
 End Bits:   [0x00000231fa820000, 0x00000231fc750000)

Polling page: 0x00000231f7e70000

CodeCache: size=245760Kb used=4288Kb max_used=4300Kb free=241471Kb
 bounds [0x0000023180000000, 0x0000023180440000, 0x000002318f000000]
 total_blobs=1675 nmethods=1224 adapters=363
 compilation: enabled

Compilation events (10 events):
Event: 1.029 Thread 0x00000231fe0ad800 1208       3       java.lang.ref.Finalizer::hasBeenFinalized (14 bytes)
Event: 1.029 Thread 0x00000231fe0ad800 nmethod 1208 0x0000023180424590 code [0x00000231804246e0, 0x0000023180424898]
Event: 1.029 Thread 0x00000231fe0ad800 1209   !   3       java.lang.ref.Finalizer::remove (94 bytes)
Event: 1.030 Thread 0x00000231fe0ad800 nmethod 1209 0x0000023180424910 code [0x0000023180424a80, 0x0000023180424f58]
Event: 1.030 Thread 0x00000231fe0ad800 1210       3       java.lang.System$2::invokeFinalize (5 bytes)
Event: 1.030 Thread 0x00000231fe0ad800 nmethod 1210 0x00000231804250d0 code [0x0000023180425240, 0x0000023180425470]
Event: 1.033 Thread 0x00000231fe0ad800 1211       3       java.lang.String::concat (47 bytes)
Event: 1.033 Thread 0x00000231fe0ad800 nmethod 1211 0x0000023180425550 code [0x0000023180425720, 0x0000023180425ee0]
Event: 1.033 Thread 0x00000231fe0ad800 1212       3       java.lang.String::getChars (16 bytes)
Event: 1.033 Thread 0x00000231fe0ad800 nmethod 1212 0x0000023180426250 code [0x00000231804263c0, 0x00000231804265d0]

GC Heap History (6 events):
Event: 0.568 GC heap before
{Heap before GC invocations=1 (full 0):
 PSYoungGen      total 37888K, used 32768K [0x00000000d6700000, 0x00000000d9100000, 0x0000000100000000)
  eden space 32768K, 100% used [0x00000000d6700000,0x00000000d8700000,0x00000000d8700000)
  from space 5120K, 0% used [0x00000000d8c00000,0x00000000d8c00000,0x00000000d9100000)
  to   space 5120K, 0% used [0x00000000d8700000,0x00000000d8700000,0x00000000d8c00000)
 ParOldGen       total 86016K, used 0K [0x0000000083400000, 0x0000000088800000, 0x00000000d6700000)
  object space 86016K, 0% used [0x0000000083400000,0x0000000083400000,0x0000000088800000)
 Metaspace       used 10165K, capacity 10374K, committed 10624K, reserved 1058816K
  class space    used 1262K, capacity 1323K, committed 1408K, reserved 1048576K
Event: 0.574 GC heap after
Heap after GC invocations=1 (full 0):
 PSYoungGen      total 37888K, used 5110K [0x00000000d6700000, 0x00000000d9100000, 0x0000000100000000)
  eden space 32768K, 0% used [0x00000000d6700000,0x00000000d6700000,0x00000000d8700000)
  from space 5120K, 99% used [0x00000000d8700000,0x00000000d8bfd9b0,0x00000000d8c00000)
  to   space 5120K, 0% used [0x00000000d8c00000,0x00000000d8c00000,0x00000000d9100000)
 ParOldGen       total 86016K, used 21938K [0x0000000083400000, 0x0000000088800000, 0x00000000d6700000)
  object space 86016K, 25% used [0x0000000083400000,0x000000008496cb10,0x0000000088800000)
 Metaspace       used 10165K, capacity 10374K, committed 10624K, reserved 1058816K
  class space    used 1262K, capacity 1323K, committed 1408K, reserved 1048576K
}
Event: 1.010 GC heap before
{Heap before GC invocations=2 (full 0):
 PSYoungGen      total 37888K, used 25280K [0x00000000d6700000, 0x00000000d9100000, 0x0000000100000000)
  eden space 32768K, 61% used [0x00000000d6700000,0x00000000d7ab29e8,0x00000000d8700000)
  from space 5120K, 99% used [0x00000000d8700000,0x00000000d8bfd9b0,0x00000000d8c00000)
  to   space 5120K, 0% used [0x00000000d8c00000,0x00000000d8c00000,0x00000000d9100000)
 ParOldGen       total 86016K, used 21938K [0x0000000083400000, 0x0000000088800000, 0x00000000d6700000)
  object space 86016K, 25% used [0x0000000083400000,0x000000008496cb10,0x0000000088800000)
 Metaspace       used 13157K, capacity 13394K, committed 13440K, reserved 1069056K
  class space    used 1569K, capacity 1661K, committed 1664K, reserved 1048576K
Event: 1.014 GC heap after
Heap after GC invocations=2 (full 0):
 PSYoungGen      total 37888K, used 5106K [0x00000000d6700000, 0x00000000d9100000, 0x0000000100000000)
  eden space 32768K, 0% used [0x00000000d6700000,0x00000000d6700000,0x00000000d8700000)
  from space 5120K, 99% used [0x00000000d8c00000,0x00000000d90fcae8,0x00000000d9100000)
  to   space 5120K, 0% used [0x00000000d8700000,0x00000000d8700000,0x00000000d8c00000)
 ParOldGen       total 86016K, used 23409K [0x0000000083400000, 0x0000000088800000, 0x00000000d6700000)
  object space 86016K, 27% used [0x0000000083400000,0x0000000084adc628,0x0000000088800000)
 Metaspace       used 13157K, capacity 13394K, committed 13440K, reserved 1069056K
  class space    used 1569K, capacity 1661K, committed 1664K, reserved 1048576K
}
Event: 1.014 GC heap before
{Heap before GC invocations=3 (full 1):
 PSYoungGen      total 37888K, used 5106K [0x00000000d6700000, 0x00000000d9100000, 0x0000000100000000)
  eden space 32768K, 0% used [0x00000000d6700000,0x00000000d6700000,0x00000000d8700000)
  from space 5120K, 99% used [0x00000000d8c00000,0x00000000d90fcae8,0x00000000d9100000)
  to   space 5120K, 0% used [0x00000000d8700000,0x00000000d8700000,0x00000000d8c00000)
 ParOldGen       total 86016K, used 23409K [0x0000000083400000, 0x0000000088800000, 0x00000000d6700000)
  object space 86016K, 27% used [0x0000000083400000,0x0000000084adc628,0x0000000088800000)
 Metaspace       used 13157K, capacity 13394K, committed 13440K, reserved 1069056K
  class space    used 1569K, capacity 1661K, committed 1664K, reserved 1048576K
Event: 1.027 GC heap after
Heap after GC invocations=3 (full 1):
 PSYoungGen      total 37888K, used 0K [0x00000000d6700000, 0x00000000d9100000, 0x0000000100000000)
  eden space 32768K, 0% used [0x00000000d6700000,0x00000000d6700000,0x00000000d8700000)
  from space 5120K, 0% used [0x00000000d8c00000,0x00000000d8c00000,0x00000000d9100000)
  to   space 5120K, 0% used [0x00000000d8700000,0x00000000d8700000,0x00000000d8c00000)
 ParOldGen       total 86016K, used 15869K [0x0000000083400000, 0x0000000088800000, 0x00000000d6700000)
  object space 86016K, 18% used [0x0000000083400000,0x000000008437f5b0,0x0000000088800000)
 Metaspace       used 13157K, capacity 13394K, committed 13440K, reserved 1067008K
  class space    used 1569K, capacity 1661K, committed 1664K, reserved 1048576K
}

Deoptimization events (10 events):
Event: 0.641 Thread 0x00000231f6567000 Uncommon trap: reason=unstable_if action=reinterpret pc=0x000002318027649c method=java.lang.CharacterDataLatin1.digit(II)I @ 82
Event: 0.798 Thread 0x00000231f6567000 Uncommon trap: reason=class_check action=maybe_recompile pc=0x000002318033689c method=java.util.regex.Pattern$BmpCharProperty.match(Ljava/util/regex/Matcher;ILjava/lang/CharSequence;)Z @ 31
Event: 0.798 Thread 0x00000231f6567000 Uncommon trap: reason=unstable_if action=reinterpret pc=0x0000023180336838 method=java.util.regex.Pattern$BmpCharProperty.match(Ljava/util/regex/Matcher;ILjava/lang/CharSequence;)Z @ 5
Event: 0.913 Thread 0x00000231f6567000 Uncommon trap: reason=bimorphic action=maybe_recompile pc=0x000002318020f860 method=java.io.BufferedInputStream.read([BII)I @ 101
Event: 0.913 Thread 0x00000231f6567000 Uncommon trap: reason=bimorphic action=maybe_recompile pc=0x000002318020f860 method=java.io.BufferedInputStream.read([BII)I @ 101
Event: 0.913 Thread 0x00000231f6567000 Uncommon trap: reason=bimorphic action=maybe_recompile pc=0x000002318020f860 method=java.io.BufferedInputStream.read([BII)I @ 101
Event: 0.914 Thread 0x00000231f6567000 Uncommon trap: reason=bimorphic action=maybe_recompile pc=0x000002318020f860 method=java.io.BufferedInputStream.read([BII)I @ 101
Event: 0.996 Thread 0x00000231f6567000 Uncommon trap: reason=class_check action=maybe_recompile pc=0x000002318041067c method=java.util.HashSet.iterator()Ljava/util/Iterator; @ 4
Event: 0.997 Thread 0x00000231f6567000 Uncommon trap: reason=class_check action=maybe_recompile pc=0x000002318041067c method=java.util.HashSet.iterator()Ljava/util/Iterator; @ 4
Event: 1.000 Thread 0x00000231f6567000 Uncommon trap: reason=class_check action=maybe_recompile pc=0x000002318041067c method=java.util.HashSet.iterator()Ljava/util/Iterator; @ 4

Classes redefined (0 events):
No events

Internal exceptions (10 events):
Event: 0.075 Thread 0x00000231f6567000 Exception <a 'java/security/PrivilegedActionException'> (0x00000000d68d8238) thrown at [C:\jenkins\workspace\8-2-build-windows-amd64-cygwin\jdk8u271\605\hotspot\src\share\vm\prims\jvm.cpp, line 1512]
Event: 0.075 Thread 0x00000231f6567000 Exception <a 'java/security/PrivilegedActionException'> (0x00000000d68dc148) thrown at [C:\jenkins\workspace\8-2-build-windows-amd64-cygwin\jdk8u271\605\hotspot\src\share\vm\prims\jvm.cpp, line 1512]
Event: 0.075 Thread 0x00000231f6567000 Exception <a 'java/security/PrivilegedActionException'> (0x00000000d68dc358) thrown at [C:\jenkins\workspace\8-2-build-windows-amd64-cygwin\jdk8u271\605\hotspot\src\share\vm\prims\jvm.cpp, line 1512]
Event: 0.077 Thread 0x00000231f6567000 Exception <a 'java/io/FileNotFoundException'> (0x00000000d68de2a8) thrown at [C:\jenkins\workspace\8-2-build-windows-amd64-cygwin\jdk8u271\605\hotspot\src\share\vm\prims\jni.cpp, line 710]
Event: 0.097 Thread 0x00000231f6567000 Exception <a 'java/lang/NoSuchFieldError': method resolution failed> (0x00000000d69afa30) thrown at [C:\jenkins\workspace\8-2-build-windows-amd64-cygwin\jdk8u271\605\hotspot\src\share\vm\prims\methodHandles.cpp, line 1169]
Event: 0.098 Thread 0x00000231f6567000 Exception <a 'java/lang/NoSuchFieldError': method resolution failed> (0x00000000d69bce00) thrown at [C:\jenkins\workspace\8-2-build-windows-amd64-cygwin\jdk8u271\605\hotspot\src\share\vm\prims\methodHandles.cpp, line 1169]
Event: 0.121 Thread 0x00000231f6567000 Exception <a 'java/io/FileNotFoundException'> (0x00000000d6a57060) thrown at [C:\jenkins\workspace\8-2-build-windows-amd64-cygwin\jdk8u271\605\hotspot\src\share\vm\prims\jni.cpp, line 710]
Event: 0.262 Thread 0x000002318f094800 Implicit null exception at 0x00000231801d2440 to 0x00000231801d298d
Event: 0.456 Thread 0x000002318f094800 Exception <a 'sun/awt/image/ImageFormatException': Insufficient memory (case 4)> (0x00000000d82c9b38) thrown at [C:\jenkins\workspace\8-2-build-windows-amd64-cygwin\jdk8u271\605\hotspot\src\share\vm\prims\jni.cpp, line 737]
Event: 0.456 Thread 0x000002318f205000 Exception <a 'sun/awt/image/ImageFormatException': Insufficient memory (case 4)> (0x00000000d8338760) thrown at [C:\jenkins\workspace\8-2-build-windows-amd64-cygwin\jdk8u271\605\hotspot\src\share\vm\prims\jni.cpp, line 737]

Events (10 events):
Event: 1.033 loading class com/sun/crypto/provider/TlsMasterSecretGenerator done
Event: 1.033 loading class javax/crypto/KeyGeneratorSpi
Event: 1.033 loading class javax/crypto/KeyGeneratorSpi done
Event: 1.033 loading class java/security/DigestException
Event: 1.034 loading class java/security/DigestException done
Event: 1.034 loading class sun/security/ssl/ClientAuthType
Event: 1.034 loading class sun/security/ssl/ClientAuthType done
Event: 1.034 loading class sun/security/ssl/SSLConfiguration$CustomizedClientSignatureSchemes
Event: 1.034 loading class sun/security/ssl/SSLConfiguration$CustomizedClientSignatureSchemes done
Event: 1.034 loading class sun/security/ssl/SSLSessionImpl


Dynamic libraries:
0x00007ff6fcf50000 - 0x00007ff6fcf97000 	C:\Program Files\Java\jdk1.8.0_271\bin\java.exe
0x00007ffebf480000 - 0x00007ffebf670000 	C:\Windows\SYSTEM32\ntdll.dll
0x00007ffebf000000 - 0x00007ffebf0b2000 	C:\Windows\System32\KERNEL32.DLL
0x00007ffebcfa0000 - 0x00007ffebd245000 	C:\Windows\System32\KERNELBASE.dll
0x00007ffebf0c0000 - 0x00007ffebf163000 	C:\Windows\System32\ADVAPI32.dll
0x00007ffebf3a0000 - 0x00007ffebf43e000 	C:\Windows\System32\msvcrt.dll
0x00007ffebd760000 - 0x00007ffebd7f7000 	C:\Windows\System32\sechost.dll
0x00007ffebe340000 - 0x00007ffebe460000 	C:\Windows\System32\RPCRT4.dll
0x00007ffebed30000 - 0x00007ffebeec4000 	C:\Windows\System32\USER32.dll
0x00007ffebc670000 - 0x00007ffebc691000 	C:\Windows\System32\win32u.dll
0x00007ffebddb0000 - 0x00007ffebddd6000 	C:\Windows\System32\GDI32.dll
0x00007ffebd280000 - 0x00007ffebd416000 	C:\Windows\System32\gdi32full.dll
0x00007ffebc5d0000 - 0x00007ffebc66e000 	C:\Windows\System32\msvcp_win.dll
0x00007ffebc3f0000 - 0x00007ffebc4ea000 	C:\Windows\System32\ucrtbase.dll
0x00007ffea7ac0000 - 0x00007ffea7d44000 	C:\Windows\WinSxS\amd64_microsoft.windows.common-controls_6595b64144ccf1df_6.0.18362.1256_none_9e7e379be45e40e2\COMCTL32.dll
0x00007ffebdea0000 - 0x00007ffebe1d6000 	C:\Windows\System32\combase.dll
0x00007ffebc4f0000 - 0x00007ffebc571000 	C:\Windows\System32\bcryptPrimitives.dll
0x00007ffebd8b0000 - 0x00007ffebd8de000 	C:\Windows\System32\IMM32.DLL
0x00007ffeb3770000 - 0x00007ffeb3785000 	C:\Program Files\Java\jdk1.8.0_271\jre\bin\vcruntime140.dll
0x00007ffea4130000 - 0x00007ffea41cb000 	C:\Program Files\Java\jdk1.8.0_271\jre\bin\msvcp140.dll
0x00000000511f0000 - 0x0000000051a5f000 	C:\Program Files\Java\jdk1.8.0_271\jre\bin\server\jvm.dll
0x00007ffebe1e0000 - 0x00007ffebe1e8000 	C:\Windows\System32\PSAPI.DLL
0x00007ffeb2b90000 - 0x00007ffeb2b9a000 	C:\Windows\SYSTEM32\VERSION.dll
0x00007ffeb4340000 - 0x00007ffeb4349000 	C:\Windows\SYSTEM32\WSOCK32.dll
0x00007ffeb3de0000 - 0x00007ffeb3e04000 	C:\Windows\SYSTEM32\WINMM.dll
0x00007ffebeb50000 - 0x00007ffebebbf000 	C:\Windows\System32\WS2_32.dll
0x00007ffeb3db0000 - 0x00007ffeb3ddd000 	C:\Windows\SYSTEM32\winmmbase.dll
0x00007ffebc580000 - 0x00007ffebc5ca000 	C:\Windows\System32\cfgmgr32.dll
0x00007ffebc360000 - 0x00007ffebc371000 	C:\Windows\System32\kernel.appcore.dll
0x00007ffeb3e50000 - 0x00007ffeb3e60000 	C:\Program Files\Java\jdk1.8.0_271\jre\bin\verify.dll
0x00007ffeb1f40000 - 0x00007ffeb1f6b000 	C:\Program Files\Java\jdk1.8.0_271\jre\bin\java.dll
0x00007ffeb1f80000 - 0x00007ffeb1f98000 	C:\Program Files\Java\jdk1.8.0_271\jre\bin\zip.dll
0x00007ffebe460000 - 0x00007ffebeb47000 	C:\Windows\System32\SHELL32.dll
0x00007ffebdde0000 - 0x00007ffebde89000 	C:\Windows\System32\shcore.dll
0x00007ffebc810000 - 0x00007ffebcf91000 	C:\Windows\System32\windows.storage.dll
0x00007ffebc330000 - 0x00007ffebc353000 	C:\Windows\System32\profapi.dll
0x00007ffebc3a0000 - 0x00007ffebc3ea000 	C:\Windows\System32\powrprof.dll
0x00007ffebc320000 - 0x00007ffebc330000 	C:\Windows\System32\UMPDC.dll
0x00007ffebeed0000 - 0x00007ffebef22000 	C:\Windows\System32\shlwapi.dll
0x00007ffebc7f0000 - 0x00007ffebc807000 	C:\Windows\System32\cryptsp.dll
0x00007ffe7a610000 - 0x00007ffe7a7a4000 	C:\Program Files\Java\jdk1.8.0_271\jre\bin\awt.dll
0x00007ffebef30000 - 0x00007ffebeff5000 	C:\Windows\System32\OLEAUT32.dll
0x00007ffeb6f80000 - 0x00007ffeb700f000 	C:\Windows\SYSTEM32\apphelp.dll
0x00007ffeba600000 - 0x00007ffeba62d000 	C:\Windows\system32\DWMAPI.DLL
0x00007ffeb70c0000 - 0x00007ffeb7159000 	C:\Windows\system32\uxtheme.dll
0x00007ffe9c750000 - 0x00007ffe9c8a6000 	C:\Windows\system32\opengl32.dll
0x00007ffea6700000 - 0x00007ffea672c000 	C:\Windows\SYSTEM32\GLU32.dll
0x00007ffebaf60000 - 0x00007ffebaf80000 	C:\Windows\SYSTEM32\dxcore.dll
0x00007ffebf170000 - 0x00007ffebf2a5000 	C:\Windows\System32\MSCTF.dll
0x00007ffe7f0d0000 - 0x00007ffe7f1cb000 	C:\ProgramData\A-Volute\A-Volute.SonicStudio3\Modules\ScheduledModules\x64\A-Volute.SonicStudio3DevProps2.dll
0x00007ffebebd0000 - 0x00007ffebed27000 	C:\Windows\System32\ole32.dll
0x00007ffeaeb00000 - 0x00007ffeaeb32000 	C:\Program Files\Java\jdk1.8.0_271\jre\bin\jpeg.dll
0x00007ffeb1320000 - 0x00007ffeb133c000 	C:\Program Files\Java\jdk1.8.0_271\jre\bin\net.dll
0x00007ffebbb70000 - 0x00007ffebbbd7000 	C:\Windows\system32\mswsock.dll
0x00007ffebb8c0000 - 0x00007ffebb98b000 	C:\Windows\SYSTEM32\DNSAPI.dll
0x0000023191200000 - 0x0000023191208000 	C:\Windows\System32\NSI.dll
0x00007ffebb880000 - 0x00007ffebb8ba000 	C:\Windows\SYSTEM32\IPHLPAPI.DLL
0x00007ffeb3da0000 - 0x00007ffeb3daa000 	C:\Windows\System32\rasadhlp.dll
0x00007ffeb1dc0000 - 0x00007ffeb1e37000 	C:\Windows\System32\fwpuclnt.dll
0x00007ffebd250000 - 0x00007ffebd276000 	C:\Windows\System32\bcrypt.dll
0x00007ffebb6e0000 - 0x00007ffebb713000 	C:\Windows\system32\rsaenh.dll
0x00007ffebc200000 - 0x00007ffebc225000 	C:\Windows\SYSTEM32\USERENV.dll
0x00007ffebbd40000 - 0x00007ffebbd4c000 	C:\Windows\SYSTEM32\CRYPTBASE.dll
0x00007ffeb1fa0000 - 0x00007ffeb1fb6000 	C:\Windows\SYSTEM32\dhcpcsvc6.DLL
0x00007ffeb2ba0000 - 0x00007ffeb2bbc000 	C:\Windows\SYSTEM32\dhcpcsvc.DLL
0x00007ffeb06c0000 - 0x00007ffeb06d3000 	C:\Program Files\Java\jdk1.8.0_271\jre\bin\nio.dll
0x00007ffea9450000 - 0x00007ffea9474000 	C:\Program Files\Java\jdk1.8.0_271\jre\bin\sunec.dll
0x00007ffebaa90000 - 0x00007ffebac84000 	C:\Windows\SYSTEM32\dbghelp.dll

VM Arguments:
jvm_args: -Dfile.encoding=UTF-8 
java_command: liabrarymanagementsystem.Librarian1
java_class_path (initial): C:\Users\ASUS\OneDrive\Documents\NetBeansProjects\LiabraryManagementSystem\src\jar\sqljdbc4.jar;C:\Users\ASUS\OneDrive\Documents\NetBeansProjects\LiabraryManagementSystem\src\jar\jcalendar-tz-1.3.3-4.jar;C:\Users\ASUS\OneDrive\Documents\NetBeansProjects\LiabraryManagementSystem\src\jar\rs2xml.jar;C:\Users\ASUS\OneDrive\Documents\NetBeansProjects\LiabraryManagementSystem\src\jar\mysql-connector-java-5.1.49-bin.jar;C:\Users\ASUS\OneDrive\Documents\NetBeansProjects\LiabraryManagementSystem\src\jar\mysql-connector-java-5.1.49.jar;C:\Users\ASUS\OneDrive\Documents\NetBeansProjects\LiabraryManagementSystem\build\classes
Launcher Type: SUN_STANDARD

Environment Variables:
PATH=C:\Program Files (x86)\Common Files\Oracle\Java\javapath;C:\Windows\system32;C:\Windows;C:\Windows\System32\Wbem;C:\Windows\System32\WindowsPowerShell\v1.0\;C:\Windows\System32\OpenSSH\;C:\Program Files (x86)\NVIDIA Corporation\PhysX\Common;C:\Program Files\NVIDIA Corporation\NVIDIA NvDLISR;C:\Program Files (x86)\Microsoft SQL Server\100\Tools\Binn\VSShell\Common7\IDE\;C:\Program Files (x86)\Microsoft SQL Server\100\Tools\Binn\;C:\Program Files\Microsoft SQL Server\100\Tools\Binn\;C:\Program Files (x86)\Microsoft SQL Server\100\DTS\Binn\;C:\Program Files\Microsoft SQL Server\100\DTS\Binn\;%PIXIEHOME%\bin;C:\Users\ASUS\AppData\Local\Microsoft\WindowsApps;
USERNAME=ASUS
OS=Windows_NT
PROCESSOR_IDENTIFIER=Intel64 Family 6 Model 165 Stepping 2, GenuineIntel



---------------  S Y S T E M  ---------------

OS: Windows 10.0 , 64 bit Build 18362 (10.0.18362.1110)

CPU:total 8 (initial active 8) (4 cores per cpu, 2 threads per core) family 6 model 165 stepping 2, cmov, cx8, fxsr, mmx, sse, sse2, sse3, ssse3, sse4.1, sse4.2, popcnt, avx, avx2, aes, clmul, erms, 3dnowpref, lzcnt, ht, tsc, tscinvbit, bmi1, bmi2, adx

Memory: 4k page, physical 8170680k(827308k free), swap 27951584k(236k free)

vm_info: Java HotSpot(TM) 64-Bit Server VM (25.271-b09) for windows-amd64 JRE (1.8.0_271-b09), built on Sep 16 2020 19:14:59 by "" with MS VC++ 15.9 (VS2017)

time: Wed Jan  6 08:19:42 2021
timezone: Bangladesh Standard Time
elapsed time: 1.050701 seconds (0d 0h 0m 1s)

