#
# There is insufficient memory for the Java Runtime Environment to continue.
# Native memory allocation (malloc) failed to allocate 32744 bytes for ChunkPool::allocate
# Possible reasons:
#   The system is out of physical RAM or swap space
#   The process is running with CompressedOops enabled, and the Java Heap may be blocking the growth of the native heap
# Possible solutions:
#   Reduce memory load on the system
#   Increase physical memory or swap space
#   Check if swap backing store is full
#   Decrease Java heap size (-Xmx/-Xms)
#   Decrease number of Java threads
#   Decrease Java thread stack sizes (-Xss)
#   Set larger code cache with -XX:ReservedCodeCacheSize=
#   JVM is running with Unscaled Compressed Oops mode in which the Java heap is
#     placed in the first 4GB address space. The Java Heap base address is the
#     maximum limit for the native heap growth. Please use -XX:HeapBaseMinAddress
#     to set the Java Heap base and to place the Java Heap above 4GB virtual address.
# This output file may be truncated or incomplete.
#
#  Out of Memory Error (allocation.cpp:272), pid=16296, tid=0x0000000000002040
#
# JRE version: Java(TM) SE Runtime Environment (8.0_271-b09) (build 1.8.0_271-b09)
# Java VM: Java HotSpot(TM) 64-Bit Server VM (25.271-b09 mixed mode windows-amd64 compressed oops)
# Failed to write core dump. Minidumps are not enabled by default on client versions of Windows
#

---------------  T H R E A D  ---------------

Current thread (0x000001dcf3e86000):  JavaThread "C2 CompilerThread1" daemon [_thread_in_native, id=8256, stack(0x00000021f6000000,0x00000021f6100000)]

Stack: [0x00000021f6000000,0x00000021f6100000]
Native frames: (J=compiled Java code, j=interpreted, Vv=VM code, C=native code)
V  [jvm.dll+0x33f6c9]


Current CompileTask:
C2: 763170 1166       4       java.util.Arrays::binarySearch0 (95 bytes)


---------------  P R O C E S S  ---------------

Java Threads: ( => current thread )
  0x000001dcf79a5000 JavaThread "TimerQueue" daemon [_thread_blocked, id=23336, stack(0x00000021f6d00000,0x00000021f6e00000)]
  0x000001dcdd344800 JavaThread "DestroyJavaVM" [_thread_blocked, id=19364, stack(0x00000021f5100000,0x00000021f5200000)]
  0x000001dcf5966800 JavaThread "AWT-EventQueue-0" [_thread_blocked, id=23340, stack(0x00000021f6900000,0x00000021f6a00000)]
  0x000001dcf561e000 JavaThread "AWT-Windows" daemon [_thread_in_native, id=22564, stack(0x00000021f6700000,0x00000021f6800000)]
  0x000001dcf5618800 JavaThread "AWT-Shutdown" [_thread_blocked, id=692, stack(0x00000021f6600000,0x00000021f6700000)]
  0x000001dcf5613000 JavaThread "Java2D Disposer" daemon [_thread_blocked, id=12524, stack(0x00000021f6500000,0x00000021f6600000)]
  0x000001dcf5238800 JavaThread "Service Thread" daemon [_thread_blocked, id=11520, stack(0x00000021f6300000,0x00000021f6400000)]
  0x000001dcf3e93800 JavaThread "C1 CompilerThread3" daemon [_thread_blocked, id=2448, stack(0x00000021f6200000,0x00000021f6300000)]
  0x000001dcf3e87800 JavaThread "C2 CompilerThread2" daemon [_thread_blocked, id=19052, stack(0x00000021f6100000,0x00000021f6200000)]
=>0x000001dcf3e86000 JavaThread "C2 CompilerThread1" daemon [_thread_in_native, id=8256, stack(0x00000021f6000000,0x00000021f6100000)]
  0x000001dcf3e84800 JavaThread "C2 CompilerThread0" daemon [_thread_blocked, id=24752, stack(0x00000021f5f00000,0x00000021f6000000)]
  0x000001dcf3e83000 JavaThread "Attach Listener" daemon [_thread_blocked, id=26892, stack(0x00000021f5e00000,0x00000021f5f00000)]
  0x000001dcf3e82000 JavaThread "Signal Dispatcher" daemon [_thread_blocked, id=8168, stack(0x00000021f5d00000,0x00000021f5e00000)]
  0x000001dcf324c800 JavaThread "Finalizer" daemon [_thread_blocked, id=15140, stack(0x00000021f5c00000,0x00000021f5d00000)]
  0x000001dcf3e5a000 JavaThread "Reference Handler" daemon [_thread_blocked, id=16996, stack(0x00000021f5b00000,0x00000021f5c00000)]

Other Threads:
  0x000001dcf3e33800 VMThread [stack: 0x00000021f5a00000,0x00000021f5b00000] [id=22084]
  0x000001dcf3f0c800 WatcherThread [stack: 0x00000021f6400000,0x00000021f6500000] [id=15316]

VM state:not at safepoint (normal execution)

VM Mutex/Monitor currently owned by a thread: None

heap address: 0x0000000083400000, size: 1996 MB, Compressed Oops mode: 32-bit
Narrow klass base: 0x0000000000000000, Narrow klass shift: 3
Compressed class space size: 1073741824 Address: 0x0000000100000000

Heap:
 PSYoungGen      total 37888K, used 9011K [0x00000000d6700000, 0x00000000d9100000, 0x0000000100000000)
  eden space 32768K, 11% used [0x00000000d6700000,0x00000000d6ad4a30,0x00000000d8700000)
  from space 5120K, 99% used [0x00000000d8c00000,0x00000000d90f8218,0x00000000d9100000)
  to   space 5120K, 0% used [0x00000000d8700000,0x00000000d8700000,0x00000000d8c00000)
 ParOldGen       total 86016K, used 41628K [0x0000000083400000, 0x0000000088800000, 0x00000000d6700000)
  object space 86016K, 48% used [0x0000000083400000,0x0000000085ca72e0,0x0000000088800000)
 Metaspace       used 12810K, capacity 13030K, committed 13312K, reserved 1060864K
  class space    used 1674K, capacity 1749K, committed 1792K, reserved 1048576K

Card table byte_map: [0x000001dcee070000,0x000001dcee460000] byte_map_base: 0x000001dcedc56000

Marking Bits: (ParMarkBitMap*) 0x0000000055bd7fe0
 Begin Bits: [0x000001dcee700000, 0x000001dcf0630000)
 End Bits:   [0x000001dcf0630000, 0x000001dcf2560000)

Polling page: 0x000001dcdd2f0000

CodeCache: size=245760Kb used=4308Kb max_used=4308Kb free=241451Kb
 bounds [0x000001dcdecb0000, 0x000001dcdf0f0000, 0x000001dcedcb0000]
 total_blobs=1646 nmethods=1165 adapters=393
 compilation: enabled

Compilation events (10 events):
Event: 758.243 Thread 0x000001dcf3e93800 nmethod 1159 0x000001dcdf0e4e10 code [0x000001dcdf0e4f80, 0x000001dcdf0e5178]
Event: 762.464 Thread 0x000001dcf3e93800 1161       3       jdk.internal.org.objectweb.asm.MethodWriter::visitAnnotation (82 bytes)
Event: 762.465 Thread 0x000001dcf3e93800 nmethod 1161 0x000001dcdf0e5290 code [0x000001dcdf0e5460, 0x000001dcdf0e5b40]
Event: 762.465 Thread 0x000001dcf3e93800 1162       3       java.lang.Class::getReflectionFactory (26 bytes)
Event: 762.465 Thread 0x000001dcf3e93800 nmethod 1162 0x000001dcdf0e5e90 code [0x000001dcdf0e6020, 0x000001dcdf0e63f0]
Event: 762.465 Thread 0x000001dcf3e93800 1163       3       sun.reflect.ReflectionFactory::langReflectAccess (15 bytes)
Event: 762.465 Thread 0x000001dcf3e93800 nmethod 1163 0x000001dcdf0e6510 code [0x000001dcdf0e6680, 0x000001dcdf0e6898]
Event: 762.466 Thread 0x000001dcf3e93800 1164       3       java.util.Arrays::equals (78 bytes)
Event: 762.466 Thread 0x000001dcf3e93800 nmethod 1164 0x000001dcdf0e6950 code [0x000001dcdf0e6ae0, 0x000001dcdf0e6fd0]
Event: 763.163 Thread 0x000001dcf3e86000 1166       4       java.util.Arrays::binarySearch0 (95 bytes)

GC Heap History (4 events):
Event: 0.283 GC heap before
{Heap before GC invocations=1 (full 0):
 PSYoungGen      total 37888K, used 32768K [0x00000000d6700000, 0x00000000d9100000, 0x0000000100000000)
  eden space 32768K, 100% used [0x00000000d6700000,0x00000000d8700000,0x00000000d8700000)
  from space 5120K, 0% used [0x00000000d8c00000,0x00000000d8c00000,0x00000000d9100000)
  to   space 5120K, 0% used [0x00000000d8700000,0x00000000d8700000,0x00000000d8c00000)
 ParOldGen       total 86016K, used 40727K [0x0000000083400000, 0x0000000088800000, 0x00000000d6700000)
  object space 86016K, 47% used [0x0000000083400000,0x0000000085bc5f10,0x0000000088800000)
 Metaspace       used 7233K, capacity 7418K, committed 7680K, reserved 1056768K
  class space    used 847K, capacity 935K, committed 1024K, reserved 1048576K
Event: 0.284 GC heap after
Heap after GC invocations=1 (full 0):
 PSYoungGen      total 37888K, used 1248K [0x00000000d6700000, 0x00000000d9100000, 0x0000000100000000)
  eden space 32768K, 0% used [0x00000000d6700000,0x00000000d6700000,0x00000000d8700000)
  from space 5120K, 24% used [0x00000000d8700000,0x00000000d8838000,0x00000000d8c00000)
  to   space 5120K, 0% used [0x00000000d8c00000,0x00000000d8c00000,0x00000000d9100000)
 ParOldGen       total 86016K, used 40735K [0x0000000083400000, 0x0000000088800000, 0x00000000d6700000)
  object space 86016K, 47% used [0x0000000083400000,0x0000000085bc7f10,0x0000000088800000)
 Metaspace       used 7233K, capacity 7418K, committed 7680K, reserved 1056768K
  class space    used 847K, capacity 935K, committed 1024K, reserved 1048576K
}
Event: 0.999 GC heap before
{Heap before GC invocations=2 (full 0):
 PSYoungGen      total 37888K, used 34016K [0x00000000d6700000, 0x00000000d9100000, 0x0000000100000000)
  eden space 32768K, 100% used [0x00000000d6700000,0x00000000d8700000,0x00000000d8700000)
  from space 5120K, 24% used [0x00000000d8700000,0x00000000d8838000,0x00000000d8c00000)
  to   space 5120K, 0% used [0x00000000d8c00000,0x00000000d8c00000,0x00000000d9100000)
 ParOldGen       total 86016K, used 40735K [0x0000000083400000, 0x0000000088800000, 0x00000000d6700000)
  object space 86016K, 47% used [0x0000000083400000,0x0000000085bc7f10,0x0000000088800000)
 Metaspace       used 12193K, capacity 12364K, committed 12544K, reserved 1060864K
  class space    used 1608K, capacity 1678K, committed 1792K, reserved 1048576K
Event: 1.005 GC heap after
Heap after GC invocations=2 (full 0):
 PSYoungGen      total 37888K, used 5088K [0x00000000d6700000, 0x00000000d9100000, 0x0000000100000000)
  eden space 32768K, 0% used [0x00000000d6700000,0x00000000d6700000,0x00000000d8700000)
  from space 5120K, 99% used [0x00000000d8c00000,0x00000000d90f8218,0x00000000d9100000)
  to   space 5120K, 0% used [0x00000000d8700000,0x00000000d8700000,0x00000000d8c00000)
 ParOldGen       total 86016K, used 41628K [0x0000000083400000, 0x0000000088800000, 0x00000000d6700000)
  object space 86016K, 48% used [0x0000000083400000,0x0000000085ca72e0,0x0000000088800000)
 Metaspace       used 12193K, capacity 12364K, committed 12544K, reserved 1060864K
  class space    used 1608K, capacity 1678K, committed 1792K, reserved 1048576K
}

Deoptimization events (6 events):
Event: 0.860 Thread 0x000001dcf5966800 Uncommon trap: reason=class_check action=maybe_recompile pc=0x000001dcdee22f14 method=java.lang.String.equals(Ljava/lang/Object;)Z @ 8
Event: 0.860 Thread 0x000001dcf5966800 Uncommon trap: reason=class_check action=maybe_recompile pc=0x000001dcdee22f14 method=java.lang.String.equals(Ljava/lang/Object;)Z @ 8
Event: 0.860 Thread 0x000001dcf5966800 Uncommon trap: reason=class_check action=maybe_recompile pc=0x000001dcdee22f14 method=java.lang.String.equals(Ljava/lang/Object;)Z @ 8
Event: 0.860 Thread 0x000001dcf5966800 Uncommon trap: reason=class_check action=maybe_recompile pc=0x000001dcdee22f14 method=java.lang.String.equals(Ljava/lang/Object;)Z @ 8
Event: 0.956 Thread 0x000001dcf5966800 Uncommon trap: reason=unstable_if action=reinterpret pc=0x000001dcdef49ac0 method=java.lang.CharacterData.of(I)Ljava/lang/CharacterData; @ 4
Event: 0.964 Thread 0x000001dcf5966800 Uncommon trap: reason=unstable_if action=reinterpret pc=0x000001dcdefe22f0 method=java.lang.Character.isSurrogate(C)Z @ 3

Classes redefined (0 events):
No events

Internal exceptions (10 events):
Event: 0.022 Thread 0x000001dcdd344800 Exception <a 'java/lang/NoSuchMethodError': Method sun.misc.Unsafe.defineClass(Ljava/lang/String;[BII)Ljava/lang/Class; name or signature does not match> (0x00000000d6707cc0) thrown at [C:\jenkins\workspace\8-2-build-windows-amd64-cygwin\jdk8u271\605\hots
Event: 0.022 Thread 0x000001dcdd344800 Exception <a 'java/lang/NoSuchMethodError': Method sun.misc.Unsafe.prefetchRead(Ljava/lang/Object;J)V name or signature does not match> (0x00000000d6707fa8) thrown at [C:\jenkins\workspace\8-2-build-windows-amd64-cygwin\jdk8u271\605\hotspot\src\share\vm\p
Event: 0.068 Thread 0x000001dcdd344800 Exception <a 'java/security/PrivilegedActionException'> (0x00000000d6861990) thrown at [C:\jenkins\workspace\8-2-build-windows-amd64-cygwin\jdk8u271\605\hotspot\src\share\vm\prims\jvm.cpp, line 1512]
Event: 0.068 Thread 0x000001dcdd344800 Exception <a 'java/security/PrivilegedActionException'> (0x00000000d6861ba0) thrown at [C:\jenkins\workspace\8-2-build-windows-amd64-cygwin\jdk8u271\605\hotspot\src\share\vm\prims\jvm.cpp, line 1512]
Event: 0.068 Thread 0x000001dcdd344800 Exception <a 'java/security/PrivilegedActionException'> (0x00000000d6865ab0) thrown at [C:\jenkins\workspace\8-2-build-windows-amd64-cygwin\jdk8u271\605\hotspot\src\share\vm\prims\jvm.cpp, line 1512]
Event: 0.068 Thread 0x000001dcdd344800 Exception <a 'java/security/PrivilegedActionException'> (0x00000000d6865cc0) thrown at [C:\jenkins\workspace\8-2-build-windows-amd64-cygwin\jdk8u271\605\hotspot\src\share\vm\prims\jvm.cpp, line 1512]
Event: 0.071 Thread 0x000001dcdd344800 Exception <a 'java/io/FileNotFoundException'> (0x00000000d6867c10) thrown at [C:\jenkins\workspace\8-2-build-windows-amd64-cygwin\jdk8u271\605\hotspot\src\share\vm\prims\jni.cpp, line 710]
Event: 0.091 Thread 0x000001dcdd344800 Exception <a 'java/lang/NoSuchFieldError': method resolution failed> (0x00000000d6939398) thrown at [C:\jenkins\workspace\8-2-build-windows-amd64-cygwin\jdk8u271\605\hotspot\src\share\vm\prims\methodHandles.cpp, line 1169]
Event: 0.092 Thread 0x000001dcdd344800 Exception <a 'java/lang/NoSuchFieldError': method resolution failed> (0x00000000d6946768) thrown at [C:\jenkins\workspace\8-2-build-windows-amd64-cygwin\jdk8u271\605\hotspot\src\share\vm\prims\methodHandles.cpp, line 1169]
Event: 0.116 Thread 0x000001dcdd344800 Exception <a 'java/io/FileNotFoundException'> (0x00000000d69e0d18) thrown at [C:\jenkins\workspace\8-2-build-windows-amd64-cygwin\jdk8u271\605\hotspot\src\share\vm\prims\jni.cpp, line 710]

Events (10 events):
Event: 4.991 loading class javax/swing/text/DefaultCaret$1 done
Event: 4.991 loading class javax/swing/RepaintManager$3
Event: 4.991 loading class javax/swing/RepaintManager$3 done
Event: 5.763 Thread 0x000001dcf5895800 Thread exited: 0x000001dcf5895800
Event: 762.465 loading class java/util/WeakHashMap$KeyIterator
Event: 762.466 loading class java/util/WeakHashMap$HashIterator
Event: 762.466 loading class java/util/WeakHashMap$HashIterator done
Event: 762.466 loading class java/util/WeakHashMap$KeyIterator done
Event: 762.467 loading class javax/swing/RepaintManager$DisplayChangedRunnable
Event: 762.467 loading class javax/swing/RepaintManager$DisplayChangedRunnable done


Dynamic libraries:
0x00007ff7b0c90000 - 0x00007ff7b0cd7000 	C:\Program Files\Java\jdk1.8.0_271\bin\java.exe
0x00007ff935a40000 - 0x00007ff935c30000 	C:\Windows\SYSTEM32\ntdll.dll
0x00007ff9346e0000 - 0x00007ff934792000 	C:\Windows\System32\KERNEL32.DLL
0x00007ff933760000 - 0x00007ff933a05000 	C:\Windows\System32\KERNELBASE.dll
0x00007ff934630000 - 0x00007ff9346d3000 	C:\Windows\System32\ADVAPI32.dll
0x00007ff934490000 - 0x00007ff93452e000 	C:\Windows\System32\msvcrt.dll
0x00007ff933f40000 - 0x00007ff933fd7000 	C:\Windows\System32\sechost.dll
0x00007ff935620000 - 0x00007ff935740000 	C:\Windows\System32\RPCRT4.dll
0x00007ff935370000 - 0x00007ff935504000 	C:\Windows\System32\USER32.dll
0x00007ff932c60000 - 0x00007ff932c81000 	C:\Windows\System32\win32u.dll
0x00007ff933af0000 - 0x00007ff933b16000 	C:\Windows\System32\GDI32.dll
0x00007ff932ce0000 - 0x00007ff932e76000 	C:\Windows\System32\gdi32full.dll
0x00007ff9336c0000 - 0x00007ff93375e000 	C:\Windows\System32\msvcp_win.dll
0x00007ff932b00000 - 0x00007ff932bfa000 	C:\Windows\System32\ucrtbase.dll
0x00007ff91e6b0000 - 0x00007ff91e934000 	C:\Windows\WinSxS\amd64_microsoft.windows.common-controls_6595b64144ccf1df_6.0.18362.1256_none_9e7e379be45e40e2\COMCTL32.dll
0x00007ff933bf0000 - 0x00007ff933f26000 	C:\Windows\System32\combase.dll
0x00007ff932ea0000 - 0x00007ff932f21000 	C:\Windows\System32\bcryptPrimitives.dll
0x00007ff933b40000 - 0x00007ff933b6e000 	C:\Windows\System32\IMM32.DLL
0x00007ff922ef0000 - 0x00007ff922f05000 	C:\Program Files\Java\jdk1.8.0_271\jre\bin\vcruntime140.dll
0x00007ff8fb1d0000 - 0x00007ff8fb26b000 	C:\Program Files\Java\jdk1.8.0_271\jre\bin\msvcp140.dll
0x00000000553e0000 - 0x0000000055c4f000 	C:\Program Files\Java\jdk1.8.0_271\jre\bin\server\jvm.dll
0x00007ff9343b0000 - 0x00007ff9343b8000 	C:\Windows\System32\PSAPI.DLL
0x00007ff9285b0000 - 0x00007ff9285ba000 	C:\Windows\SYSTEM32\VERSION.dll
0x00007ff92b5a0000 - 0x00007ff92b5c4000 	C:\Windows\SYSTEM32\WINMM.dll
0x00007ff9231e0000 - 0x00007ff9231e9000 	C:\Windows\SYSTEM32\WSOCK32.dll
0x00007ff935300000 - 0x00007ff93536f000 	C:\Windows\System32\WS2_32.dll
0x00007ff92b570000 - 0x00007ff92b59d000 	C:\Windows\SYSTEM32\winmmbase.dll
0x00007ff932c90000 - 0x00007ff932cda000 	C:\Windows\System32\cfgmgr32.dll
0x00007ff9328f0000 - 0x00007ff932901000 	C:\Windows\System32\kernel.appcore.dll
0x00007ff922ee0000 - 0x00007ff922ef0000 	C:\Program Files\Java\jdk1.8.0_271\jre\bin\verify.dll
0x00007ff922820000 - 0x00007ff92284b000 	C:\Program Files\Java\jdk1.8.0_271\jre\bin\java.dll
0x00007ff922ac0000 - 0x00007ff922ad8000 	C:\Program Files\Java\jdk1.8.0_271\jre\bin\zip.dll
0x00007ff934c10000 - 0x00007ff9352f7000 	C:\Windows\System32\SHELL32.dll
0x00007ff935570000 - 0x00007ff935619000 	C:\Windows\System32\shcore.dll
0x00007ff932f30000 - 0x00007ff9336b1000 	C:\Windows\System32\windows.storage.dll
0x00007ff932980000 - 0x00007ff9329a3000 	C:\Windows\System32\profapi.dll
0x00007ff932910000 - 0x00007ff93295a000 	C:\Windows\System32\powrprof.dll
0x00007ff9328e0000 - 0x00007ff9328f0000 	C:\Windows\System32\UMPDC.dll
0x00007ff935510000 - 0x00007ff935562000 	C:\Windows\System32\shlwapi.dll
0x00007ff932e80000 - 0x00007ff932e97000 	C:\Windows\System32\cryptsp.dll
0x00007ff8f1680000 - 0x00007ff8f1814000 	C:\Program Files\Java\jdk1.8.0_271\jre\bin\awt.dll
0x00007ff9343c0000 - 0x00007ff934485000 	C:\Windows\System32\OLEAUT32.dll
0x00007ff92d550000 - 0x00007ff92d5df000 	C:\Windows\SYSTEM32\apphelp.dll
0x00007ff930bc0000 - 0x00007ff930bed000 	C:\Windows\system32\DWMAPI.DLL
0x00007ff92d710000 - 0x00007ff92d7a9000 	C:\Windows\system32\uxtheme.dll
0x00007ff90abc0000 - 0x00007ff90ad16000 	C:\Windows\system32\opengl32.dll
0x00007ff91ed00000 - 0x00007ff91ed2c000 	C:\Windows\SYSTEM32\GLU32.dll
0x00007ff931520000 - 0x00007ff931540000 	C:\Windows\SYSTEM32\dxcore.dll
0x00007ff934110000 - 0x00007ff934245000 	C:\Windows\System32\MSCTF.dll
0x00007ff8f2cb0000 - 0x00007ff8f2dab000 	C:\ProgramData\A-Volute\A-Volute.SonicStudio3\Modules\ScheduledModules\x64\A-Volute.SonicStudio3DevProps2.dll
0x00007ff934250000 - 0x00007ff9343a7000 	C:\Windows\System32\ole32.dll
0x00007ff913540000 - 0x00007ff913572000 	C:\Program Files\Java\jdk1.8.0_271\jre\bin\jpeg.dll
0x00007ff91efd0000 - 0x00007ff91f019000 	C:\Program Files\Java\jdk1.8.0_271\jre\bin\fontmanager.dll
0x00007ff922280000 - 0x00007ff92229c000 	C:\Program Files\Java\jdk1.8.0_271\jre\bin\net.dll
0x00007ff932130000 - 0x00007ff932197000 	C:\Windows\system32\mswsock.dll
0x00007ff922110000 - 0x00007ff922123000 	C:\Program Files\Java\jdk1.8.0_271\jre\bin\nio.dll
0x00007ff91a860000 - 0x00007ff91a8a3000 	C:\Program Files\Java\jdk1.8.0_271\jre\bin\t2k.dll
0x00007ff935740000 - 0x00007ff9357e2000 	C:\Windows\System32\clbcatq.dll
0x00007ff929f70000 - 0x00007ff92a11f000 	C:\Windows\SYSTEM32\WindowsCodecs.dll
0x00007ff91a9b0000 - 0x00007ff91a9ea000 	C:\Windows\system32\dataexchange.dll
0x00007ff92c720000 - 0x00007ff92c97b000 	C:\Windows\system32\d3d11.dll
0x00007ff92cde0000 - 0x00007ff92cfbd000 	C:\Windows\system32\dcomp.dll
0x00007ff9315b0000 - 0x00007ff93169b000 	C:\Windows\system32\dxgi.dll
0x00007ff930930000 - 0x00007ff930b92000 	C:\Windows\system32\twinapi.appcore.dll
0x00007ff930e50000 - 0x00007ff930e79000 	C:\Windows\system32\RMCLIENT.dll
0x00007ff922e40000 - 0x00007ff922ede000 	C:\Windows\System32\TextInputFramework.dll
0x00007ff92a120000 - 0x00007ff92a44a000 	C:\Windows\System32\CoreUIComponents.dll
0x00007ff92d330000 - 0x00007ff92d404000 	C:\Windows\System32\CoreMessaging.dll
0x00007ff92af40000 - 0x00007ff92b093000 	C:\Windows\SYSTEM32\wintypes.dll
0x00007ff931a30000 - 0x00007ff931a61000 	C:\Windows\SYSTEM32\ntmarta.dll
0x00007ff921730000 - 0x00007ff9219d7000 	C:\Windows\System32\iertutil.dll

VM Arguments:
jvm_args: -Dfile.encoding=UTF-8 
java_command: liabrarymanagementsystem.DeleteAuthor
java_class_path (initial): C:\Users\ASUS\OneDrive\Documents\NetBeansProjects\LiabraryManagementSystem\src\jar\sqljdbc4.jar;C:\Users\ASUS\OneDrive\Documents\NetBeansProjects\LiabraryManagementSystem\src\jar\jcalendar-tz-1.3.3-4.jar;C:\Users\ASUS\OneDrive\Documents\NetBeansProjects\LiabraryManagementSystem\src\jar\rs2xml.jar;C:\Users\ASUS\OneDrive\Documents\NetBeansProjects\LiabraryManagementSystem\src\jar\mysql-connector-java-5.1.49-bin.jar;C:\Users\ASUS\OneDrive\Documents\NetBeansProjects\LiabraryManagementSystem\src\jar\mysql-connector-java-5.1.49.jar;C:\Users\ASUS\OneDrive\Documents\NetBeansProjects\LiabraryManagementSystem\build\classes
Launcher Type: SUN_STANDARD

Environment Variables:
PATH=C:\Program Files (x86)\Common Files\Oracle\Java\javapath;C:\Windows\system32;C:\Windows;C:\Windows\System32\Wbem;C:\Windows\System32\WindowsPowerShell\v1.0\;C:\Windows\System32\OpenSSH\;C:\Program Files (x86)\NVIDIA Corporation\PhysX\Common;C:\Program Files\NVIDIA Corporation\NVIDIA NvDLISR;C:\Program Files (x86)\Microsoft SQL Server\100\Tools\Binn\VSShell\Common7\IDE\;C:\Program Files (x86)\Microsoft SQL Server\100\Tools\Binn\;C:\Program Files\Microsoft SQL Server\100\Tools\Binn\;C:\Program Files (x86)\Microsoft SQL Server\100\DTS\Binn\;C:\Program Files\Microsoft SQL Server\100\DTS\Binn\;%PIXIEHOME%\bin;C:\Users\ASUS\AppData\Local\Microsoft\WindowsApps;
USERNAME=ASUS
OS=Windows_NT
PROCESSOR_IDENTIFIER=Intel64 Family 6 Model 165 Stepping 2, GenuineIntel



---------------  S Y S T E M  ---------------

OS: Windows 10.0 , 64 bit Build 18362 (10.0.18362.1110)

CPU:total 8 (initial active 8) (4 cores per cpu, 2 threads per core) family 6 model 165 stepping 2, cmov, cx8, fxsr, mmx, sse, sse2, sse3, ssse3, sse4.1, sse4.2, popcnt, avx, avx2, aes, clmul, erms, 3dnowpref, lzcnt, ht, tsc, tscinvbit, bmi1, bmi2, adx

Memory: 4k page, physical 8170680k(551236k free), swap 27951584k(0k free)

vm_info: Java HotSpot(TM) 64-Bit Server VM (25.271-b09) for windows-amd64 JRE (1.8.0_271-b09), built on Sep 16 2020 19:14:59 by "" with MS VC++ 15.9 (VS2017)

time: Tue Dec 29 20:15:44 2020
timezone: Bangladesh Standard Time
elapsed time: 763.175270 seconds (0d 0h 12m 43s)

